/host/pandarus/local_raid/seles/colin27/mri
/export01/local/freesurfer//bin/talairach_avi
--i orig_nu.mgz --xfm transforms/talairach.auto.xfm
$Id: talairach_avi,v 1.9 2011/03/02 18:38:06 nicks Exp $
Linux gypsy 4.4.19-i686-64-smp #1 SMP Wed Aug 31 17:29:59 EDT 2016 x86_64 x86_64 x86_64 GNU/Linux
Thu Sep  7 12:48:01 EDT 2017
mri_convert orig_nu.mgz talsrcimg.img 
$Id: mri_convert.c,v 1.179.2.7 2012/09/05 21:55:16 mreuter Exp $
reading from orig_nu.mgz...
TR=0.00, TE=0.00, TI=0.00, flip angle=0.00
i_ras = (-1, 0, 0)
j_ras = (0, 0, -1)
k_ras = (0, 1, 0)
writing to talsrcimg.img...
Analyze Output Matrix
-1.000   0.000   0.000   129.500;
 0.000   0.000   1.000  -146.500;
 0.000  -1.000   0.000   147.500;
 0.000   0.000   0.000   1.000;
--------------------
INFO: set hdr.hist.orient to -1
mpr2mni305 talsrcimg
Thu Sep  7 12:48:04 EDT 2017
/export01/local/freesurfer//bin/mpr2mni305 talsrcimg
$Id: mpr2mni305,v 1.4 2009/06/03 16:01:38 nicks Exp $
target=711-2C_as_mni_average_305

---------------------------------------------------------------------
analyzeto4dfp talsrcimg -O0 -y
---------------------------------------------------------------------

$Id: ifh2hdr.c,v 1.3 2007/05/05 10:45:03 nicks Exp $
Thu Sep  7 12:48:11 2017
Writing: talsrcimg.4dfp.hdr
$Id: analyzeto4dfp.c,v 1.2 2007/05/05 00:00:06 nicks Exp $
Reading: talsrcimg.hdr
header size 348 bytes
hdr.dime.datatype	offset=70	value=2
hdr.dime.bitpix		offset=72	value=8
hdr.hist.orient		offset=252	value=-1
dimensionality     4
dimensions       256       256       256         1
Reading: talsrcimg.img
Writing: talsrcimg.4dfp.img
Writing: talsrcimg.4dfp.ifh
ifh2hdr talsrcimg -r0to255
ori=2

---------------------------------------------------------------------
gauss_4dfp talsrcimg 1.1
---------------------------------------------------------------------

$Id: gauss_4dfp.c,v 1.3 2009/05/15 21:43:46 nicks Exp $
Reading: talsrcimg.4dfp.img
Writing: talsrcimg_g11.4dfp.img
image dimensions 256 256 256 padded to 288 288 288
processing volume 1$Id: ifh2hdr.c,v 1.3 2007/05/05 10:45:03 nicks Exp $
Thu Sep  7 12:48:27 2017
Writing: talsrcimg_g11.4dfp.hdr

Writing: talsrcimg_g11.4dfp.ifh
including: talsrcimg.4dfp.img.rec in talsrcimg_g11.4dfp.img.rec

---------------------------------------------------------------------
imgreg_4dfp /export01/local/freesurfer//average/711-2C_as_mni_average_305 none talsrcimg_g11 none talsrcimg_to_711-2C_as_mni_average_305_t4 4355
---------------------------------------------------------------------

$Id: imgreg_4dfp.c,v 1.4 2010/02/27 01:41:53 nicks Exp $
/export01/local/freesurfer//average/711-2C_as_mni_average_305.4dfp.img
       256       256       256         1
  1.000000  1.000000  1.000000
orientation T byte_order littleendian
Reading image: /export01/local/freesurfer//average/711-2C_as_mni_average_305.4dfp.img
dimensions:      256       256       256
mmppix:       1.0000   -1.0000   -1.0000
center:     128.0000 -129.0000 -129.0000
talsrcimg_g11.4dfp.img
       256       256       256         1
  1.000000  1.000000  1.000000
orientation T byte_order littleendian
Reading image: talsrcimg_g11.4dfp.img
dimensions:      256       256       256
mmppix:       1.0000   -1.0000   -1.0000
center:     128.0000 -129.0000 -129.0000
t4_read: talsrcimg_to_711-2C_as_mni_average_305_t4 read error
t4_read: transform initialized to I4
rotation matrix determinant  1.000000
image alignment mode   4355 decimal     1103 hex
   -7.5000  -45.0000  -45.0000 8584.6553    7.5518
    0.0000  -45.0000  -45.0000 8928.7168    7.5578
    7.5000  -45.0000  -45.0000 8518.3789    7.5576
   -7.5000  -37.5000  -45.0000 8872.2998    7.5282
    0.0000  -37.5000  -45.0000 9227.5234    7.5349
    7.5000  -37.5000  -45.0000 8809.2109    7.5355
   -7.5000  -30.0000  -45.0000 9556.3438    7.5440
    0.0000  -30.0000  -45.0000 9928.3193    7.5511
    7.5000  -30.0000  -45.0000 9499.6357    7.5509
   -7.5000  -22.5000  -45.000010328.6396    7.5102
    0.0000  -22.5000  -45.000010716.9375    7.5175
    7.5000  -22.5000  -45.000010260.2080    7.5157
   -7.5000  -15.0000  -45.000011110.0625    7.4658
    0.0000  -15.0000  -45.000011531.8389    7.4731
    7.5000  -15.0000  -45.000011020.0859    7.4707
   -7.5000   -7.5000  -45.000011644.1660    7.4533
    0.0000   -7.5000  -45.000012081.9092    7.4601
    7.5000   -7.5000  -45.000011558.4922    7.4588
   -7.5000    0.0000  -45.000011762.1221    7.4818
    0.0000    0.0000  -45.000012215.4248    7.4883
    7.5000    0.0000  -45.000011689.9492    7.4883
   -7.5000    7.5000  -45.000010989.0586    7.5282
    0.0000    7.5000  -45.000011421.0957    7.5349
    7.5000    7.5000  -45.000010907.0586    7.5355
   -7.5000   15.0000  -45.000010148.9971    7.5440
    0.0000   15.0000  -45.000010549.6494    7.5511
    7.5000   15.0000  -45.000010058.8955    7.5509
   -7.5000   22.5000  -45.0000 9342.5693    7.5091
    0.0000   22.5000  -45.0000 9721.0576    7.5164
    7.5000   22.5000  -45.0000 9243.2393    7.5147
   -7.5000   30.0000  -45.0000 8532.3281    7.3664
    0.0000   30.0000  -45.0000 8885.1709    7.3735
    7.5000   30.0000  -45.0000 8427.7939    7.3712
   -7.5000   37.5000  -45.0000 8086.3872    7.3540
    0.0000   37.5000  -45.0000 8423.5830    7.3607
    7.5000   37.5000  -45.0000 7994.7617    7.3594
   -7.5000   45.0000  -45.0000 7484.2578    7.4636
    0.0000   45.0000  -45.0000 7786.0439    7.4698
    7.5000   45.0000  -45.0000 7407.3252    7.4697
   -7.5000  -45.0000  -37.5000 9196.9482    7.4237
    0.0000  -45.0000  -37.5000 9559.4121    7.4290
    7.5000  -45.0000  -37.5000 9128.7471    7.4291
   -7.5000  -37.5000  -37.5000 9497.1885    7.4017
    0.0000  -37.5000  -37.5000 9866.7109    7.4081
    7.5000  -37.5000  -37.5000 9426.9648    7.4096
   -7.5000  -30.0000  -37.500010203.1426    7.4171
    0.0000  -30.0000  -37.500010597.6758    7.4236
    7.5000  -30.0000  -37.500010136.5752    7.4249
   -7.5000  -22.5000  -37.500010997.6299    7.3845
    0.0000  -22.5000  -37.500011413.8467    7.3905
    7.5000  -22.5000  -37.500010912.8359    7.3901
   -7.5000  -15.0000  -37.500011815.5000    7.3417
    0.0000  -15.0000  -37.500012260.1396    7.3472
    7.5000  -15.0000  -37.500011719.5850    7.3457
   -7.5000   -7.5000  -37.500012361.2314    7.3294
    0.0000   -7.5000  -37.500012826.5596    7.3347
    7.5000   -7.5000  -37.500012277.7363    7.3337
   -7.5000    0.0000  -37.500012505.9648    7.3568
    0.0000    0.0000  -37.500012987.1104    7.3625
    7.5000    0.0000  -37.500012424.1875    7.3628
   -7.5000    7.5000  -37.500011663.9453    7.4017
    0.0000    7.5000  -37.500012105.3271    7.4081
    7.5000    7.5000  -37.500011579.7021    7.4096
   -7.5000   15.0000  -37.500010760.1357    7.4171
    0.0000   15.0000  -37.500011159.4629    7.4236
    7.5000   15.0000  -37.500010668.9082    7.4249
   -7.5000   22.5000  -37.5000 9903.3086    7.3834
    0.0000   22.5000  -37.500010287.0137    7.3895
    7.5000   22.5000  -37.5000 9800.7100    7.3891
   -7.5000   30.0000  -37.5000 9034.2715    7.2439
    0.0000   30.0000  -37.5000 9393.8330    7.2493
    7.5000   30.0000  -37.5000 8934.4658    7.2478
   -7.5000   37.5000  -37.5000 8542.9160    7.2318
    0.0000   37.5000  -37.5000 8892.4551    7.2370
    7.5000   37.5000  -37.5000 8450.2646    7.2360
   -7.5000   45.0000  -37.5000 7882.8774    7.3401
    0.0000   45.0000  -37.5000 8216.9961    7.3459
    7.5000   45.0000  -37.5000 7818.6660    7.3464
   -7.5000  -45.0000  -30.0000 9987.6328    7.6214
    0.0000  -45.0000  -30.000010388.6631    7.6269
    7.5000  -45.0000  -30.0000 9923.8359    7.6263
   -7.5000  -37.5000  -30.000010320.7715    7.6039
    0.0000  -37.5000  -30.000010729.3291    7.6103
    7.5000  -37.5000  -30.000010256.4346    7.6115
   -7.5000  -30.0000  -30.000011096.2510    7.6195
    0.0000  -30.0000  -30.000011521.4814    7.6255
    7.5000  -30.0000  -30.000011024.8457    7.6273
   -7.5000  -22.5000  -30.000011922.5645    7.5831
    0.0000  -22.5000  -30.000012348.6924    7.5883
    7.5000  -22.5000  -30.000011835.2949    7.5892
   -7.5000  -15.0000  -30.000012806.7881    7.5370
    0.0000  -15.0000  -30.000013250.4082    7.5417
    7.5000  -15.0000  -30.000012709.8271    7.5412
   -7.5000   -7.5000  -30.000013366.3887    7.5249
    0.0000   -7.5000  -30.000013847.7129    7.5299
    7.5000   -7.5000  -30.000013281.6729    7.5290
   -7.5000    0.0000  -30.000013521.9297    7.5555
    0.0000    0.0000  -30.000014029.8809    7.5613
    7.5000    0.0000  -30.000013434.7842    7.5611
   -7.5000    7.5000  -30.000012594.6328    7.6039
    0.0000    7.5000  -30.000013046.9189    7.6103
    7.5000    7.5000  -30.000012497.3828    7.6115
   -7.5000   15.0000  -30.000011625.0332    7.6195
    0.0000   15.0000  -30.000012017.1211    7.6255
    7.5000   15.0000  -30.000011514.5918    7.6273
   -7.5000   22.5000  -30.000010684.4893    7.5813
    0.0000   22.5000  -30.000011067.8730    7.5865
    7.5000   22.5000  -30.000010581.0908    7.5873
   -7.5000   30.0000  -30.0000 9729.9014    7.4373
    0.0000   30.0000  -30.000010094.8008    7.4419
    7.5000   30.0000  -30.0000 9622.3730    7.4415
   -7.5000   37.5000  -30.0000 9173.5947    7.4254
    0.0000   37.5000  -30.0000 9530.2461    7.4303
    7.5000   37.5000  -30.0000 9072.2480    7.4294
   -7.5000   45.0000  -30.0000 8421.6104    7.5456
    0.0000   45.0000  -30.0000 8777.1670    7.5519
    7.5000   45.0000  -30.0000 8356.1514    7.5518
   -7.5000  -45.0000  -22.500010822.2393    7.7872
    0.0000  -45.0000  -22.500011243.2080    7.7937
    7.5000  -45.0000  -22.500010748.5186    7.7931
   -7.5000  -37.5000  -22.500011188.5654    7.7736
    0.0000  -37.5000  -22.500011624.3848    7.7803
    7.5000  -37.5000  -22.500011118.4824    7.7809
   -7.5000  -30.0000  -22.500012023.2080    7.7891
    0.0000  -30.0000  -22.500012484.7793    7.7951
    7.5000  -30.0000  -22.500011946.6865    7.7964
   -7.5000  -22.5000  -22.500012900.7959    7.7490
    0.0000  -22.5000  -22.500013364.0791    7.7546
    7.5000  -22.5000  -22.500012813.1582    7.7555
   -7.5000  -15.0000  -22.500013859.1084    7.6996
    0.0000  -15.0000  -22.500014323.1904    7.7053
    7.5000  -15.0000  -22.500013766.5352    7.7053
   -7.5000   -7.5000  -22.500014423.4824    7.6878
    0.0000   -7.5000  -22.500014922.5264    7.6941
    7.5000   -7.5000  -22.500014340.7715    7.6935
   -7.5000    0.0000  -22.500014590.8516    7.7217
    0.0000    0.0000  -22.500015101.1738    7.7285
    7.5000    0.0000  -22.500014497.4375    7.7281
   -7.5000    7.5000  -22.500013588.4297    7.7736
    0.0000    7.5000  -22.500014034.1025    7.7803
    7.5000    7.5000  -22.500013485.0850    7.7809
   -7.5000   15.0000  -22.500012537.7412    7.7891
    0.0000   15.0000  -22.500012930.7227    7.7951
    7.5000   15.0000  -22.500012438.3633    7.7964
   -7.5000   22.5000  -22.500011506.0850    7.7466
    0.0000   22.5000  -22.500011883.5498    7.7522
    7.5000   22.5000  -22.500011416.8965    7.7531
   -7.5000   30.0000  -22.500010435.9727    7.5989
    0.0000   30.0000  -22.500010805.4385    7.6045
    7.5000   30.0000  -22.500010343.4668    7.6045
   -7.5000   37.5000  -22.5000 9826.8252    7.5872
    0.0000   37.5000  -22.500010189.2734    7.5934
    7.5000   37.5000  -22.5000 9729.1826    7.5929
   -7.5000   45.0000  -22.5000 9011.8242    7.7182
    0.0000   45.0000  -22.5000 9366.5869    7.7257
    7.5000   45.0000  -22.5000 8942.2275    7.7250
   -7.5000  -45.0000  -15.000011746.0518    7.9686
    0.0000  -45.0000  -15.000012205.9482    7.9758
    7.5000  -45.0000  -15.000011652.2861    7.9751
   -7.5000  -37.5000  -15.000012142.0879    7.9546
    0.0000  -37.5000  -15.000012606.2520    7.9613
    7.5000  -37.5000  -15.000012047.5938    7.9613
   -7.5000  -30.0000  -15.000013043.7588    7.9706
    0.0000  -30.0000  -15.000013533.8096    7.9767
    7.5000  -30.0000  -15.000012953.2871    7.9768
   -7.5000  -22.5000  -15.000014001.2090    7.9292
    0.0000  -22.5000  -15.000014508.1348    7.9355
    7.5000  -22.5000  -15.000013896.4658    7.9352
   -7.5000  -15.0000  -15.000015017.8213    7.8780
    0.0000  -15.0000  -15.000015554.4160    7.8851
    7.5000  -15.0000  -15.000014937.2256    7.8845
   -7.5000   -7.5000  -15.000015564.8320    7.8658
    0.0000   -7.5000  -15.000016124.7490    7.8734
    7.5000   -7.5000  -15.000015485.1064    7.8727
   -7.5000    0.0000  -15.000015740.3672    7.9009
    0.0000    0.0000  -15.000016288.7979    7.9083
    7.5000    0.0000  -15.000015656.3848    7.9079
   -7.5000    7.5000  -15.000014679.4121    7.9546
    0.0000    7.5000  -15.000015140.7510    7.9613
    7.5000    7.5000  -15.000014604.8164    7.9613
   -7.5000   15.0000  -15.000013501.8457    7.9706
    0.0000   15.0000  -15.000013918.8379    7.9767
    7.5000   15.0000  -15.000013428.7676    7.9768
   -7.5000   22.5000  -15.000012343.9043    7.9263
    0.0000   22.5000  -15.000012735.0859    7.9327
    7.5000   22.5000  -15.000012277.9082    7.9324
   -7.5000   30.0000  -15.000011194.8623    7.7761
    0.0000   30.0000  -15.000011567.1191    7.7831
    7.5000   30.0000  -15.000011116.1875    7.7824
   -7.5000   37.5000  -15.000010534.4990    7.7640
    0.0000   37.5000  -15.000010894.9463    7.7715
    7.5000   37.5000  -15.000010438.5898    7.7708
   -7.5000   45.0000  -15.0000 9669.6650    7.9025
    0.0000   45.0000  -15.000010016.8115    7.9105
    7.5000   45.0000  -15.0000 9581.5439    7.9092
   -7.5000  -45.0000   -7.500012763.2578    8.0649
    0.0000  -45.0000   -7.500013271.2432    8.0715
    7.5000  -45.0000   -7.500012645.3145    8.0708
   -7.5000  -37.5000   -7.500013199.8916    8.0467
    0.0000  -37.5000   -7.500013712.7754    8.0532
    7.5000  -37.5000   -7.500013087.0742    8.0530
   -7.5000  -30.0000   -7.500014168.3135    8.0638
    0.0000  -30.0000   -7.500014715.3877    8.0702
    7.5000  -30.0000   -7.500014055.1309    8.0693
   -7.5000  -22.5000   -7.500015211.4688    8.0246
    0.0000  -22.5000   -7.500015801.5400    8.0316
    7.5000  -22.5000   -7.500015107.8574    8.0297
   -7.5000  -15.0000   -7.500016327.8477    7.9747
    0.0000  -15.0000   -7.500016977.5547    7.9824
    7.5000  -15.0000   -7.500016227.1074    7.9802
   -7.5000   -7.5000   -7.500016884.0410    7.9614
    0.0000   -7.5000   -7.500017529.3125    7.9690
    7.5000   -7.5000   -7.500016757.5195    7.9676
   -7.5000    0.0000   -7.500017026.8223    7.9942
    0.0000    0.0000   -7.500017632.3379    8.0012
    7.5000    0.0000   -7.500016918.2793    8.0007
   -7.5000    7.5000   -7.500015868.8359    8.0467
    0.0000    7.5000   -7.500016419.8926    8.0532
    7.5000    7.5000   -7.500015789.7803    8.0530
   -7.5000   15.0000   -7.500014587.9541    8.0638
    0.0000   15.0000   -7.500015047.9131    8.0702
    7.5000   15.0000   -7.500014521.8984    8.0693
   -7.5000   22.5000   -7.500013310.6777    8.0209
    0.0000   22.5000   -7.500013711.6250    8.0279
    7.5000   22.5000   -7.500013229.2725    8.0259
   -7.5000   30.0000   -7.500012032.1543    7.8713
    0.0000   30.0000   -7.500012405.0088    7.8789
    7.5000   30.0000   -7.500011950.9561    7.8767
   -7.5000   37.5000   -7.500011312.3350    7.8582
    0.0000   37.5000   -7.500011694.0654    7.8657
    7.5000   37.5000   -7.500011214.9434    7.8643
   -7.5000   45.0000   -7.500010402.3701    7.9975
    0.0000   45.0000   -7.500010792.3535    8.0048
    7.5000   45.0000   -7.500010312.9688    8.0036
   -7.5000  -45.0000    0.000013710.8408    8.0878
    0.0000  -45.0000    0.000014304.1582    8.0935
    7.5000  -45.0000    0.000013560.9531    8.0928
   -7.5000  -37.5000    0.000014200.7559    8.0659
    0.0000  -37.5000    0.000014804.0566    8.0723
    7.5000  -37.5000    0.000014039.7031    8.0725
   -7.5000  -30.0000    0.000015247.1240    8.0838
    0.0000  -30.0000    0.000015902.2432    8.0906
    7.5000  -30.0000    0.000015102.7246    8.0900
   -7.5000  -22.5000    0.000016432.5410    8.0479
    0.0000  -22.5000    0.000017173.3125    8.0549
    7.5000  -22.5000    0.000016327.3438    8.0525
   -7.5000  -15.0000    0.000017735.0137    8.0002
    0.0000  -15.0000    0.000018550.6699    8.0072
    7.5000  -15.0000    0.000017574.2227    8.0041
   -7.5000   -7.5000    0.000018297.8145    7.9858
    0.0000   -7.5000    0.000019050.3828    7.9924
    7.5000   -7.5000    0.000018056.7129    7.9903
   -7.5000    0.0000    0.000018364.0156    8.0155
    0.0000    0.0000    0.000019064.1465    8.0217
    7.5000    0.0000    0.000018162.0293    8.0213
   -7.5000    7.5000    0.000017081.4727    8.0659
    0.0000    7.5000    0.000017705.9785    8.0723
    7.5000    7.5000    0.000016947.9609    8.0725
   -7.5000   15.0000    0.000015680.7910    8.0838
    0.0000   15.0000    0.000016198.9844    8.0906
    7.5000   15.0000    0.000015571.6582    8.0900
   -7.5000   22.5000    0.000014256.0449    8.0442
    0.0000   22.5000    0.000014716.6816    8.0512
    7.5000   22.5000    0.000014153.0928    8.0487
   -7.5000   30.0000    0.000012865.6201    7.8967
    0.0000   30.0000    0.000013271.9570    7.9035
    7.5000   30.0000    0.000012759.7051    7.9005
   -7.5000   37.5000    0.000012073.5928    7.8825
    0.0000   37.5000    0.000012474.7207    7.8890
    7.5000   37.5000    0.000011964.1318    7.8870
   -7.5000   45.0000    0.000011094.3857    8.0193
    0.0000   45.0000    0.000011513.3916    8.0257
    7.5000   45.0000    0.000011002.8477    8.0250
   -7.5000  -45.0000    7.500013619.1484    8.0923
    0.0000  -45.0000    7.500014314.9600    8.0978
    7.5000  -45.0000    7.500013432.9775    8.0970
   -7.5000  -37.5000    7.500014129.2471    8.0709
    0.0000  -37.5000    7.500014866.8174    8.0776
    7.5000  -37.5000    7.500013924.2695    8.0784
   -7.5000  -30.0000    7.500015219.9219    8.0885
    0.0000  -30.0000    7.500016010.0410    8.0954
    7.5000  -30.0000    7.500015038.0742    8.0960
   -7.5000  -22.5000    7.500016550.3867    8.0527
    0.0000  -22.5000    7.500017491.5059    8.0590
    7.5000  -22.5000    7.500016386.5508    8.0580
   -7.5000  -15.0000    7.500017938.0527    8.0054
    0.0000  -15.0000    7.500019002.3770    8.0111
    7.5000  -15.0000    7.500017675.6445    8.0088
   -7.5000   -7.5000    7.500018331.3594    7.9913
    0.0000   -7.5000    7.500019259.9922    7.9968
    7.5000   -7.5000    7.500018018.9492    7.9949
   -7.5000    0.0000    7.500018269.4668    8.0210
    0.0000    0.0000    7.500019031.0000    8.0269
    7.5000    0.0000    7.500018015.3262    8.0264
   -7.5000    7.5000    7.500016951.8438    8.0709
    0.0000    7.5000    7.500017602.1172    8.0776
    7.5000    7.5000    7.500016749.7168    8.0784
   -7.5000   15.0000    7.500015515.5312    8.0885
    0.0000   15.0000    7.500016105.7363    8.0954
    7.5000   15.0000    7.500015363.5488    8.0960
   -7.5000   22.5000    7.500014070.8408    8.0490
    0.0000   22.5000    7.500014605.1055    8.0553
    7.5000   22.5000    7.500013962.9805    8.0542
   -7.5000   30.0000    7.500012694.8789    7.9018
    0.0000   30.0000    7.500013157.5107    7.9075
    7.5000   30.0000    7.500012585.2744    7.9052
   -7.5000   37.5000    7.500011892.8613    7.8879
    0.0000   37.5000    7.500012337.6162    7.8933
    7.5000   37.5000    7.500011788.4551    7.8915
   -7.5000   45.0000    7.500010927.5430    8.0245
    0.0000   45.0000    7.500011344.2979    8.0307
    7.5000   45.0000    7.500010828.7129    8.0304
   -7.5000  -45.0000   15.000013343.1191    8.0902
    0.0000  -45.0000   15.000014053.2168    8.0962
    7.5000  -45.0000   15.000013154.1387    8.0954
   -7.5000  -37.5000   15.000013839.7842    8.0726
    0.0000  -37.5000   15.000014580.8379    8.0796
    7.5000  -37.5000   15.000013658.6797    8.0806
   -7.5000  -30.0000   15.000014979.4854    8.0892
    0.0000  -30.0000   15.000015794.3115    8.0958
    7.5000  -30.0000   15.000014813.2598    8.0975
   -7.5000  -22.5000   15.000016474.5938    8.0505
    0.0000  -22.5000   15.000017674.9160    8.0563
    7.5000  -22.5000   15.000016196.8652    8.0569
   -7.5000  -15.0000   15.000017868.7617    8.0015
    0.0000  -15.0000   15.000019259.1328    8.0067
    7.5000  -15.0000   15.000017480.2500    8.0059
   -7.5000   -7.5000   15.000017976.1758    7.9886
    0.0000   -7.5000   15.000019109.5918    7.9940
    7.5000   -7.5000   15.000017679.3438    7.9928
   -7.5000    0.0000   15.000017758.2422    8.0210
    0.0000    0.0000   15.000018647.5039    8.0273
    7.5000    0.0000   15.000017537.8711    8.0268
   -7.5000    7.5000   15.000016452.9043    8.0726
    0.0000    7.5000   15.000017190.7598    8.0796
    7.5000    7.5000   15.000016280.0215    8.0806
   -7.5000   15.0000   15.000015084.4434    8.0892
    0.0000   15.0000   15.000015736.2051    8.0958
    7.5000   15.0000   15.000014972.5234    8.0975
   -7.5000   22.5000   15.000013736.2285    8.0468
    0.0000   22.5000   15.000014281.4346    8.0526
    7.5000   22.5000   15.000013647.5342    8.0532
   -7.5000   30.0000   15.000012411.5713    7.8980
    0.0000   30.0000   15.000012868.8936    7.9031
    7.5000   30.0000   15.000012327.7510    7.9023
   -7.5000   37.5000   15.000011609.0527    7.8852
    0.0000   37.5000   15.000012051.0488    7.8906
    7.5000   37.5000   15.000011513.7666    7.8894
   -7.5000   45.0000   15.000010616.3184    8.0242
    0.0000   45.0000   15.000011040.6494    8.0311
    7.5000   45.0000   15.000010550.0674    8.0308
   -7.5000  -45.0000   22.500012870.7070    8.0826
    0.0000  -45.0000   22.500013434.5850    8.0894
    7.5000  -45.0000   22.500012701.5215    8.0887
   -7.5000  -37.5000   22.500013381.4697    8.0685
    0.0000  -37.5000   22.500013974.7305    8.0755
    7.5000  -37.5000   22.500013233.4258    8.0761
   -7.5000  -30.0000   22.500014517.4258    8.0846
    0.0000  -30.0000   22.500015242.4473    8.0908
    7.5000  -30.0000   22.500014341.8008    8.0922
   -7.5000  -22.5000   22.500015927.8154    8.0430
    0.0000  -22.5000   22.500017040.9961    8.0488
    7.5000  -22.5000   22.500015612.2520    8.0497
   -7.5000  -15.0000   22.500017088.6758    7.9917
    0.0000  -15.0000   22.500018328.0000    7.9976
    7.5000  -15.0000   22.500016752.5996    7.9977
   -7.5000   -7.5000   22.500017197.2109    7.9794
    0.0000   -7.5000   22.500018279.6934    7.9860
    7.5000   -7.5000   22.500016978.0312    7.9854
   -7.5000    0.0000   22.500017084.7539    8.0147
    0.0000    0.0000   22.500017998.1250    8.0217
    7.5000    0.0000   22.500016910.7715    8.0213
   -7.5000    7.5000   22.500015836.1768    8.0685
    0.0000    7.5000   22.500016630.8965    8.0755
    7.5000    7.5000   22.500015688.6348    8.0761
   -7.5000   15.0000   22.500014511.7549    8.0846
    0.0000   15.0000   22.500015213.2061    8.0908
    7.5000   15.0000   22.500014416.4004    8.0922
   -7.5000   22.5000   22.500013213.1816    8.0393
    0.0000   22.5000   22.500013781.0654    8.0451
    7.5000   22.5000   22.500013135.0254    8.0460
   -7.5000   30.0000   22.500011934.7031    7.8883
    0.0000   30.0000   22.500012431.3135    7.8941
    7.5000   30.0000   22.500011858.3447    7.8941
   -7.5000   37.5000   22.500011180.1250    7.8762
    0.0000   37.5000   22.500011635.1416    7.8826
    7.5000   37.5000   22.500011083.0801    7.8820
   -7.5000   45.0000   22.500010219.6133    8.0180
    0.0000   45.0000   22.500010620.6357    8.0258
    7.5000   45.0000   22.500010159.3096    8.0250
   -7.5000  -45.0000   30.000012063.2227    8.1043
    0.0000  -45.0000   30.000012589.1182    8.1115
    7.5000  -45.0000   30.000011940.2852    8.1108
   -7.5000  -37.5000   30.000012553.2236    8.0898
    0.0000  -37.5000   30.000013114.2334    8.0966
    7.5000  -37.5000   30.000012434.1162    8.0966
   -7.5000  -30.0000   30.000013600.6064    8.1064
    0.0000  -30.0000   30.000014314.4531    8.1126
    7.5000  -30.0000   30.000013447.9258    8.1126
   -7.5000  -22.5000   30.000014792.2363    8.0644
    0.0000  -22.5000   30.000015696.4648    8.0709
    7.5000  -22.5000   30.000014565.2695    8.0705
   -7.5000  -15.0000   30.000015770.1768    8.0124
    0.0000  -15.0000   30.000016709.9004    8.0196
    7.5000  -15.0000   30.000015568.1299    8.0190
   -7.5000   -7.5000   30.000016002.8340    7.9997
    0.0000   -7.5000   30.000016901.2852    8.0074
    7.5000   -7.5000   30.000015867.1055    8.0067
   -7.5000    0.0000   30.000016084.4385    8.0352
    0.0000    0.0000   30.000016916.0000    8.0427
    7.5000    0.0000   30.000015962.3555    8.0422
   -7.5000    7.5000   30.000014990.2021    8.0898
    0.0000    7.5000   30.000015739.9678    8.0966
    7.5000    7.5000   30.000014884.2158    8.0966
   -7.5000   15.0000   30.000013789.7969    8.1064
    0.0000   15.0000   30.000014449.9990    8.1126
    7.5000   15.0000   30.000013708.2354    8.1126
   -7.5000   22.5000   30.000012558.4590    8.0607
    0.0000   22.5000   30.000013119.0439    8.0672
    7.5000   22.5000   30.000012482.6484    8.0668
   -7.5000   30.0000   30.000011334.7598    7.9087
    0.0000   30.0000   30.000011833.9561    7.9158
    7.5000   30.0000   30.000011259.2734    7.9152
   -7.5000   37.5000   30.000010597.9863    7.8962
    0.0000   37.5000   30.000011062.8164    7.9038
    7.5000   37.5000   30.000010514.6221    7.9031
   -7.5000   45.0000   30.0000 9655.8408    8.0391
    0.0000   45.0000   30.000010078.2783    8.0472
    7.5000   45.0000   30.0000 9594.6816    8.0459
   -7.5000  -45.0000   37.500011756.8086    8.2140
    0.0000  -45.0000   37.500012276.8857    8.2206
    7.5000  -45.0000   37.500011648.8750    8.2198
   -7.5000  -37.5000   37.500012216.9395    8.1950
    0.0000  -37.5000   37.500012778.9688    8.2014
    7.5000  -37.5000   37.500012109.0693    8.2010
   -7.5000  -30.0000   37.500013206.9180    8.2135
    0.0000  -30.0000   37.500013883.8389    8.2199
    7.5000  -30.0000   37.500013079.8037    8.2189
   -7.5000  -22.5000   37.500014283.2988    8.1743
    0.0000  -22.5000   37.500015058.0205    8.1813
    7.5000  -22.5000   37.500014116.6953    8.1793
   -7.5000  -15.0000   37.500015279.5166    8.1232
    0.0000  -15.0000   37.500016050.3008    8.1310
    7.5000  -15.0000   37.500015121.0078    8.1287
   -7.5000   -7.5000   37.500015594.2002    8.1084
    0.0000   -7.5000   37.500016367.0205    8.1160
    7.5000   -7.5000   37.500015464.7725    8.1146
   -7.5000    0.0000   37.500015739.6289    8.1409
    0.0000    0.0000   37.500016499.2891    8.1478
    7.5000    0.0000   37.500015590.3867    8.1472
   -7.5000    7.5000   37.500014708.1455    8.1950
    0.0000    7.5000   37.500015406.3936    8.2014
    7.5000    7.5000   37.500014560.9766    8.2010
   -7.5000   15.0000   37.500013573.3389    8.2135
    0.0000   15.0000   37.500014195.2285    8.2199
    7.5000   15.0000   37.500013439.5879    8.2189
   -7.5000   22.5000   37.500012365.5430    8.1705
    0.0000   22.5000   37.500012912.1123    8.1776
    7.5000   22.5000   37.500012250.3965    8.1755
   -7.5000   30.0000   37.500011164.6182    8.0181
    0.0000   30.0000   37.500011670.2754    8.0258
    7.5000   30.0000   37.500011062.7207    8.0235
   -7.5000   37.5000   37.500010411.4082    8.0035
    0.0000   37.5000   37.500010879.0322    8.0110
    7.5000   37.5000   37.500010326.1533    8.0096
   -7.5000   45.0000   37.5000 9478.5566    8.1468
    0.0000   45.0000   37.5000 9910.8438    8.1541
    7.5000   45.0000   37.5000 9407.3428    8.1527
   -7.5000  -45.0000   45.000010940.1641    8.3046
    0.0000  -45.0000   45.000011438.1533    8.3103
    7.5000  -45.0000   45.000010831.9678    8.3094
   -7.5000  -37.5000   45.000011359.0947    8.2805
    0.0000  -37.5000   45.000011888.6162    8.2871
    7.5000  -37.5000   45.000011247.3477    8.2872
   -7.5000  -30.0000   45.000012236.5098    8.3017
    0.0000  -30.0000   45.000012841.1748    8.3087
    7.5000  -30.0000   45.000012118.8857    8.3079
   -7.5000  -22.5000   45.000013199.7529    8.2668
    0.0000  -22.5000   45.000013843.7559    8.2739
    7.5000  -22.5000   45.000013049.3721    8.2714
   -7.5000  -15.0000   45.000014154.4316    8.2177
    0.0000  -15.0000   45.000014799.6143    8.2248
    7.5000  -15.0000   45.000014001.1523    8.2216
   -7.5000   -7.5000   45.000014483.5605    8.2001
    0.0000   -7.5000   45.000015132.8359    8.2067
    7.5000   -7.5000   45.000014342.6045    8.2046
   -7.5000    0.0000   45.000014644.8438    8.2279
    0.0000    0.0000   45.000015307.9746    8.2341
    7.5000    0.0000   45.000014497.8164    8.2336
   -7.5000    7.5000   45.000013694.6348    8.2805
    0.0000    7.5000   45.000014287.1816    8.2871
    7.5000    7.5000   45.000013549.4609    8.2872
   -7.5000   15.0000   45.000012654.6934    8.3017
    0.0000   15.0000   45.000013192.7744    8.3087
    7.5000   15.0000   45.000012503.7363    8.3079
   -7.5000   22.5000   45.000011535.9121    8.2629
    0.0000   22.5000   45.000012026.6289    8.2701
    7.5000   22.5000   45.000011398.0391    8.2675
   -7.5000   30.0000   45.000010407.9531    8.1107
    0.0000   30.0000   45.000010855.0518    8.1177
    7.5000   30.0000   45.000010304.3193    8.1145
   -7.5000   37.5000   45.0000 9703.6709    8.0933
    0.0000   37.5000   45.000010104.0107    8.0998
    7.5000   37.5000   45.0000 9611.1074    8.0977
   -7.5000   45.0000   45.0000 8848.2109    8.2385
    0.0000   45.0000   45.0000 9219.3535    8.2450
    7.5000   45.0000   45.0000 8762.3525    8.2441

---------------------------------------------------------------------
imgreg_4dfp /export01/local/freesurfer//average/711-2C_as_mni_average_305 /export01/local/freesurfer//average/711-2B_as_mni_average_305_mask talsrcimg_g11 none talsrcimg_to_711-2C_as_mni_average_305_t4 4355
---------------------------------------------------------------------

$Id: imgreg_4dfp.c,v 1.4 2010/02/27 01:41:53 nicks Exp $
/export01/local/freesurfer//average/711-2C_as_mni_average_305.4dfp.img
       256       256       256         1
  1.000000  1.000000  1.000000
orientation T byte_order littleendian
Reading image: /export01/local/freesurfer//average/711-2C_as_mni_average_305.4dfp.img
dimensions:      256       256       256
mmppix:       1.0000   -1.0000   -1.0000
center:     128.0000 -129.0000 -129.0000
/export01/local/freesurfer//average/711-2B_as_mni_average_305_mask.4dfp.img
       256       256       256         1
  1.000000  1.000000  1.000000
orientation T byte_order littleendian
Reading mask: /export01/local/freesurfer//average/711-2B_as_mni_average_305_mask.4dfp.img (2306576 pixels)
talsrcimg_g11.4dfp.img
       256       256       256         1
  1.000000  1.000000  1.000000
orientation T byte_order littleendian
Reading image: talsrcimg_g11.4dfp.img
dimensions:      256       256       256
mmppix:       1.0000   -1.0000   -1.0000
center:     128.0000 -129.0000 -129.0000
rotation matrix determinant  1.000000
image alignment mode   4355 decimal     1103 hex
   -7.5000  -52.5000  -37.5000 2437.2908   10.1163
    0.0000  -52.5000  -37.5000 2444.7803   10.0726
    7.5000  -52.5000  -37.5000 2426.8723   10.1734
   -7.5000  -45.0000  -37.5000 2466.3958    9.7482
    0.0000  -45.0000  -37.5000 2478.3169    9.7003
    7.5000  -45.0000  -37.5000 2456.7305    9.8213
   -7.5000  -37.5000  -37.5000 2479.3972    9.4600
    0.0000  -37.5000  -37.5000 2491.3882    9.4085
    7.5000  -37.5000  -37.5000 2469.2964    9.5191
   -7.5000  -30.0000  -37.5000 2480.9885    9.2309
    0.0000  -30.0000  -37.5000 2490.7363    9.1764
    7.5000  -30.0000  -37.5000 2475.9534    9.2820
   -7.5000  -22.5000  -37.5000 2478.3298    9.1411
    0.0000  -22.5000  -37.5000 2491.2134    9.0985
    7.5000  -22.5000  -37.5000 2472.1619    9.1856
   -7.5000  -15.0000  -37.5000 2464.6099    9.2210
    0.0000  -15.0000  -37.5000 2478.5205    9.1724
    7.5000  -15.0000  -37.5000 2457.4944    9.2748
   -7.5000   -7.5000  -37.5000 2442.0229    9.4343
    0.0000   -7.5000  -37.5000 2452.2654    9.3890
    7.5000   -7.5000  -37.5000 2433.6616    9.4944
   -7.5000    0.0000  -37.5000 2408.9849    9.7392
    0.0000    0.0000  -37.5000 2423.1838    9.7291
    7.5000    0.0000  -37.5000 2400.9963    9.8191
   -7.5000    7.5000  -37.5000 2372.3906   10.2026
    0.0000    7.5000  -37.5000 2381.4961   10.1863
    7.5000    7.5000  -37.5000 2361.9453   10.2741
   -7.5000   15.0000  -37.5000 2317.8923   10.7916
    0.0000   15.0000  -37.5000 2328.5066   10.7948
    7.5000   15.0000  -37.5000 2307.8701   10.8684
   -7.5000   22.5000  -37.5000 2251.2185   11.5098
    0.0000   22.5000  -37.5000 2263.5969   11.5201
    7.5000   22.5000  -37.5000 2238.9258   11.6024
   -7.5000   30.0000  -37.5000 2168.2568   12.4572
    0.0000   30.0000  -37.5000 2180.1265   12.5008
    7.5000   30.0000  -37.5000 2156.6782   12.6051
   -7.5000   37.5000  -37.5000 2077.6401   13.7233
    0.0000   37.5000  -37.5000 2084.6401   13.7336
    7.5000   37.5000  -37.5000 2067.2080   13.8567
   -7.5000  -52.5000  -30.0000 2573.8555    9.6942
    0.0000  -52.5000  -30.0000 2582.9922    9.6593
    7.5000  -52.5000  -30.0000 2564.3035    9.7551
   -7.5000  -45.0000  -30.0000 2606.0659    9.3419
    0.0000  -45.0000  -30.0000 2615.5842    9.3018
    7.5000  -45.0000  -30.0000 2600.8013    9.3951
   -7.5000  -37.5000  -30.0000 2621.8088    9.0497
    0.0000  -37.5000  -30.0000 2631.8503    8.9978
    7.5000  -37.5000  -30.0000 2614.3176    9.0924
   -7.5000  -30.0000  -30.0000 2630.3367    8.7901
    0.0000  -30.0000  -30.0000 2641.1304    8.7432
    7.5000  -30.0000  -30.0000 2624.9192    8.8420
   -7.5000  -22.5000  -30.0000 2626.1672    8.6770
    0.0000  -22.5000  -30.0000 2638.5601    8.6344
    7.5000  -22.5000  -30.0000 2618.6626    8.7428
   -7.5000  -15.0000  -30.0000 2612.1895    8.7299
    0.0000  -15.0000  -30.0000 2622.7815    8.6866
    7.5000  -15.0000  -30.0000 2604.9160    8.8048
   -7.5000   -7.5000  -30.0000 2593.0193    8.9147
    0.0000   -7.5000  -30.0000 2602.7332    8.8584
    7.5000   -7.5000  -30.0000 2583.9688    8.9855
   -7.5000    0.0000  -30.0000 2560.0002    9.2034
    0.0000    0.0000  -30.0000 2577.7942    9.1637
    7.5000    0.0000  -30.0000 2551.3899    9.2785
   -7.5000    7.5000  -30.0000 2521.1443    9.6390
    0.0000    7.5000  -30.0000 2534.2317    9.5972
    7.5000    7.5000  -30.0000 2510.6189    9.7088
   -7.5000   15.0000  -30.0000 2469.0281   10.2023
    0.0000   15.0000  -30.0000 2481.7410   10.1621
    7.5000   15.0000  -30.0000 2457.8586   10.2672
   -7.5000   22.5000  -30.0000 2398.1519   10.8963
    0.0000   22.5000  -30.0000 2412.8918   10.8704
    7.5000   22.5000  -30.0000 2390.3894   10.9828
   -7.5000   30.0000  -30.0000 2311.5730   11.7912
    0.0000   30.0000  -30.0000 2326.3054   11.8162
    7.5000   30.0000  -30.0000 2299.6313   11.9112
   -7.5000   37.5000  -30.0000 2217.6990   12.9576
    0.0000   37.5000  -30.0000 2224.4585   12.9735
    7.5000   37.5000  -30.0000 2205.6226   13.0809
   -7.5000  -52.5000  -22.5000 2672.7505    9.1934
    0.0000  -52.5000  -22.5000 2683.9900    9.1601
    7.5000  -52.5000  -22.5000 2666.0710    9.2528
   -7.5000  -45.0000  -22.5000 2708.9712    8.8584
    0.0000  -45.0000  -22.5000 2715.6533    8.8199
    7.5000  -45.0000  -22.5000 2703.8867    8.9069
   -7.5000  -37.5000  -22.5000 2726.5508    8.5606
    0.0000  -37.5000  -22.5000 2739.1543    8.5121
    7.5000  -37.5000  -22.5000 2725.1138    8.6055
   -7.5000  -30.0000  -22.5000 2743.9231    8.2899
    0.0000  -30.0000  -22.5000 2755.3757    8.2490
    7.5000  -30.0000  -22.5000 2740.6372    8.3381
   -7.5000  -22.5000  -22.5000 2746.0117    8.1744
    0.0000  -22.5000  -22.5000 2755.9104    8.1213
    7.5000  -22.5000  -22.5000 2743.2307    8.2330
   -7.5000  -15.0000  -22.5000 2735.8167    8.2162
    0.0000  -15.0000  -22.5000 2744.0908    8.1573
    7.5000  -15.0000  -22.5000 2728.9075    8.2721
   -7.5000   -7.5000  -22.5000 2720.0647    8.3711
    0.0000   -7.5000  -22.5000 2728.4199    8.3069
    7.5000   -7.5000  -22.5000 2709.3494    8.4257
   -7.5000    0.0000  -22.5000 2691.1228    8.6444
    0.0000    0.0000  -22.5000 2702.5403    8.5861
    7.5000    0.0000  -22.5000 2680.3716    8.6926
   -7.5000    7.5000  -22.5000 2648.9048    9.0576
    0.0000    7.5000  -22.5000 2659.7209    8.9848
    7.5000    7.5000  -22.5000 2638.7537    9.0966
   -7.5000   15.0000  -22.5000 2592.6816    9.5801
    0.0000   15.0000  -22.5000 2604.1709    9.5229
    7.5000   15.0000  -22.5000 2581.1523    9.6255
   -7.5000   22.5000  -22.5000 2521.3108   10.2629
    0.0000   22.5000  -22.5000 2533.4907   10.2091
    7.5000   22.5000  -22.5000 2510.6230   10.3268
   -7.5000   30.0000  -22.5000 2428.2766   11.1036
    0.0000   30.0000  -22.5000 2443.2205   11.0849
    7.5000   30.0000  -22.5000 2416.6650   11.1817
   -7.5000   37.5000  -22.5000 2328.6111   12.1893
    0.0000   37.5000  -22.5000 2341.7759   12.1912
    7.5000   37.5000  -22.5000 2316.9958   12.2580
   -7.5000  -52.5000  -15.0000 2729.3928    8.7359
    0.0000  -52.5000  -15.0000 2742.2119    8.7198
    7.5000  -52.5000  -15.0000 2726.9688    8.7898
   -7.5000  -45.0000  -15.0000 2773.9956    8.3793
    0.0000  -45.0000  -15.0000 2783.3955    8.3498
    7.5000  -45.0000  -15.0000 2771.3594    8.4359
   -7.5000  -37.5000  -15.0000 2799.2800    8.0888
    0.0000  -37.5000  -15.0000 2809.0149    8.0413
    7.5000  -37.5000  -15.0000 2795.5540    8.1389
   -7.5000  -30.0000  -15.0000 2825.0156    7.8323
    0.0000  -30.0000  -15.0000 2835.8193    7.7819
    7.5000  -30.0000  -15.0000 2821.8179    7.8779
   -7.5000  -22.5000  -15.0000 2835.3022    7.7266
    0.0000  -22.5000  -15.0000 2846.2910    7.6604
    7.5000  -22.5000  -15.0000 2833.4294    7.7651
   -7.5000  -15.0000  -15.0000 2830.6299    7.7612
    0.0000  -15.0000  -15.0000 2844.6357    7.6859
    7.5000  -15.0000  -15.0000 2825.0532    7.8063
   -7.5000   -7.5000  -15.0000 2817.4277    7.8791
    0.0000   -7.5000  -15.0000 2830.5483    7.8176
    7.5000   -7.5000  -15.0000 2808.5754    7.9339
   -7.5000    0.0000  -15.0000 2791.7991    8.1313
    0.0000    0.0000  -15.0000 2803.4219    8.0731
    7.5000    0.0000  -15.0000 2780.8909    8.1709
   -7.5000    7.5000  -15.0000 2748.2478    8.5108
    0.0000    7.5000  -15.0000 2758.2480    8.4454
    7.5000    7.5000  -15.0000 2738.9204    8.5554
   -7.5000   15.0000  -15.0000 2686.1626    9.0391
    0.0000   15.0000  -15.0000 2696.8132    8.9615
    7.5000   15.0000  -15.0000 2676.1355    9.0767
   -7.5000   22.5000  -15.0000 2608.7444    9.6799
    0.0000   22.5000  -15.0000 2619.0977    9.6199
    7.5000   22.5000  -15.0000 2601.5068    9.7351
   -7.5000   30.0000  -15.0000 2514.2803   10.4706
    0.0000   30.0000  -15.0000 2527.0435   10.4255
    7.5000   30.0000  -15.0000 2508.4968   10.5535
   -7.5000   37.5000  -15.0000 2409.6182   11.5189
    0.0000   37.5000  -15.0000 2424.0842   11.4576
    7.5000   37.5000  -15.0000 2401.1892   11.5635
   -7.5000  -52.5000   -7.5000 2757.5127    8.3424
    0.0000  -52.5000   -7.5000 2773.2339    8.3224
    7.5000  -52.5000   -7.5000 2759.1917    8.3896
   -7.5000  -45.0000   -7.5000 2813.9114    7.9745
    0.0000  -45.0000   -7.5000 2828.0085    7.9493
    7.5000  -45.0000   -7.5000 2814.9966    8.0361
   -7.5000  -37.5000   -7.5000 2844.6855    7.6786
    0.0000  -37.5000   -7.5000 2855.4714    7.6382
    7.5000  -37.5000   -7.5000 2843.0176    7.7366
   -7.5000  -30.0000   -7.5000 2878.0911    7.4388
    0.0000  -30.0000   -7.5000 2890.8506    7.3707
    7.5000  -30.0000   -7.5000 2874.1438    7.4934
   -7.5000  -22.5000   -7.5000 2899.7495    7.3391
    0.0000  -22.5000   -7.5000 2913.9656    7.2706
    7.5000  -22.5000   -7.5000 2895.3213    7.3877
   -7.5000  -15.0000   -7.5000 2902.9846    7.3693
    0.0000  -15.0000   -7.5000 2923.2983    7.2939
    7.5000  -15.0000   -7.5000 2896.0771    7.4243
   -7.5000   -7.5000   -7.5000 2894.9495    7.4610
    0.0000   -7.5000   -7.5000 2914.6104    7.3974
    7.5000   -7.5000   -7.5000 2882.5889    7.5140
   -7.5000    0.0000   -7.5000 2866.0688    7.6862
    0.0000    0.0000   -7.5000 2880.0059    7.6255
    7.5000    0.0000   -7.5000 2853.2773    7.7440
   -7.5000    7.5000   -7.5000 2821.1482    8.0478
    0.0000    7.5000   -7.5000 2835.2854    7.9832
    7.5000    7.5000   -7.5000 2812.3069    8.0967
   -7.5000   15.0000   -7.5000 2757.6582    8.5427
    0.0000   15.0000   -7.5000 2768.8396    8.4735
    7.5000   15.0000   -7.5000 2749.8093    8.5934
   -7.5000   22.5000   -7.5000 2682.3911    9.1440
    0.0000   22.5000   -7.5000 2693.3521    9.0823
    7.5000   22.5000   -7.5000 2674.6675    9.2114
   -7.5000   30.0000   -7.5000 2582.8586    9.9317
    0.0000   30.0000   -7.5000 2592.8315    9.8681
    7.5000   30.0000   -7.5000 2575.9124   10.0012
   -7.5000   37.5000   -7.5000 2475.1406   10.9176
    0.0000   37.5000   -7.5000 2488.4573   10.8609
    7.5000   37.5000   -7.5000 2465.6245   10.9827
   -7.5000  -52.5000    0.0000 2771.5146    8.0403
    0.0000  -52.5000    0.0000 2788.2908    8.0549
    7.5000  -52.5000    0.0000 2775.1851    8.0917
   -7.5000  -45.0000    0.0000 2832.6997    7.6688
    0.0000  -45.0000    0.0000 2848.3831    7.6725
    7.5000  -45.0000    0.0000 2836.9177    7.7201
   -7.5000  -37.5000    0.0000 2873.0979    7.3800
    0.0000  -37.5000    0.0000 2881.5820    7.3804
    7.5000  -37.5000    0.0000 2871.3633    7.4383
   -7.5000  -30.0000    0.0000 2916.3154    7.1616
    0.0000  -30.0000    0.0000 2928.7290    7.1429
    7.5000  -30.0000    0.0000 2909.9331    7.2183
   -7.5000  -22.5000    0.0000 2947.6716    7.0714
    0.0000  -22.5000    0.0000 2963.4866    7.0374
    7.5000  -22.5000    0.0000 2939.7000    7.1369
   -7.5000  -15.0000    0.0000 2963.6816    7.0971
    0.0000  -15.0000    0.0000 2988.4832    7.0498
    7.5000  -15.0000    0.0000 2951.3904    7.1569
   -7.5000   -7.5000    0.0000 2954.1975    7.1619
    0.0000   -7.5000    0.0000 2978.0391    7.1024
    7.5000   -7.5000    0.0000 2936.2158    7.2129
   -7.5000    0.0000    0.0000 2924.1423    7.3642
    0.0000    0.0000    0.0000 2935.1907    7.3003
    7.5000    0.0000    0.0000 2905.8291    7.4048
   -7.5000    7.5000    0.0000 2875.2439    7.7108
    0.0000    7.5000    0.0000 2889.9387    7.6508
    7.5000    7.5000    0.0000 2868.3721    7.7375
   -7.5000   15.0000    0.0000 2817.0120    8.1652
    0.0000   15.0000    0.0000 2825.0442    8.0929
    7.5000   15.0000    0.0000 2810.5608    8.1924
   -7.5000   22.5000    0.0000 2742.0515    8.7761
    0.0000   22.5000    0.0000 2753.5310    8.6954
    7.5000   22.5000    0.0000 2731.1956    8.8033
   -7.5000   30.0000    0.0000 2639.0378    9.5624
    0.0000   30.0000    0.0000 2647.3745    9.4847
    7.5000   30.0000    0.0000 2627.0637    9.6026
   -7.5000   37.5000    0.0000 2525.2935   10.5087
    0.0000   37.5000    0.0000 2537.0022   10.4259
    7.5000   37.5000    0.0000 2515.2312   10.5625
   -7.5000  -52.5000    7.5000 2779.0486    7.8726
    0.0000  -52.5000    7.5000 2792.9226    7.9346
    7.5000  -52.5000    7.5000 2782.4214    7.9248
   -7.5000  -45.0000    7.5000 2848.9897    7.4912
    0.0000  -45.0000    7.5000 2864.3318    7.5633
    7.5000  -45.0000    7.5000 2850.9604    7.5368
   -7.5000  -37.5000    7.5000 2899.4390    7.2162
    0.0000  -37.5000    7.5000 2917.8572    7.2862
    7.5000  -37.5000    7.5000 2899.2542    7.2525
   -7.5000  -30.0000    7.5000 2952.1536    7.0158
    0.0000  -30.0000    7.5000 2968.3589    7.0768
    7.5000  -30.0000    7.5000 2941.9558    7.0634
   -7.5000  -22.5000    7.5000 2995.3228    6.9336
    0.0000  -22.5000    7.5000 3019.1294    6.9902
    7.5000  -22.5000    7.5000 2980.7683    6.9852
   -7.5000  -15.0000    7.5000 3017.4465    6.9521
    0.0000  -15.0000    7.5000 3050.7566    6.9948
    7.5000  -15.0000    7.5000 2996.7988    6.9916
   -7.5000   -7.5000    7.5000 2998.3738    6.9617
    0.0000   -7.5000    7.5000 3025.8965    6.9381
    7.5000   -7.5000    7.5000 2975.2732    6.9953
   -7.5000    0.0000    7.5000 2960.8933    7.1021
    0.0000    0.0000    7.5000 2972.3738    7.0639
    7.5000    0.0000    7.5000 2942.3704    7.1354
   -7.5000    7.5000    7.5000 2917.0762    7.4296
    0.0000    7.5000    7.5000 2929.2085    7.3756
    7.5000    7.5000    7.5000 2906.4397    7.4492
   -7.5000   15.0000    7.5000 2858.6416    7.8835
    0.0000   15.0000    7.5000 2875.9614    7.8252
    7.5000   15.0000    7.5000 2849.7080    7.8979
   -7.5000   22.5000    7.5000 2780.2668    8.5059
    0.0000   22.5000    7.5000 2797.3547    8.4463
    7.5000   22.5000    7.5000 2771.2395    8.5256
   -7.5000   30.0000    7.5000 2674.2817    9.2959
    0.0000   30.0000    7.5000 2687.4565    9.2375
    7.5000   30.0000    7.5000 2662.2141    9.3145
   -7.5000   37.5000    7.5000 2562.2048   10.2353
    0.0000   37.5000    7.5000 2576.7749   10.1736
    7.5000   37.5000    7.5000 2553.0669   10.2522
   -7.5000  -52.5000   15.0000 2790.9146    7.8261
    0.0000  -52.5000   15.0000 2800.9287    7.9209
    7.5000  -52.5000   15.0000 2789.5342    7.8870
   -7.5000  -45.0000   15.0000 2857.5183    7.4554
    0.0000  -45.0000   15.0000 2872.8455    7.5439
    7.5000  -45.0000   15.0000 2858.0845    7.5077
   -7.5000  -37.5000   15.0000 2920.0820    7.1879
    0.0000  -37.5000   15.0000 2936.3911    7.2724
    7.5000  -37.5000   15.0000 2912.5364    7.2316
   -7.5000  -30.0000   15.0000 2982.2498    6.9715
    0.0000  -30.0000   15.0000 3002.3403    7.0549
    7.5000  -30.0000   15.0000 2964.9399    7.0276
   -7.5000  -22.5000   15.0000 3038.3279    6.8960
    0.0000  -22.5000   15.0000 3069.0530    6.9932
    7.5000  -22.5000   15.0000 3013.0681    6.9397
   -7.5000  -15.0000   15.0000 3051.2869    6.9393
    0.0000  -15.0000   15.0000 3094.5725    7.0593
    7.5000  -15.0000   15.0000 3025.4385    6.9228
   -7.5000   -7.5000   15.0000 3017.1277    6.8480
    0.0000   -7.5000   15.0000 3051.1296    6.8917
    7.5000   -7.5000   15.0000 2996.5332    6.8558
   -7.5000    0.0000   15.0000 2979.8921    6.9120
    0.0000    0.0000   15.0000 2994.6301    6.8783
    7.5000    0.0000   15.0000 2959.4563    6.9502
   -7.5000    7.5000   15.0000 2939.9927    7.2332
    0.0000    7.5000   15.0000 2955.9941    7.1750
    7.5000    7.5000   15.0000 2926.1389    7.2686
   -7.5000   15.0000   15.0000 2877.6833    7.7128
    0.0000   15.0000   15.0000 2895.9880    7.6549
    7.5000   15.0000   15.0000 2867.3833    7.7474
   -7.5000   22.5000   15.0000 2800.8115    8.3530
    0.0000   22.5000   15.0000 2813.6411    8.2850
    7.5000   22.5000   15.0000 2789.8923    8.3844
   -7.5000   30.0000   15.0000 2691.6030    9.1391
    0.0000   30.0000   15.0000 2701.1726    9.0701
    7.5000   30.0000   15.0000 2684.2893    9.1610
   -7.5000   37.5000   15.0000 2579.6360   10.0766
    0.0000   37.5000   15.0000 2593.4766   10.0100
    7.5000   37.5000   15.0000 2567.7180   10.0980
   -7.5000  -52.5000   22.5000 2796.7478    7.8850
    0.0000  -52.5000   22.5000 2806.1682    7.9521
    7.5000  -52.5000   22.5000 2792.8901    7.9616
   -7.5000  -45.0000   22.5000 2868.6030    7.4945
    0.0000  -45.0000   22.5000 2877.2749    7.5624
    7.5000  -45.0000   22.5000 2864.5544    7.5663
   -7.5000  -37.5000   22.5000 2930.0818    7.2185
    0.0000  -37.5000   22.5000 2941.9133    7.2845
    7.5000  -37.5000   22.5000 2920.8335    7.2824
   -7.5000  -30.0000   22.5000 2986.9092    7.0063
    0.0000  -30.0000   22.5000 3011.4944    7.0581
    7.5000  -30.0000   22.5000 2971.6074    7.0731
   -7.5000  -22.5000   22.5000 3050.5435    6.9216
    0.0000  -22.5000   22.5000 3094.6875    6.9855
    7.5000  -22.5000   22.5000 3023.4543    6.9534
   -7.5000  -15.0000   22.5000 3050.8008    6.8907
    0.0000  -15.0000   22.5000 3097.1292    6.9818
    7.5000  -15.0000   22.5000 3023.7839    6.8869
   -7.5000   -7.5000   22.5000 3010.2935    6.8086
    0.0000   -7.5000   22.5000 3037.2129    6.8273
    7.5000   -7.5000   22.5000 2994.4375    6.8459
   -7.5000    0.0000   22.5000 2980.2090    6.9381
    0.0000    0.0000   22.5000 2996.2732    6.9029
    7.5000    0.0000   22.5000 2963.3682    6.9920
   -7.5000    7.5000   22.5000 2941.5764    7.2251
    0.0000    7.5000   22.5000 2958.4956    7.1756
    7.5000    7.5000   22.5000 2926.9766    7.2772
   -7.5000   15.0000   22.5000 2877.1301    7.6696
    0.0000   15.0000   22.5000 2893.1809    7.6187
    7.5000   15.0000   22.5000 2867.6001    7.7102
   -7.5000   22.5000   22.5000 2800.4700    8.2957
    0.0000   22.5000   22.5000 2804.5942    8.2229
    7.5000   22.5000   22.5000 2791.1616    8.3143
   -7.5000   30.0000   22.5000 2694.8074    9.0728
    0.0000   30.0000   22.5000 2702.3027    8.9863
    7.5000   30.0000   22.5000 2686.8831    9.0913
   -7.5000   37.5000   22.5000 2582.1284   10.0042
    0.0000   37.5000   22.5000 2594.1470    9.9132
    7.5000   37.5000   22.5000 2572.0090   10.0298
   -7.5000  -52.5000   30.0000 2789.8354    7.9405
    0.0000  -52.5000   30.0000 2800.2935    7.9895
    7.5000  -52.5000   30.0000 2787.2642    8.0186
   -7.5000  -45.0000   30.0000 2864.6726    7.5315
    0.0000  -45.0000   30.0000 2878.6387    7.5773
    7.5000  -45.0000   30.0000 2859.2092    7.6122
   -7.5000  -37.5000   30.0000 2919.7024    7.2461
    0.0000  -37.5000   30.0000 2936.7920    7.2932
    7.5000  -37.5000   30.0000 2914.0874    7.3193
   -7.5000  -30.0000   30.0000 2969.2905    7.0390
    0.0000  -30.0000   30.0000 2996.2271    7.0893
    7.5000  -30.0000   30.0000 2959.4333    7.0976
   -7.5000  -22.5000   30.0000 3020.4285    6.9309
    0.0000  -22.5000   30.0000 3051.3884    6.9965
    7.5000  -22.5000   30.0000 2999.0745    6.9572
   -7.5000  -15.0000   30.0000 3010.2373    6.8724
    0.0000  -15.0000   30.0000 3039.6389    6.8980
    7.5000  -15.0000   30.0000 2991.9995    6.9088
   -7.5000   -7.5000   30.0000 2987.8997    6.8554
    0.0000   -7.5000   30.0000 3008.3789    6.8347
    7.5000   -7.5000   30.0000 2972.8394    6.9297
   -7.5000    0.0000   30.0000 2963.9941    7.0570
    0.0000    0.0000   30.0000 2978.8357    7.0080
    7.5000    0.0000   30.0000 2950.6511    7.1151
   -7.5000    7.5000   30.0000 2921.0715    7.3660
    0.0000    7.5000   30.0000 2935.3882    7.3029
    7.5000    7.5000   30.0000 2911.8882    7.4105
   -7.5000   15.0000   30.0000 2861.2666    7.7957
    0.0000   15.0000   30.0000 2871.9500    7.7316
    7.5000   15.0000   30.0000 2853.0681    7.8288
   -7.5000   22.5000   30.0000 2780.3794    8.3783
    0.0000   22.5000   30.0000 2789.2393    8.3085
    7.5000   22.5000   30.0000 2774.1619    8.4006
   -7.5000   30.0000   30.0000 2677.1755    9.1342
    0.0000   30.0000   30.0000 2685.9956    9.0491
    7.5000   30.0000   30.0000 2670.8518    9.1521
   -7.5000   37.5000   30.0000 2560.6921   10.0431
    0.0000   37.5000   30.0000 2573.8193    9.9609
    7.5000   37.5000   30.0000 2558.6287   10.0666
   -7.5000  -52.5000   37.5000 2780.1104    8.0754
    0.0000  -52.5000   37.5000 2788.3938    8.0935
    7.5000  -52.5000   37.5000 2778.0210    8.1493
   -7.5000  -45.0000   37.5000 2851.4675    7.6699
    0.0000  -45.0000   37.5000 2860.6313    7.6911
    7.5000  -45.0000   37.5000 2847.3503    7.7440
   -7.5000  -37.5000   37.5000 2900.6104    7.3974
    0.0000  -37.5000   37.5000 2911.8718    7.4407
    7.5000  -37.5000   37.5000 2895.1294    7.4734
   -7.5000  -30.0000   37.5000 2943.6667    7.1830
    0.0000  -30.0000   37.5000 2961.6318    7.2465
    7.5000  -30.0000   37.5000 2934.8208    7.2417
   -7.5000  -22.5000   37.5000 2971.7646    7.0644
    0.0000  -22.5000   37.5000 2994.8918    7.1201
    7.5000  -22.5000   37.5000 2963.4741    7.1046
   -7.5000  -15.0000   37.5000 2966.7466    7.0259
    0.0000  -15.0000   37.5000 2986.0950    7.0247
    7.5000  -15.0000   37.5000 2956.2673    7.0840
   -7.5000   -7.5000   37.5000 2955.3730    7.0782
    0.0000   -7.5000   37.5000 2971.6738    7.0601
    7.5000   -7.5000   37.5000 2942.6143    7.1569
   -7.5000    0.0000   37.5000 2932.1074    7.2912
    0.0000    0.0000   37.5000 2947.1704    7.2585
    7.5000    0.0000   37.5000 2919.1377    7.3457
   -7.5000    7.5000   37.5000 2887.2109    7.5839
    0.0000    7.5000   37.5000 2902.7512    7.5384
    7.5000    7.5000   37.5000 2879.5393    7.6251
   -7.5000   15.0000   37.5000 2829.5547    8.0042
    0.0000   15.0000   37.5000 2838.3311    7.9308
    7.5000   15.0000   37.5000 2819.9246    8.0331
   -7.5000   22.5000   37.5000 2750.4890    8.5903
    0.0000   22.5000   37.5000 2756.6755    8.5112
    7.5000   22.5000   37.5000 2740.4226    8.6160
   -7.5000   30.0000   37.5000 2642.1072    9.3381
    0.0000   30.0000   37.5000 2654.4072    9.2505
    7.5000   30.0000   37.5000 2637.1016    9.3675
   -7.5000   37.5000   37.5000 2519.1748   10.2510
    0.0000   37.5000   37.5000 2528.7227   10.1588
    7.5000   37.5000   37.5000 2522.7327   10.2672
   -7.5000  -52.5000   45.0000 2754.4788    8.3134
    0.0000  -52.5000   45.0000 2763.7812    8.3155
    7.5000  -52.5000   45.0000 2754.3674    8.3786
   -7.5000  -45.0000   45.0000 2827.1675    7.9156
    0.0000  -45.0000   45.0000 2837.2983    7.9228
    7.5000  -45.0000   45.0000 2826.0510    7.9747
   -7.5000  -37.5000   45.0000 2871.6455    7.6599
    0.0000  -37.5000   45.0000 2886.1550    7.6779
    7.5000  -37.5000   45.0000 2867.2319    7.7052
   -7.5000  -30.0000   45.0000 2903.2417    7.4344
    0.0000  -30.0000   45.0000 2919.7009    7.4651
    7.5000  -30.0000   45.0000 2896.6523    7.4751
   -7.5000  -22.5000   45.0000 2920.8438    7.3174
    0.0000  -22.5000   45.0000 2941.9307    7.3295
    7.5000  -22.5000   45.0000 2915.4124    7.3529
   -7.5000  -15.0000   45.0000 2917.7163    7.3075
    0.0000  -15.0000   45.0000 2935.0186    7.2988
    7.5000  -15.0000   45.0000 2906.4001    7.3677
   -7.5000   -7.5000   45.0000 2905.3296    7.4007
    0.0000   -7.5000   45.0000 2917.1553    7.3790
    7.5000   -7.5000   45.0000 2895.2288    7.4657
   -7.5000    0.0000   45.0000 2880.8911    7.6281
    0.0000    0.0000   45.0000 2895.5906    7.6006
    7.5000    0.0000   45.0000 2871.0930    7.6747
   -7.5000    7.5000   45.0000 2840.3606    7.9264
    0.0000    7.5000   45.0000 2851.5872    7.8846
    7.5000    7.5000   45.0000 2832.5437    7.9499
   -7.5000   15.0000   45.0000 2782.2576    8.3357
    0.0000   15.0000   45.0000 2789.5461    8.2635
    7.5000   15.0000   45.0000 2772.3740    8.3478
   -7.5000   22.5000   45.0000 2702.4011    8.9092
    0.0000   22.5000   45.0000 2711.6155    8.8209
    7.5000   22.5000   45.0000 2696.0078    8.9191
   -7.5000   30.0000   45.0000 2589.4204    9.6736
    0.0000   30.0000   45.0000 2598.9902    9.5810
    7.5000   30.0000   45.0000 2589.6953    9.6825
   -7.5000   37.5000   45.0000 2461.5994   10.5949
    0.0000   37.5000   45.0000 2467.2534   10.4967
    7.5000   37.5000   45.0000 2466.2908   10.5894
   -7.5000  -52.5000   52.5000 2723.7476    8.6486
    0.0000  -52.5000   52.5000 2728.8921    8.6080
    7.5000  -52.5000   52.5000 2724.6287    8.6992
   -7.5000  -45.0000   52.5000 2791.7690    8.2335
    0.0000  -45.0000   52.5000 2802.5522    8.2105
    7.5000  -45.0000   52.5000 2791.6536    8.2796
   -7.5000  -37.5000   52.5000 2833.9414    7.9695
    0.0000  -37.5000   52.5000 2847.2817    7.9510
    7.5000  -37.5000   52.5000 2830.9507    8.0132
   -7.5000  -30.0000   52.5000 2860.1311    7.7449
    0.0000  -30.0000   52.5000 2877.8855    7.7452
    7.5000  -30.0000   52.5000 2856.4824    7.7891
   -7.5000  -22.5000   52.5000 2871.9285    7.6486
    0.0000  -22.5000   52.5000 2891.5981    7.6160
    7.5000  -22.5000   52.5000 2864.3232    7.6826
   -7.5000  -15.0000   52.5000 2858.8391    7.6720
    0.0000  -15.0000   52.5000 2875.9084    7.6416
    7.5000  -15.0000   52.5000 2848.7473    7.7230
   -7.5000   -7.5000   52.5000 2842.1829    7.8018
    0.0000   -7.5000   52.5000 2852.5356    7.7611
    7.5000   -7.5000   52.5000 2834.2449    7.8589
   -7.5000    0.0000   52.5000 2817.7024    8.0290
    0.0000    0.0000   52.5000 2832.9485    7.9843
    7.5000    0.0000   52.5000 2811.7239    8.0624
   -7.5000    7.5000   52.5000 2779.6946    8.3246
    0.0000    7.5000   52.5000 2785.4038    8.2797
    7.5000    7.5000   52.5000 2772.3860    8.3519
   -7.5000   15.0000   52.5000 2721.3345    8.7353
    0.0000   15.0000   52.5000 2727.0828    8.6687
    7.5000   15.0000   52.5000 2712.0603    8.7577
   -7.5000   22.5000   52.5000 2639.2031    9.3148
    0.0000   22.5000   52.5000 2646.9333    9.2304
    7.5000   22.5000   52.5000 2633.2632    9.3436
   -7.5000   30.0000   52.5000 2523.9136   10.0787
    0.0000   30.0000   52.5000 2532.9482    9.9956
    7.5000   30.0000   52.5000 2519.6392   10.0971
   -7.5000   37.5000   52.5000 2396.7649   11.0013
    0.0000   37.5000   52.5000 2407.9346   10.9231
    7.5000   37.5000   52.5000 2398.8479   11.0137

---------------------------------------------------------------------
imgreg_4dfp /export01/local/freesurfer//average/711-2C_as_mni_average_305 /export01/local/freesurfer//average/711-2B_as_mni_average_305_mask talsrcimg_g11 none talsrcimg_to_711-2C_as_mni_average_305_t4 1283
---------------------------------------------------------------------

$Id: imgreg_4dfp.c,v 1.4 2010/02/27 01:41:53 nicks Exp $
/export01/local/freesurfer//average/711-2C_as_mni_average_305.4dfp.img
       256       256       256         1
  1.000000  1.000000  1.000000
orientation T byte_order littleendian
Reading image: /export01/local/freesurfer//average/711-2C_as_mni_average_305.4dfp.img
dimensions:      256       256       256
mmppix:       1.0000   -1.0000   -1.0000
center:     128.0000 -129.0000 -129.0000
/export01/local/freesurfer//average/711-2B_as_mni_average_305_mask.4dfp.img
       256       256       256         1
  1.000000  1.000000  1.000000
orientation T byte_order littleendian
Reading mask: /export01/local/freesurfer//average/711-2B_as_mni_average_305_mask.4dfp.img (2306576 pixels)
talsrcimg_g11.4dfp.img
       256       256       256         1
  1.000000  1.000000  1.000000
orientation T byte_order littleendian
Reading image: talsrcimg_g11.4dfp.img
dimensions:      256       256       256
mmppix:       1.0000   -1.0000   -1.0000
center:     128.0000 -129.0000 -129.0000
rotation matrix determinant  1.000000
$Id: fimgreg.f,v 1.1 2007/05/04 22:33:59 nicks Exp $
image alignment mode   1283 decimal      503 hex
parameters
    0.0000  -15.0000   22.5000    0.0000    0.0000    0.0000
eta,q 0.97086  7.00023
niter,ni,del,rscale     5    3   12.0000    1.2000
parameter  2  0.594722 ->  0.500000 qaram    1.1500
parameter  4 -0.511682 -> -0.500000 qaram    1.1500
parameters
   -1.1894  -18.4500   20.3212    3.4500   -0.1569   -0.4481
eta,q 0.97622  7.01799
  0.0391  0.0275  0.0282  0.0318  0.0323  0.0289
  0.0326  0.0262  0.0260  0.0302  0.0279  0.0259
  0.0292  0.0268  0.0252  0.0280  0.0248  0.0242
  0.0296  0.0288  0.0261  0.0252  0.0238  0.0238
  0.0339  0.0328  0.0288  0.0237  0.0249  0.0250
  0.0413  0.0392  0.0330  0.0241  0.0284  0.0273
  0.0496  0.0460  0.0385  0.0260  0.0334  0.0305
niter,ni,del,rscale     6    3   12.0000    1.2000
parameters
   -1.2320  -19.2434   21.0194    3.3411    0.0152   -0.5307
eta,q 0.97687  7.01749
  0.0405  0.0348  0.0312  0.0312  0.0327  0.0297
  0.0318  0.0284  0.0280  0.0275  0.0283  0.0262
  0.0259  0.0241  0.0251  0.0240  0.0246  0.0240
  0.0238  0.0238  0.0234  0.0232  0.0232  0.0231
  0.0262  0.0271  0.0233  0.0248  0.0240  0.0242
  0.0325  0.0328  0.0252  0.0280  0.0272  0.0267
  0.0406  0.0409  0.0288  0.0314  0.0321  0.0299
niter,ni,del,rscale     5    3   12.0000    1.2000
parameters
   -1.2162  -19.3740   21.0599    3.3665    0.0365   -0.5429
eta,q 0.97689  7.01817
  0.0404  0.0371  0.0302  0.0315  0.0323  0.0299
  0.0317  0.0303  0.0269  0.0278  0.0280  0.0264
  0.0255  0.0248  0.0243  0.0242  0.0244  0.0241
  0.0231  0.0231  0.0231  0.0231  0.0231  0.0231
  0.0255  0.0256  0.0237  0.0247  0.0241  0.0241
  0.0319  0.0307  0.0264  0.0277  0.0275  0.0266
  0.0399  0.0382  0.0304  0.0312  0.0325  0.0298
niter,ni,del,rscale     4    3   12.0000    1.2000
parameters
   -1.2111  -19.3993   21.0739    3.3816    0.0379   -0.5453
eta,q 0.97689  7.01815
  0.0403  0.0374  0.0301  0.0316  0.0323  0.0300
  0.0316  0.0307  0.0269  0.0278  0.0279  0.0264
  0.0254  0.0250  0.0243  0.0241  0.0244  0.0241
  0.0231  0.0231  0.0231  0.0231  0.0231  0.0231
  0.0255  0.0254  0.0238  0.0247  0.0242  0.0241
  0.0319  0.0304  0.0264  0.0278  0.0276  0.0266
  0.0400  0.0378  0.0305  0.0313  0.0326  0.0298
registration optimization eta report
parameter search radius
    6.0000    6.9000    6.0000    6.9000    6.0000    6.0000
100000*second partial in parameter space
       46.       30.       20.       17.       26.       18.
  0.0403  0.0374  0.0301  0.0316  0.0323  0.0300
  0.0316  0.0307  0.0269  0.0278  0.0279  0.0264
  0.0254  0.0250  0.0243  0.0241  0.0244  0.0241
  0.0231  0.0231  0.0231  0.0231  0.0231  0.0231
  0.0255  0.0254  0.0238  0.0247  0.0242  0.0241
  0.0319  0.0304  0.0264  0.0278  0.0276  0.0266
  0.0400  0.0378  0.0305  0.0313  0.0326  0.0298
   -1.2111  -19.3993   21.0739    3.3816    0.0379   -0.5453
eta,q 0.97689  7.01815

---------------------------------------------------------------------
imgreg_4dfp /export01/local/freesurfer//average/711-2C_as_mni_average_305 /export01/local/freesurfer//average/711-2B_as_mni_average_305_mask talsrcimg_g11 none talsrcimg_to_711-2C_as_mni_average_305_t4 3335
---------------------------------------------------------------------

$Id: imgreg_4dfp.c,v 1.4 2010/02/27 01:41:53 nicks Exp $
/export01/local/freesurfer//average/711-2C_as_mni_average_305.4dfp.img
       256       256       256         1
  1.000000  1.000000  1.000000
orientation T byte_order littleendian
Reading image: /export01/local/freesurfer//average/711-2C_as_mni_average_305.4dfp.img
dimensions:      256       256       256
mmppix:       1.0000   -1.0000   -1.0000
center:     128.0000 -129.0000 -129.0000
/export01/local/freesurfer//average/711-2B_as_mni_average_305_mask.4dfp.img
       256       256       256         1
  1.000000  1.000000  1.000000
orientation T byte_order littleendian
Reading mask: /export01/local/freesurfer//average/711-2B_as_mni_average_305_mask.4dfp.img (2306576 pixels)
talsrcimg_g11.4dfp.img
       256       256       256         1
  1.000000  1.000000  1.000000
orientation T byte_order littleendian
Reading image: talsrcimg_g11.4dfp.img
dimensions:      256       256       256
mmppix:       1.0000   -1.0000   -1.0000
center:     128.0000 -129.0000 -129.0000
$Id: fimgreg.f,v 1.1 2007/05/04 22:33:59 nicks Exp $
image alignment mode   3335 decimal      D07 hex
parameters
   -1.2111  -19.3993   21.0739   -0.0046   -0.1786   -0.1741
    0.9461   -0.1221   -0.9517   -5.8977    0.0661    5.8986
eta,q 0.97579  7.01819
niter,ni,del,rscale     5    3    5.0000    1.2000
parameter  4 -0.636043 -> -0.500000 qaram    1.1500
parameter  5 -0.552699 -> -0.500000 qaram    1.1500
parameter 12  0.676820 ->  0.500000 qaram    1.1500
parameters
   -1.1452  -19.3656   21.7900    4.1354    3.9614   -0.0731
    0.2581    0.3295   -1.3951   -6.4103    0.5278    1.7586
eta,q 0.97895  7.18195
  0.0270  0.0260  0.0260  0.0276  0.0275  0.0241  0.0245  0.0266  0.0237  0.0242  0.0230  0.0211
  0.0255  0.0250  0.0252  0.0265  0.0259  0.0230  0.0229  0.0240  0.0226  0.0229  0.0224  0.0210
  0.0246  0.0244  0.0246  0.0254  0.0243  0.0222  0.0220  0.0224  0.0219  0.0221  0.0219  0.0212
  0.0242  0.0242  0.0242  0.0241  0.0230  0.0217  0.0217  0.0217  0.0217  0.0217  0.0217  0.0217
  0.0245  0.0244  0.0241  0.0232  0.0220  0.0219  0.0224  0.0221  0.0220  0.0221  0.0218  0.0225
  0.0253  0.0249  0.0242  0.0230  0.0218  0.0226  0.0238  0.0233  0.0229  0.0234  0.0221  0.0237
  0.0267  0.0258  0.0247  0.0239  0.0230  0.0242  0.0258  0.0255  0.0243  0.0253  0.0228  0.0254
niter,ni,del,rscale     7    3    5.0000    1.2000
parameters
   -1.0218  -19.3460   20.7946    2.6816    4.0478    1.6025
    0.5625    0.3892   -1.4464   -6.0167    0.5966   -0.6106
eta,q 0.97954  7.22813
  0.0250  0.0237  0.0213  0.0240  0.0252  0.0230  0.0241  0.0248  0.0227  0.0235  0.0216  0.0212
  0.0229  0.0223  0.0209  0.0224  0.0234  0.0220  0.0223  0.0226  0.0216  0.0221  0.0211  0.0207
  0.0216  0.0214  0.0208  0.0211  0.0218  0.0212  0.0211  0.0211  0.0208  0.0212  0.0207  0.0205
  0.0211  0.0210  0.0210  0.0208  0.0208  0.0208  0.0206  0.0206  0.0206  0.0206  0.0206  0.0206
  0.0213  0.0213  0.0216  0.0219  0.0210  0.0206  0.0209  0.0210  0.0209  0.0207  0.0207  0.0210
  0.0224  0.0222  0.0226  0.0245  0.0227  0.0206  0.0219  0.0224  0.0216  0.0216  0.0210  0.0219
  0.0243  0.0236  0.0239  0.0278  0.0256  0.0217  0.0236  0.0248  0.0228  0.0231  0.0216  0.0232
niter,ni,del,rscale     6    3    5.0000    1.2000
parameters
   -1.0532  -19.0342   20.3641    2.5979    4.4115    1.3375
    0.7222    0.2990   -1.3830   -5.6281    0.4071   -1.6856
eta,q 0.97972  7.23103
  0.0239  0.0238  0.0213  0.0247  0.0253  0.0220  0.0237  0.0244  0.0226  0.0232  0.0213  0.0215
  0.0220  0.0221  0.0207  0.0232  0.0233  0.0211  0.0220  0.0222  0.0214  0.0217  0.0207  0.0207
  0.0208  0.0210  0.0204  0.0214  0.0216  0.0206  0.0208  0.0208  0.0206  0.0208  0.0204  0.0203
  0.0205  0.0205  0.0204  0.0204  0.0204  0.0203  0.0203  0.0203  0.0203  0.0203  0.0203  0.0203
  0.0209  0.0205  0.0207  0.0206  0.0204  0.0200  0.0207  0.0208  0.0206  0.0205  0.0204  0.0206
  0.0221  0.0212  0.0213  0.0225  0.0222  0.0207  0.0218  0.0222  0.0213  0.0213  0.0208  0.0213
  0.0241  0.0224  0.0223  0.0257  0.0251  0.0230  0.0235  0.0247  0.0225  0.0227  0.0214  0.0223
niter,ni,del,rscale     5    3    5.0000    1.2000
parameters
   -1.0402  -18.8940   20.2188    2.6082    4.5605    1.4959
    0.7481    0.2590   -1.3026   -5.4591    0.2316   -2.1785
eta,q 0.97981  7.24118
  0.0239  0.0233  0.0215  0.0247  0.0251  0.0220  0.0235  0.0244  0.0225  0.0230  0.0212  0.0216
  0.0219  0.0217  0.0208  0.0231  0.0231  0.0211  0.0218  0.0221  0.0213  0.0215  0.0206  0.0208
  0.0207  0.0207  0.0204  0.0213  0.0215  0.0206  0.0206  0.0207  0.0205  0.0206  0.0203  0.0203
  0.0203  0.0203  0.0203  0.0203  0.0203  0.0202  0.0202  0.0202  0.0202  0.0202  0.0202  0.0202
  0.0207  0.0205  0.0205  0.0205  0.0205  0.0198  0.0206  0.0206  0.0204  0.0204  0.0203  0.0204
  0.0219  0.0213  0.0210  0.0223  0.0223  0.0204  0.0217  0.0221  0.0212  0.0213  0.0207  0.0210
  0.0238  0.0227  0.0218  0.0255  0.0254  0.0225  0.0235  0.0246  0.0224  0.0227  0.0213  0.0220
niter,ni,del,rscale     4    3    5.0000    1.2000
parameters
   -1.0300  -18.8319   20.1115    2.6332    4.6399    1.5045
    0.7463    0.2553   -1.2414   -5.3660    0.1503   -2.4185
eta,q 0.97985  7.24453
  0.0238  0.0231  0.0215  0.0247  0.0251  0.0219  0.0235  0.0244  0.0224  0.0229  0.0212  0.0217
  0.0218  0.0216  0.0207  0.0231  0.0231  0.0211  0.0217  0.0221  0.0212  0.0214  0.0206  0.0208
  0.0206  0.0206  0.0203  0.0213  0.0214  0.0206  0.0206  0.0207  0.0204  0.0205  0.0203  0.0203
  0.0202  0.0202  0.0202  0.0202  0.0202  0.0202  0.0202  0.0202  0.0202  0.0202  0.0202  0.0202
  0.0206  0.0205  0.0204  0.0204  0.0205  0.0197  0.0206  0.0206  0.0204  0.0204  0.0203  0.0204
  0.0218  0.0213  0.0209  0.0223  0.0224  0.0204  0.0217  0.0220  0.0212  0.0214  0.0206  0.0209
  0.0238  0.0228  0.0217  0.0254  0.0256  0.0227  0.0235  0.0245  0.0224  0.0228  0.0213  0.0219
niter,ni,del,rscale     3    3    5.0000    1.2000
parameters
   -1.0218  -18.8002   20.0669    2.6401    4.6745    1.5195
    0.7395    0.2564   -1.2088   -5.3210    0.0999   -2.5373
eta,q 0.97987  7.24625
  0.0238  0.0230  0.0215  0.0247  0.0250  0.0219  0.0235  0.0244  0.0224  0.0229  0.0212  0.0217
  0.0218  0.0215  0.0207  0.0231  0.0231  0.0211  0.0217  0.0221  0.0212  0.0214  0.0206  0.0208
  0.0206  0.0205  0.0203  0.0212  0.0213  0.0206  0.0206  0.0206  0.0204  0.0205  0.0203  0.0203
  0.0202  0.0202  0.0201  0.0201  0.0201  0.0201  0.0201  0.0201  0.0201  0.0201  0.0201  0.0201
  0.0206  0.0204  0.0203  0.0204  0.0205  0.0197  0.0205  0.0206  0.0204  0.0204  0.0202  0.0203
  0.0218  0.0214  0.0208  0.0223  0.0224  0.0204  0.0217  0.0220  0.0212  0.0214  0.0206  0.0209
  0.0238  0.0229  0.0216  0.0255  0.0256  0.0227  0.0235  0.0245  0.0224  0.0228  0.0213  0.0218
niter,ni,del,rscale     2    3    5.0000    1.2000
parameters
   -1.0186  -18.7855   20.0468    2.6443    4.6886    1.5209
    0.7325    0.2570   -1.1955   -5.2968    0.0892   -2.5860
eta,q 0.97988  7.24683
  0.0238  0.0229  0.0215  0.0247  0.0250  0.0219  0.0235  0.0244  0.0224  0.0229  0.0212  0.0218
  0.0218  0.0214  0.0207  0.0231  0.0230  0.0211  0.0217  0.0221  0.0212  0.0213  0.0206  0.0208
  0.0206  0.0205  0.0203  0.0212  0.0213  0.0206  0.0205  0.0206  0.0204  0.0205  0.0203  0.0203
  0.0201  0.0201  0.0201  0.0201  0.0201  0.0201  0.0201  0.0201  0.0201  0.0201  0.0201  0.0201
  0.0205  0.0204  0.0203  0.0204  0.0205  0.0197  0.0205  0.0206  0.0204  0.0204  0.0202  0.0203
  0.0218  0.0214  0.0208  0.0223  0.0224  0.0204  0.0217  0.0220  0.0212  0.0214  0.0206  0.0209
  0.0238  0.0229  0.0216  0.0254  0.0257  0.0227  0.0235  0.0245  0.0224  0.0228  0.0212  0.0218
registration optimization eta report
parameter search radius
    2.4000    2.4000    2.4000    8.2800    8.2800    7.2000
    7.2000    7.2000    7.2000    7.2000    7.2000    8.2800
100000*second partial in parameter space
       63.       48.       25.        7.        7.        4.
        6.        8.        4.        5.        2.        2.
  0.0238  0.0229  0.0215  0.0247  0.0250  0.0219  0.0235  0.0244  0.0224  0.0229  0.0212  0.0218
  0.0218  0.0214  0.0207  0.0231  0.0230  0.0211  0.0217  0.0221  0.0212  0.0213  0.0206  0.0208
  0.0206  0.0205  0.0203  0.0212  0.0213  0.0206  0.0205  0.0206  0.0204  0.0205  0.0203  0.0203
  0.0201  0.0201  0.0201  0.0201  0.0201  0.0201  0.0201  0.0201  0.0201  0.0201  0.0201  0.0201
  0.0205  0.0204  0.0203  0.0204  0.0205  0.0197  0.0205  0.0206  0.0204  0.0204  0.0202  0.0203
  0.0218  0.0214  0.0208  0.0223  0.0224  0.0204  0.0217  0.0220  0.0212  0.0214  0.0206  0.0209
  0.0238  0.0229  0.0216  0.0254  0.0257  0.0227  0.0235  0.0245  0.0224  0.0228  0.0212  0.0218
   -1.0186  -18.7855   20.0468    2.6443    4.6886    1.5209
    0.7325    0.2570   -1.1955   -5.2968    0.0892   -2.5860
eta,q 0.97988  7.24683

---------------------------------------------------------------------
imgreg_4dfp /export01/local/freesurfer//average/711-2C_as_mni_average_305 /export01/local/freesurfer//average/711-2B_as_mni_average_305_mask talsrcimg_g11 none talsrcimg_to_711-2C_as_mni_average_305_t4 2311
---------------------------------------------------------------------

$Id: imgreg_4dfp.c,v 1.4 2010/02/27 01:41:53 nicks Exp $
/export01/local/freesurfer//average/711-2C_as_mni_average_305.4dfp.img
       256       256       256         1
  1.000000  1.000000  1.000000
orientation T byte_order littleendian
Reading image: /export01/local/freesurfer//average/711-2C_as_mni_average_305.4dfp.img
dimensions:      256       256       256
mmppix:       1.0000   -1.0000   -1.0000
center:     128.0000 -129.0000 -129.0000
/export01/local/freesurfer//average/711-2B_as_mni_average_305_mask.4dfp.img
       256       256       256         1
  1.000000  1.000000  1.000000
orientation T byte_order littleendian
Reading mask: /export01/local/freesurfer//average/711-2B_as_mni_average_305_mask.4dfp.img (2306576 pixels)
talsrcimg_g11.4dfp.img
       256       256       256         1
  1.000000  1.000000  1.000000
orientation T byte_order littleendian
Reading image: talsrcimg_g11.4dfp.img
dimensions:      256       256       256
mmppix:       1.0000   -1.0000   -1.0000
center:     128.0000 -129.0000 -129.0000
$Id: fimgreg.f,v 1.1 2007/05/04 22:33:59 nicks Exp $
image alignment mode   2311 decimal      907 hex
parameters
   -1.0186  -18.7855   20.0468    2.6443    4.6886    1.5209
    0.7325    0.2570   -1.1955   -5.2968    0.0892   -2.5860
eta,q 0.97988  7.24683
niter,ni,del,rscale     5    3    5.0000    0.8000
parameters
   -1.0187  -18.7728   20.0226    3.3139    5.1312    3.1200
    0.9269    0.0808   -1.1438   -5.1651   -0.1905   -3.1638
eta,q 0.98039  7.30665
  0.0218  0.0214  0.0207  0.0226  0.0224  0.0210  0.0215  0.0218  0.0208  0.0213  0.0202  0.0202
  0.0209  0.0207  0.0204  0.0215  0.0214  0.0207  0.0205  0.0206  0.0202  0.0204  0.0199  0.0198
  0.0203  0.0203  0.0202  0.0206  0.0206  0.0204  0.0199  0.0198  0.0198  0.0199  0.0197  0.0196
  0.0201  0.0201  0.0201  0.0201  0.0201  0.0200  0.0196  0.0196  0.0196  0.0196  0.0196  0.0196
  0.0203  0.0203  0.0202  0.0201  0.0201  0.0196  0.0198  0.0200  0.0198  0.0198  0.0197  0.0198
  0.0209  0.0207  0.0204  0.0206  0.0207  0.0197  0.0203  0.0208  0.0201  0.0203  0.0200  0.0201
  0.0218  0.0214  0.0208  0.0216  0.0219  0.0204  0.0212  0.0221  0.0208  0.0211  0.0204  0.0205
niter,ni,del,rscale     4    3    5.0000    0.7000
parameters
   -0.9966  -18.7777   19.8315    3.2445    5.2669    2.9362
    0.8857    0.1124   -1.0631   -5.0905   -0.2063   -3.3450
eta,q 0.98038  7.30421
  0.0210  0.0207  0.0201  0.0213  0.0215  0.0206  0.0209  0.0214  0.0206  0.0209  0.0201  0.0201
  0.0202  0.0201  0.0198  0.0204  0.0207  0.0203  0.0202  0.0204  0.0201  0.0202  0.0198  0.0198
  0.0198  0.0197  0.0196  0.0198  0.0200  0.0199  0.0198  0.0198  0.0197  0.0198  0.0197  0.0197
  0.0196  0.0196  0.0196  0.0196  0.0196  0.0196  0.0196  0.0196  0.0196  0.0196  0.0196  0.0196
  0.0197  0.0197  0.0198  0.0198  0.0197  0.0196  0.0198  0.0198  0.0197  0.0198  0.0197  0.0197
  0.0202  0.0201  0.0200  0.0204  0.0204  0.0201  0.0202  0.0204  0.0200  0.0202  0.0198  0.0199
  0.0209  0.0207  0.0205  0.0215  0.0214  0.0212  0.0210  0.0214  0.0205  0.0208  0.0201  0.0202
niter,ni,del,rscale     3    3    5.0000    0.6000
parameters
   -0.9868  -18.7466   19.7894    3.2817    5.3606    3.1863
    0.9061    0.0839   -1.0434   -5.0072   -0.2611   -3.4527
eta,q 0.98044  7.31161
  0.0206  0.0205  0.0201  0.0209  0.0211  0.0205  0.0206  0.0209  0.0203  0.0206  0.0199  0.0200
  0.0201  0.0200  0.0198  0.0202  0.0204  0.0202  0.0200  0.0201  0.0199  0.0201  0.0197  0.0197
  0.0197  0.0197  0.0197  0.0198  0.0199  0.0199  0.0197  0.0197  0.0196  0.0197  0.0196  0.0196
  0.0196  0.0196  0.0196  0.0196  0.0196  0.0196  0.0196  0.0196  0.0196  0.0196  0.0196  0.0196
  0.0197  0.0197  0.0197  0.0197  0.0197  0.0195  0.0197  0.0197  0.0196  0.0197  0.0196  0.0196
  0.0200  0.0199  0.0199  0.0202  0.0202  0.0198  0.0200  0.0202  0.0199  0.0200  0.0197  0.0198
  0.0206  0.0204  0.0201  0.0209  0.0210  0.0205  0.0206  0.0209  0.0203  0.0205  0.0200  0.0200
niter,ni,del,rscale     2    3    5.0000    0.5000
parameters
   -0.9864  -18.7396   19.7898    3.2799    5.4042    3.4227
    0.9202    0.0679   -1.0407   -4.9627   -0.2871   -3.4945
eta,q 0.98047  7.31724
  0.0203  0.0201  0.0199  0.0205  0.0206  0.0203  0.0203  0.0205  0.0200  0.0203  0.0198  0.0199
  0.0199  0.0198  0.0197  0.0200  0.0201  0.0201  0.0199  0.0200  0.0198  0.0199  0.0197  0.0197
  0.0196  0.0196  0.0196  0.0197  0.0197  0.0198  0.0196  0.0196  0.0196  0.0196  0.0196  0.0196
  0.0196  0.0196  0.0196  0.0196  0.0196  0.0196  0.0195  0.0195  0.0195  0.0195  0.0195  0.0195
  0.0196  0.0196  0.0196  0.0197  0.0197  0.0195  0.0196  0.0197  0.0196  0.0196  0.0196  0.0196
  0.0199  0.0198  0.0197  0.0200  0.0200  0.0197  0.0198  0.0200  0.0198  0.0199  0.0197  0.0197
  0.0203  0.0201  0.0199  0.0205  0.0206  0.0203  0.0203  0.0205  0.0200  0.0202  0.0198  0.0199
niter,ni,del,rscale     1    3    5.0000    0.4000
parameters
   -0.9887  -18.7425   19.8025    3.2702    5.4302    3.5959
    0.9460    0.0449   -1.0415   -4.9482   -0.2937   -3.5153
eta,q 0.98048  7.32094
  0.0200  0.0199  0.0198  0.0201  0.0203  0.0201  0.0200  0.0201  0.0198  0.0200  0.0197  0.0197
  0.0197  0.0197  0.0196  0.0198  0.0199  0.0199  0.0197  0.0198  0.0197  0.0197  0.0196  0.0196
  0.0196  0.0196  0.0196  0.0196  0.0196  0.0197  0.0196  0.0196  0.0196  0.0196  0.0195  0.0195
  0.0195  0.0195  0.0195  0.0195  0.0195  0.0195  0.0195  0.0195  0.0195  0.0195  0.0195  0.0195
  0.0196  0.0196  0.0196  0.0196  0.0196  0.0195  0.0196  0.0196  0.0196  0.0196  0.0195  0.0195
  0.0197  0.0197  0.0196  0.0198  0.0198  0.0197  0.0197  0.0198  0.0197  0.0197  0.0196  0.0196
  0.0200  0.0199  0.0198  0.0202  0.0202  0.0200  0.0200  0.0202  0.0198  0.0200  0.0197  0.0197
registration optimization eta report
parameter search radius
    0.8000    0.8000    0.8000    2.4000    2.4000    2.4000
    2.4000    2.4000    2.4000    2.4000    2.4000    2.4000
100000*second partial in parameter space
       71.       58.       37.       10.       12.        9.
        8.       11.        6.        8.        3.        4.
  0.0200  0.0199  0.0198  0.0201  0.0203  0.0201  0.0200  0.0201  0.0198  0.0200  0.0197  0.0197
  0.0197  0.0197  0.0196  0.0198  0.0199  0.0199  0.0197  0.0198  0.0197  0.0197  0.0196  0.0196
  0.0196  0.0196  0.0196  0.0196  0.0196  0.0197  0.0196  0.0196  0.0196  0.0196  0.0195  0.0195
  0.0195  0.0195  0.0195  0.0195  0.0195  0.0195  0.0195  0.0195  0.0195  0.0195  0.0195  0.0195
  0.0196  0.0196  0.0196  0.0196  0.0196  0.0195  0.0196  0.0196  0.0196  0.0196  0.0195  0.0195
  0.0197  0.0197  0.0196  0.0198  0.0198  0.0197  0.0197  0.0198  0.0197  0.0197  0.0196  0.0196
  0.0200  0.0199  0.0198  0.0202  0.0202  0.0200  0.0200  0.0202  0.0198  0.0200  0.0197  0.0197
   -0.9887  -18.7425   19.8025    3.2702    5.4302    3.5959
    0.9460    0.0449   -1.0415   -4.9482   -0.2937   -3.5153
eta,q 0.98048  7.32094

---------------------------------------------------------------------
imgreg_4dfp /export01/local/freesurfer//average/711-2C_as_mni_average_305 /export01/local/freesurfer//average/711-2B_as_mni_average_305_mask talsrcimg_g11 none talsrcimg_to_711-2C_as_mni_average_305_t4 2311
---------------------------------------------------------------------

$Id: imgreg_4dfp.c,v 1.4 2010/02/27 01:41:53 nicks Exp $
/export01/local/freesurfer//average/711-2C_as_mni_average_305.4dfp.img
       256       256       256         1
  1.000000  1.000000  1.000000
orientation T byte_order littleendian
Reading image: /export01/local/freesurfer//average/711-2C_as_mni_average_305.4dfp.img
dimensions:      256       256       256
mmppix:       1.0000   -1.0000   -1.0000
center:     128.0000 -129.0000 -129.0000
/export01/local/freesurfer//average/711-2B_as_mni_average_305_mask.4dfp.img
       256       256       256         1
  1.000000  1.000000  1.000000
orientation T byte_order littleendian
Reading mask: /export01/local/freesurfer//average/711-2B_as_mni_average_305_mask.4dfp.img (2306576 pixels)
talsrcimg_g11.4dfp.img
       256       256       256         1
  1.000000  1.000000  1.000000
orientation T byte_order littleendian
Reading image: talsrcimg_g11.4dfp.img
dimensions:      256       256       256
mmppix:       1.0000   -1.0000   -1.0000
center:     128.0000 -129.0000 -129.0000
$Id: fimgreg.f,v 1.1 2007/05/04 22:33:59 nicks Exp $
image alignment mode   2311 decimal      907 hex
parameters
   -0.9887  -18.7425   19.8025    3.2702    5.4302    3.5959
    0.9460    0.0449   -1.0415   -4.9482   -0.2937   -3.5153
eta,q 0.98048  7.32094
niter,ni,del,rscale     5    3    5.0000    0.8000
parameters
   -0.9974  -18.7597   19.8303    3.0806    5.2300    2.8299
    0.8145    0.1482   -1.0224   -5.0455   -0.2216   -3.3508
eta,q 0.98035  7.29959
  0.0213  0.0209  0.0205  0.0216  0.0217  0.0206  0.0213  0.0220  0.0208  0.0212  0.0203  0.0204
  0.0203  0.0202  0.0200  0.0205  0.0207  0.0203  0.0204  0.0207  0.0202  0.0203  0.0200  0.0200
  0.0197  0.0197  0.0196  0.0198  0.0199  0.0199  0.0198  0.0199  0.0198  0.0198  0.0197  0.0198
  0.0195  0.0195  0.0195  0.0195  0.0195  0.0195  0.0197  0.0197  0.0197  0.0197  0.0197  0.0197
  0.0197  0.0197  0.0196  0.0198  0.0198  0.0197  0.0199  0.0199  0.0198  0.0199  0.0197  0.0197
  0.0203  0.0202  0.0199  0.0207  0.0208  0.0207  0.0205  0.0206  0.0202  0.0205  0.0199  0.0200
  0.0214  0.0210  0.0205  0.0222  0.0223  0.0223  0.0215  0.0218  0.0208  0.0213  0.0203  0.0203
niter,ni,del,rscale     4    3    5.0000    0.7000
parameters
   -0.9914  -18.7310   19.7926    3.2501    5.3066    2.9115
    0.8673    0.1207   -1.0374   -5.0135   -0.2211   -3.4378
eta,q 0.98039  7.30447
  0.0210  0.0208  0.0203  0.0215  0.0215  0.0206  0.0210  0.0214  0.0205  0.0209  0.0201  0.0202
  0.0203  0.0202  0.0199  0.0206  0.0207  0.0204  0.0203  0.0204  0.0200  0.0202  0.0198  0.0199
  0.0198  0.0198  0.0197  0.0199  0.0200  0.0200  0.0198  0.0198  0.0197  0.0198  0.0197  0.0197
  0.0197  0.0197  0.0197  0.0197  0.0196  0.0196  0.0196  0.0196  0.0196  0.0196  0.0196  0.0196
  0.0198  0.0198  0.0197  0.0198  0.0198  0.0195  0.0197  0.0198  0.0197  0.0198  0.0197  0.0197
  0.0202  0.0201  0.0200  0.0203  0.0204  0.0200  0.0202  0.0204  0.0200  0.0202  0.0198  0.0199
  0.0210  0.0207  0.0203  0.0213  0.0215  0.0209  0.0209  0.0214  0.0205  0.0209  0.0201  0.0202
niter,ni,del,rscale     3    3    5.0000    0.6000
parameters
   -0.9845  -18.7333   19.7747    3.2820    5.3747    3.1870
    0.8986    0.0860   -1.0390   -4.9690   -0.2607   -3.4847
eta,q 0.98044  7.31200
  0.0206  0.0204  0.0201  0.0209  0.0211  0.0205  0.0206  0.0209  0.0203  0.0206  0.0200  0.0200
  0.0201  0.0200  0.0198  0.0202  0.0204  0.0202  0.0200  0.0201  0.0199  0.0200  0.0197  0.0198
  0.0197  0.0197  0.0197  0.0198  0.0199  0.0199  0.0197  0.0197  0.0196  0.0197  0.0196  0.0196
  0.0196  0.0196  0.0196  0.0196  0.0196  0.0196  0.0196  0.0196  0.0196  0.0196  0.0196  0.0196
  0.0197  0.0197  0.0197  0.0197  0.0197  0.0195  0.0197  0.0197  0.0196  0.0197  0.0196  0.0196
  0.0201  0.0200  0.0198  0.0202  0.0202  0.0198  0.0200  0.0202  0.0199  0.0200  0.0197  0.0198
  0.0206  0.0204  0.0201  0.0209  0.0211  0.0205  0.0206  0.0209  0.0203  0.0205  0.0200  0.0200
niter,ni,del,rscale     2    3    5.0000    0.5000
parameters
   -0.9838  -18.7346   19.7846    3.2805    5.4084    3.4227
    0.9200    0.0717   -1.0373   -4.9537   -0.3034   -3.5104
eta,q 0.98047  7.31727
  0.0203  0.0201  0.0199  0.0205  0.0206  0.0203  0.0203  0.0205  0.0200  0.0203  0.0198  0.0199
  0.0199  0.0198  0.0197  0.0200  0.0201  0.0201  0.0199  0.0200  0.0198  0.0199  0.0197  0.0197
  0.0196  0.0196  0.0196  0.0197  0.0197  0.0198  0.0196  0.0196  0.0196  0.0196  0.0196  0.0196
  0.0196  0.0196  0.0196  0.0196  0.0196  0.0196  0.0195  0.0195  0.0195  0.0195  0.0195  0.0195
  0.0196  0.0196  0.0196  0.0197  0.0197  0.0195  0.0196  0.0197  0.0196  0.0196  0.0196  0.0196
  0.0199  0.0198  0.0197  0.0200  0.0200  0.0198  0.0198  0.0200  0.0198  0.0199  0.0197  0.0197
  0.0203  0.0201  0.0199  0.0205  0.0206  0.0203  0.0203  0.0205  0.0200  0.0203  0.0198  0.0199
niter,ni,del,rscale     1    3    5.0000    0.4000
parameters
   -0.9872  -18.7386   19.8017    3.2732    5.4299    3.6024
    0.9372    0.0450   -1.0435   -4.9439   -0.2875   -3.5150
eta,q 0.98048  7.32108
  0.0200  0.0199  0.0198  0.0201  0.0203  0.0201  0.0200  0.0201  0.0198  0.0200  0.0197  0.0197
  0.0197  0.0197  0.0197  0.0198  0.0199  0.0199  0.0197  0.0198  0.0197  0.0197  0.0196  0.0196
  0.0196  0.0196  0.0196  0.0196  0.0196  0.0197  0.0196  0.0196  0.0195  0.0196  0.0195  0.0195
  0.0195  0.0195  0.0195  0.0195  0.0195  0.0195  0.0195  0.0195  0.0195  0.0195  0.0195  0.0195
  0.0196  0.0196  0.0196  0.0196  0.0196  0.0195  0.0196  0.0196  0.0195  0.0196  0.0195  0.0195
  0.0197  0.0197  0.0196  0.0198  0.0198  0.0197  0.0197  0.0198  0.0197  0.0197  0.0196  0.0196
  0.0200  0.0199  0.0198  0.0201  0.0203  0.0200  0.0200  0.0202  0.0198  0.0200  0.0197  0.0197
registration optimization eta report
parameter search radius
    0.8000    0.8000    0.8000    2.4000    2.4000    2.4000
    2.4000    2.4000    2.4000    2.4000    2.4000    2.4000
100000*second partial in parameter space
       71.       58.       38.       10.       12.        9.
        8.       11.        6.        9.        3.        4.
  0.0200  0.0199  0.0198  0.0201  0.0203  0.0201  0.0200  0.0201  0.0198  0.0200  0.0197  0.0197
  0.0197  0.0197  0.0197  0.0198  0.0199  0.0199  0.0197  0.0198  0.0197  0.0197  0.0196  0.0196
  0.0196  0.0196  0.0196  0.0196  0.0196  0.0197  0.0196  0.0196  0.0195  0.0196  0.0195  0.0195
  0.0195  0.0195  0.0195  0.0195  0.0195  0.0195  0.0195  0.0195  0.0195  0.0195  0.0195  0.0195
  0.0196  0.0196  0.0196  0.0196  0.0196  0.0195  0.0196  0.0196  0.0195  0.0196  0.0195  0.0195
  0.0197  0.0197  0.0196  0.0198  0.0198  0.0197  0.0197  0.0198  0.0197  0.0197  0.0196  0.0196
  0.0200  0.0199  0.0198  0.0201  0.0203  0.0200  0.0200  0.0202  0.0198  0.0200  0.0197  0.0197
   -0.9872  -18.7386   19.8017    3.2732    5.4299    3.6024
    0.9372    0.0450   -1.0435   -4.9439   -0.2875   -3.5150
eta,q 0.98048  7.32108

---------------------------------------------------------------------
compute_vox2vox talsrcimg talsrcimg_to_711-2C_as_mni_average_305_t4 /export01/local/freesurfer//average/711-2C_as_mni_average_305
---------------------------------------------------------------------

$Id: compute_vox2vox.c,v 1.3 2010/02/27 01:41:53 nicks Exp $
Reading: talsrcimg.4dfp.ifh
Reading: talsrcimg_to_711-2C_as_mni_average_305_t4
Reading: /export01/local/freesurfer//average/711-2C_as_mni_average_305.4dfp.ifh
Writing: talsrcimg_to_711-2C_as_mni_average_305_t4_vox2vox.txt

start time Thu Sep 7 12:48:04 EDT 2017
end		time Thu Sep 7 12:48:54 EDT 2017

mpr2mni305 success

avi2talxfm orig_nu.mgz /export01/local/freesurfer//average/mni305.cor.mgz talsrcimg_to_711-2C_as_mni_average_305_t4_vox2vox.txt transforms/talairach.auto.xfm
avi2talxfm done
 
 
Thu Sep  7 12:48:59 EDT 2017
talairach_avi done
