Log file for surfreg
2021. 07. 06. (화) 15:14:56 KST

setenv SUBJECTS_DIR /local_raid1/03_user/seokjun/01_project/08_Vogt_Vogt_mapping/02_data/
cd /local_raid1/03_user/seokjun/01_project/08_Vogt_Vogt_mapping/02_data/COLIN27_FS
/local_raid1/01_software/freesurfer//bin/surfreg --s COLIN27_FS --t fsaverage_sym --lhrh

Linux zeus 5.8.0-55-generic #62~20.04.1-Ubuntu SMP Wed Jun 2 08:55:04 UTC 2021 x86_64 x86_64 x86_64 GNU/Linux
#@# lh 2021. 07. 06. (화) 15:14:56 KST
#CMD# mris_register -curv -annot aparc.annot /local_raid1/03_user/seokjun/01_project/08_Vogt_Vogt_mapping/02_data//COLIN27_FS/surf/lh.sphere /local_raid1/03_user/seokjun/01_project/08_Vogt_Vogt_mapping/02_data//fsaverage_sym/lh.reg.template.tif /local_raid1/03_user/seokjun/01_project/08_Vogt_Vogt_mapping/02_data//COLIN27_FS/surf/lh.fsaverage_sym.sphere.reg
using smoothwm curvature for final alignment
zeroing medial wall in aparc.annot

cwd /local_raid1/03_user/seokjun/01_project/08_Vogt_Vogt_mapping/02_data/COLIN27_FS
cmdline mris_register -curv -annot aparc.annot /local_raid1/03_user/seokjun/01_project/08_Vogt_Vogt_mapping/02_data//COLIN27_FS/surf/lh.sphere /local_raid1/03_user/seokjun/01_project/08_Vogt_Vogt_mapping/02_data//fsaverage_sym/lh.reg.template.tif /local_raid1/03_user/seokjun/01_project/08_Vogt_Vogt_mapping/02_data//COLIN27_FS/surf/lh.fsaverage_sym.sphere.reg 

0 inflated.H
1 sulc
2 smoothwm (computed)
7.1.0
  7.1.0
reading surface from /local_raid1/03_user/seokjun/01_project/08_Vogt_Vogt_mapping/02_data//COLIN27_FS/surf/lh.sphere...
reading template parameterization from /local_raid1/03_user/seokjun/01_project/08_Vogt_Vogt_mapping/02_data//fsaverage_sym/lh.reg.template.tif...
reading colortable from annotation file...
colortable with 36 entries read (originally /autofs/space/terrier_001/users/nicks/freesurfer/average/colortable_desikan_killiany.txt)
ripping medial wall...
MRISregister() -------
max_passes = 4 
min_degrees = 0.500000 
max_degrees = 64.000000 
nangles = 8 
tol=5.0e-01, sigma=0.0, host= zeus, nav=1024, nbrs=1, l_extern=10000.000, l_parea=0.200, l_nlarea=1.000, l_corr=1.000, l_dist=5.000
using quadratic fit line minimization
complete_dist_mat 0
rms 0
smooth_averages 0
remove_neg 0
ico_order 0
which_surface 0
target_radius 0.000000
nfields 0
scale 0.000000
desired_rms_height -1.000000
momentum 0.950000
nbhd_size -10
max_nbrs 10
niterations 25
nsurfaces 0
SURFACES 3
flags 16 (10)
use curv 16
no sulc 0
no rigid align 0
mris->nsize 1
mris->hemisphere 0
randomSeed 0

tol=5.0e-01, sigma=0.0, host= zeus, nav=1024, nbrs=1, l_extern=10000.000, l_parea=0.200, l_nlarea=1.000, l_corr=1.000, l_dist=5.000
using quadratic fit line minimization
--------------------
1 Reading lh.sulc
tol=1.0e+00, sigma=0.5, host= zeus, nav=1024, nbrs=1, l_extern=10000.000, l_parea=0.200, l_nlarea=1.000, l_corr=0.050, l_spring=0.500, l_dist=5.000
using quadratic fit line minimization
curvature mean = -0.000, std = 0.605
curvature mean = 0.050, std = 0.809
curvature mean = 0.025, std = 0.834
Starting MRISrigidBodyAlignGlobal()
Starting new MRISrigidBodyAlignGlobal_findMinSSE()
  new MRISrigidBodyAlignGlobal_findMinSSE min @ (2.00, -5.50, 16.50) sse = 285172.2, elapsed since starting=0.5776 min
MRISrigidBodyAlignGlobal() done   0.58 min
curvature mean = 0.003, std = 0.804
curvature mean = 0.013, std = 0.924
curvature mean = -0.004, std = 0.811
curvature mean = 0.006, std = 0.964
curvature mean = -0.008, std = 0.811
curvature mean = 0.002, std = 0.982
2 Reading smoothwm
curvature mean = -0.026, std = 0.225
curvature mean = 0.034, std = 0.121
curvature mean = 0.059, std = 0.416
curvature mean = 0.033, std = 0.148
curvature mean = 0.026, std = 0.635
curvature mean = 0.033, std = 0.162
curvature mean = 0.012, std = 0.792
curvature mean = 0.033, std = 0.168
curvature mean = 0.003, std = 0.890
MRISregister() return, current seed 0
-01: dt=0.0000, 11 negative triangles
139: dt=0.9900, 11 negative triangles
140: dt=0.9405, 15 negative triangles
expanding nbhd size to 1
141: dt=0.9900, 16 negative triangles
142: dt=0.9900, 17 negative triangles
143: dt=0.9900, 24 negative triangles
144: dt=0.9900, 27 negative triangles
145: dt=0.9900, 27 negative triangles
146: dt=0.9900, 31 negative triangles
147: dt=0.9900, 32 negative triangles
148: dt=0.9900, 37 negative triangles
149: dt=0.9900, 41 negative triangles
150: dt=0.9405, 38 negative triangles
151: dt=0.9405, 37 negative triangles
152: dt=0.9405, 40 negative triangles
153: dt=0.9405, 40 negative triangles
154: dt=0.9405, 39 negative triangles
155: dt=0.9405, 39 negative triangles
156: dt=0.9405, 40 negative triangles
157: dt=0.9405, 40 negative triangles
158: dt=0.9405, 42 negative triangles
159: dt=0.9405, 40 negative triangles
160: dt=0.8935, 38 negative triangles
161: dt=0.8935, 40 negative triangles
162: dt=0.8935, 39 negative triangles
163: dt=0.8935, 40 negative triangles
164: dt=0.8935, 39 negative triangles
165: dt=0.8935, 39 negative triangles
166: dt=0.8935, 41 negative triangles
167: dt=0.8935, 38 negative triangles
168: dt=0.8935, 39 negative triangles
169: dt=0.8935, 38 negative triangles
170: dt=0.8488, 39 negative triangles
171: dt=0.8488, 39 negative triangles
172: dt=0.8488, 39 negative triangles
173: dt=0.8488, 37 negative triangles
174: dt=0.8488, 39 negative triangles
175: dt=0.8488, 38 negative triangles
176: dt=0.8488, 38 negative triangles
177: dt=0.8488, 39 negative triangles
178: dt=0.8488, 37 negative triangles
179: dt=0.8488, 40 negative triangles
180: dt=0.8064, 38 negative triangles
181: dt=0.8064, 37 negative triangles
182: dt=0.8064, 37 negative triangles
183: dt=0.8064, 37 negative triangles
184: dt=0.8064, 38 negative triangles
185: dt=0.8064, 38 negative triangles
186: dt=0.8064, 37 negative triangles
187: dt=0.8064, 40 negative triangles
188: dt=0.8064, 38 negative triangles
189: dt=0.8064, 37 negative triangles
190: dt=0.7660, 37 negative triangles
191: dt=0.7660, 37 negative triangles
192: dt=0.7660, 38 negative triangles
193: dt=0.7660, 37 negative triangles
194: dt=0.7660, 40 negative triangles
195: dt=0.7660, 38 negative triangles
196: dt=0.7660, 38 negative triangles
197: dt=0.7660, 37 negative triangles
198: dt=0.7660, 37 negative triangles
199: dt=0.7660, 40 negative triangles
200: dt=0.7277, 39 negative triangles
201: dt=0.7277, 38 negative triangles
202: dt=0.7277, 38 negative triangles
203: dt=0.7277, 40 negative triangles
204: dt=0.7277, 38 negative triangles
205: dt=0.7277, 38 negative triangles
206: dt=0.7277, 39 negative triangles
207: dt=0.7277, 39 negative triangles
208: dt=0.7277, 38 negative triangles
209: dt=0.7277, 38 negative triangles
210: dt=0.6914, 39 negative triangles
211: dt=0.6914, 39 negative triangles
212: dt=0.6914, 39 negative triangles
213: dt=0.6914, 39 negative triangles
214: dt=0.6914, 41 negative triangles
215: dt=0.6914, 38 negative triangles
216: dt=0.6914, 38 negative triangles
217: dt=0.6914, 40 negative triangles
218: dt=0.6914, 38 negative triangles
219: dt=0.6914, 39 negative triangles
220: dt=0.6568, 40 negative triangles
221: dt=0.6568, 40 negative triangles
222: dt=0.6568, 39 negative triangles
223: dt=0.6568, 40 negative triangles
224: dt=0.6568, 40 negative triangles
225: dt=0.6568, 39 negative triangles
226: dt=0.6568, 40 negative triangles
227: dt=0.6568, 41 negative triangles
228: dt=0.6568, 39 negative triangles
229: dt=0.6568, 41 negative triangles
230: dt=0.6239, 41 negative triangles
231: dt=0.6239, 39 negative triangles
232: dt=0.6239, 39 negative triangles
233: dt=0.6239, 41 negative triangles
234: dt=0.6239, 41 negative triangles
235: dt=0.6239, 41 negative triangles
236: dt=0.6239, 43 negative triangles
237: dt=0.6239, 41 negative triangles
238: dt=0.6239, 40 negative triangles
239: dt=0.6239, 40 negative triangles
240: dt=0.5927, 39 negative triangles
241: dt=0.5927, 39 negative triangles
242: dt=0.5927, 41 negative triangles
243: dt=0.5927, 40 negative triangles
244: dt=0.5927, 41 negative triangles
245: dt=0.5927, 41 negative triangles
246: dt=0.5927, 41 negative triangles
247: dt=0.5927, 41 negative triangles
248: dt=0.5927, 41 negative triangles
249: dt=0.5927, 43 negative triangles
250: dt=0.5631, 42 negative triangles
251: dt=0.5631, 42 negative triangles
252: dt=0.5631, 42 negative triangles
253: dt=0.5631, 43 negative triangles
254: dt=0.5631, 43 negative triangles
255: dt=0.5631, 43 negative triangles
256: dt=0.5631, 42 negative triangles
257: dt=0.5631, 43 negative triangles
258: dt=0.5631, 42 negative triangles
259: dt=0.5631, 42 negative triangles
260: dt=0.5350, 41 negative triangles
261: dt=0.5350, 42 negative triangles
262: dt=0.5350, 42 negative triangles
263: dt=0.5350, 41 negative triangles
264: dt=0.5350, 41 negative triangles
265: dt=0.5350, 41 negative triangles
266: dt=0.5350, 41 negative triangles
267: dt=0.5350, 42 negative triangles
268: dt=0.5350, 41 negative triangles
269: dt=0.5350, 43 negative triangles
270: dt=0.5082, 42 negative triangles
271: dt=0.5082, 42 negative triangles
272: dt=0.5082, 44 negative triangles
273: dt=0.5082, 45 negative triangles
274: dt=0.5082, 42 negative triangles
275: dt=0.5082, 42 negative triangles
276: dt=0.5082, 43 negative triangles
277: dt=0.5082, 42 negative triangles
278: dt=0.5082, 43 negative triangles
279: dt=0.5082, 42 negative triangles
280: dt=0.4828, 42 negative triangles
281: dt=0.4828, 44 negative triangles
282: dt=0.4828, 42 negative triangles
283: dt=0.4828, 42 negative triangles
284: dt=0.4828, 42 negative triangles
285: dt=0.4828, 43 negative triangles
286: dt=0.4828, 43 negative triangles
287: dt=0.4828, 42 negative triangles
288: dt=0.4828, 42 negative triangles
289: dt=0.4828, 42 negative triangles
290: dt=0.4587, 43 negative triangles
291: dt=0.4587, 43 negative triangles
292: dt=0.4587, 42 negative triangles
293: dt=0.4587, 44 negative triangles
294: dt=0.4587, 43 negative triangles
295: dt=0.4587, 42 negative triangles
296: dt=0.4587, 42 negative triangles
297: dt=0.4587, 42 negative triangles
298: dt=0.4587, 42 negative triangles
299: dt=0.4587, 44 negative triangles
300: dt=0.4357, 42 negative triangles
301: dt=0.4357, 43 negative triangles
302: dt=0.4357, 42 negative triangles
303: dt=0.4357, 43 negative triangles
304: dt=0.4357, 43 negative triangles
305: dt=0.4357, 42 negative triangles
306: dt=0.4357, 42 negative triangles
307: dt=0.4357, 42 negative triangles
308: dt=0.4357, 44 negative triangles
309: dt=0.4357, 43 negative triangles
310: dt=0.4139, 42 negative triangles
311: dt=0.4139, 42 negative triangles
312: dt=0.4139, 43 negative triangles
313: dt=0.4139, 43 negative triangles
314: dt=0.4139, 42 negative triangles
315: dt=0.4139, 42 negative triangles
316: dt=0.4139, 43 negative triangles
317: dt=0.4139, 42 negative triangles
318: dt=0.4139, 42 negative triangles
319: dt=0.4139, 42 negative triangles
320: dt=0.3932, 43 negative triangles
321: dt=0.3932, 42 negative triangles
322: dt=0.3932, 42 negative triangles
323: dt=0.3932, 42 negative triangles
324: dt=0.3932, 44 negative triangles
325: dt=0.3932, 42 negative triangles
326: dt=0.3932, 42 negative triangles
327: dt=0.3932, 44 negative triangles
328: dt=0.3932, 42 negative triangles
329: dt=0.3932, 42 negative triangles
330: dt=0.3736, 42 negative triangles
331: dt=0.3736, 42 negative triangles
332: dt=0.3736, 44 negative triangles
333: dt=0.3736, 42 negative triangles
334: dt=0.3736, 42 negative triangles
335: dt=0.3736, 42 negative triangles
336: dt=0.3736, 44 negative triangles
337: dt=0.3736, 43 negative triangles
338: dt=0.3736, 42 negative triangles
339: dt=0.3736, 42 negative triangles
340: dt=0.3549, 43 negative triangles
341: dt=0.3549, 44 negative triangles
342: dt=0.3549, 43 negative triangles
343: dt=0.3549, 42 negative triangles
344: dt=0.3549, 42 negative triangles
345: dt=0.3549, 42 negative triangles
346: dt=0.3549, 43 negative triangles
347: dt=0.3549, 43 negative triangles
348: dt=0.3549, 43 negative triangles
349: dt=0.3549, 42 negative triangles
350: dt=0.3372, 42 negative triangles
351: dt=0.3372, 42 negative triangles
352: dt=0.3372, 43 negative triangles
353: dt=0.3372, 43 negative triangles
354: dt=0.3372, 42 negative triangles
355: dt=0.3372, 42 negative triangles
356: dt=0.3372, 43 negative triangles
357: dt=0.3372, 42 negative triangles
358: dt=0.3372, 42 negative triangles
359: dt=0.3372, 43 negative triangles
360: dt=0.3203, 42 negative triangles
361: dt=0.3203, 42 negative triangles
362: dt=0.3203, 43 negative triangles
363: dt=0.3203, 42 negative triangles
364: dt=0.3203, 44 negative triangles
365: dt=0.3203, 42 negative triangles
366: dt=0.3203, 43 negative triangles
367: dt=0.3203, 42 negative triangles
368: dt=0.3203, 42 negative triangles
369: dt=0.3203, 42 negative triangles
370: dt=0.3043, 43 negative triangles
371: dt=0.3043, 42 negative triangles
372: dt=0.3043, 44 negative triangles
373: dt=0.3043, 42 negative triangles
374: dt=0.3043, 42 negative triangles
375: dt=0.3043, 42 negative triangles
376: dt=0.3043, 43 negative triangles
377: dt=0.3043, 43 negative triangles
378: dt=0.3043, 42 negative triangles
379: dt=0.3043, 43 negative triangles
380: dt=0.2891, 45 negative triangles
381: dt=0.2891, 42 negative triangles
382: dt=0.2891, 42 negative triangles
383: dt=0.2891, 42 negative triangles
384: dt=0.2891, 43 negative triangles
385: dt=0.2891, 42 negative triangles
386: dt=0.2891, 42 negative triangles
387: dt=0.2891, 42 negative triangles
388: dt=0.2891, 44 negative triangles
389: dt=0.2891, 42 negative triangles
390: dt=0.2746, 42 negative triangles
391: dt=0.2746, 42 negative triangles
392: dt=0.2746, 43 negative triangles
393: dt=0.2746, 42 negative triangles
394: dt=0.2746, 42 negative triangles
395: dt=0.2746, 42 negative triangles
396: dt=0.2746, 45 negative triangles
397: dt=0.2746, 42 negative triangles
398: dt=0.2746, 42 negative triangles
399: dt=0.2746, 42 negative triangles
400: dt=0.2609, 43 negative triangles
401: dt=0.2609, 42 negative triangles
402: dt=0.2609, 42 negative triangles
403: dt=0.2609, 42 negative triangles
404: dt=0.2609, 44 negative triangles
405: dt=0.2609, 43 negative triangles
406: dt=0.2609, 42 negative triangles
407: dt=0.2609, 42 negative triangles
408: dt=0.2609, 42 negative triangles
409: dt=0.2609, 43 negative triangles
410: dt=0.2478, 42 negative triangles
411: dt=0.2478, 44 negative triangles
412: dt=0.2478, 42 negative triangles
413: dt=0.2478, 44 negative triangles
414: dt=0.2478, 42 negative triangles
415: dt=0.2478, 43 negative triangles
416: dt=0.2478, 43 negative triangles
417: dt=0.2478, 42 negative triangles
418: dt=0.2478, 43 negative triangles
419: dt=0.2478, 42 negative triangles
420: dt=0.2354, 42 negative triangles
421: dt=0.2354, 43 negative triangles
422: dt=0.2354, 43 negative triangles
423: dt=0.2354, 42 negative triangles
424: dt=0.2354, 42 negative triangles
425: dt=0.2354, 42 negative triangles
426: dt=0.2354, 43 negative triangles
427: dt=0.2354, 42 negative triangles
428: dt=0.2354, 42 negative triangles
429: dt=0.2354, 44 negative triangles
430: dt=0.2237, 44 negative triangles
431: dt=0.2237, 43 negative triangles
432: dt=0.2237, 42 negative triangles
433: dt=0.2237, 42 negative triangles
434: dt=0.2237, 43 negative triangles
435: dt=0.2237, 42 negative triangles
436: dt=0.2237, 42 negative triangles
437: dt=0.2237, 43 negative triangles
438: dt=0.2237, 43 negative triangles
439: dt=0.2237, 42 negative triangles
440: dt=0.2125, 42 negative triangles
441: dt=0.2125, 42 negative triangles
442: dt=0.2125, 43 negative triangles
443: dt=0.2125, 42 negative triangles
444: dt=0.2125, 42 negative triangles
445: dt=0.2125, 43 negative triangles
446: dt=0.2125, 43 negative triangles
447: dt=0.2125, 42 negative triangles
448: dt=0.2125, 42 negative triangles
449: dt=0.2125, 42 negative triangles
450: dt=0.2019, 43 negative triangles
451: dt=0.2019, 42 negative triangles
452: dt=0.2019, 44 negative triangles
453: dt=0.2019, 42 negative triangles
454: dt=0.2019, 43 negative triangles
455: dt=0.2019, 42 negative triangles
456: dt=0.2019, 42 negative triangles
457: dt=0.2019, 42 negative triangles
458: dt=0.2019, 43 negative triangles
459: dt=0.2019, 43 negative triangles
460: dt=0.1918, 43 negative triangles
461: dt=0.1918, 42 negative triangles
462: dt=0.1918, 44 negative triangles
463: dt=0.1918, 42 negative triangles
464: dt=0.1918, 43 negative triangles
465: dt=0.1918, 42 negative triangles
466: dt=0.1918, 42 negative triangles
467: dt=0.1918, 42 negative triangles
468: dt=0.1918, 42 negative triangles
469: dt=0.1918, 43 negative triangles
470: dt=0.1822, 42 negative triangles
471: dt=0.1822, 43 negative triangles
472: dt=0.1822, 42 negative triangles
473: dt=0.1822, 43 negative triangles
474: dt=0.1822, 42 negative triangles
475: dt=0.1822, 42 negative triangles
476: dt=0.1822, 44 negative triangles
477: dt=0.1822, 42 negative triangles
478: dt=0.1822, 42 negative triangles
479: dt=0.1822, 43 negative triangles
480: dt=0.1731, 42 negative triangles
481: dt=0.1731, 43 negative triangles
482: dt=0.1731, 42 negative triangles
483: dt=0.1731, 42 negative triangles
484: dt=0.1731, 42 negative triangles
485: dt=0.1731, 43 negative triangles
486: dt=0.1731, 42 negative triangles
487: dt=0.1731, 42 negative triangles
488: dt=0.1731, 43 negative triangles
489: dt=0.1731, 44 negative triangles
490: dt=0.1644, 42 negative triangles
491: dt=0.1644, 42 negative triangles
492: dt=0.1644, 43 negative triangles
493: dt=0.1644, 43 negative triangles
494: dt=0.1644, 42 negative triangles
495: dt=0.1644, 42 negative triangles
496: dt=0.1644, 43 negative triangles
497: dt=0.1644, 43 negative triangles
498: dt=0.1644, 42 negative triangles
499: dt=0.1644, 43 negative triangles
500: dt=0.1562, 43 negative triangles
501: dt=0.1562, 43 negative triangles
502: dt=0.1562, 42 negative triangles
503: dt=0.1562, 42 negative triangles
504: dt=0.1562, 42 negative triangles
505: dt=0.1562, 42 negative triangles
506: dt=0.1562, 43 negative triangles
507: dt=0.1562, 43 negative triangles
508: dt=0.1562, 43 negative triangles
509: dt=0.1562, 42 negative triangles
510: dt=0.1484, 44 negative triangles
511: dt=0.1484, 43 negative triangles
512: dt=0.1484, 43 negative triangles
513: dt=0.1484, 43 negative triangles
514: dt=0.1484, 43 negative triangles
515: dt=0.1484, 43 negative triangles
516: dt=0.1484, 42 negative triangles
517: dt=0.1484, 42 negative triangles
518: dt=0.1484, 44 negative triangles
519: dt=0.1484, 42 negative triangles
520: dt=0.1410, 42 negative triangles
521: dt=0.1410, 43 negative triangles
522: dt=0.1410, 43 negative triangles
523: dt=0.1410, 43 negative triangles
524: dt=0.1410, 44 negative triangles
525: dt=0.1410, 42 negative triangles
526: dt=0.1410, 43 negative triangles
527: dt=0.1410, 42 negative triangles
528: dt=0.1410, 42 negative triangles
529: dt=0.1410, 44 negative triangles
530: dt=0.1339, 42 negative triangles
531: dt=0.1339, 42 negative triangles
532: dt=0.1339, 44 negative triangles
533: dt=0.1339, 43 negative triangles
534: dt=0.1339, 42 negative triangles
535: dt=0.1339, 43 negative triangles
536: dt=0.1339, 43 negative triangles
537: dt=0.1339, 43 negative triangles
538: dt=0.1339, 42 negative triangles
539: dt=0.1339, 42 negative triangles
540: dt=0.1272, 43 negative triangles
541: dt=0.1272, 43 negative triangles
542: dt=0.1272, 42 negative triangles
543: dt=0.1272, 43 negative triangles
544: dt=0.1272, 42 negative triangles
545: dt=0.1272, 43 negative triangles
546: dt=0.1272, 43 negative triangles
547: dt=0.1272, 43 negative triangles
548: dt=0.1272, 43 negative triangles
549: dt=0.1272, 43 negative triangles
550: dt=0.1209, 42 negative triangles
551: dt=0.1209, 42 negative triangles
552: dt=0.1209, 44 negative triangles
553: dt=0.1209, 42 negative triangles
554: dt=0.1209, 42 negative triangles
555: dt=0.1209, 43 negative triangles
556: dt=0.1209, 43 negative triangles
557: dt=0.1209, 42 negative triangles
558: dt=0.1209, 43 negative triangles
559: dt=0.1209, 42 negative triangles
560: dt=0.1148, 43 negative triangles
561: dt=0.1148, 45 negative triangles
562: dt=0.1148, 42 negative triangles
563: dt=0.1148, 42 negative triangles
564: dt=0.1148, 43 negative triangles
565: dt=0.1148, 42 negative triangles
566: dt=0.1148, 42 negative triangles
567: dt=0.1148, 44 negative triangles
568: dt=0.1148, 42 negative triangles
569: dt=0.1148, 42 negative triangles
570: dt=0.1091, 43 negative triangles
571: dt=0.1091, 43 negative triangles
572: dt=0.1091, 43 negative triangles
573: dt=0.1091, 45 negative triangles
574: dt=0.1091, 43 negative triangles
575: dt=0.1091, 43 negative triangles
576: dt=0.1091, 44 negative triangles
577: dt=0.1091, 44 negative triangles
578: dt=0.1091, 44 negative triangles
579: dt=0.1091, 44 negative triangles
580: dt=0.1036, 43 negative triangles
581: dt=0.1036, 43 negative triangles
582: dt=0.1036, 45 negative triangles
583: dt=0.1036, 43 negative triangles
584: dt=0.1036, 43 negative triangles
585: dt=0.1036, 45 negative triangles
586: dt=0.1036, 43 negative triangles
587: dt=0.1036, 43 negative triangles
588: dt=0.1036, 44 negative triangles
589: dt=0.1036, 44 negative triangles
590: dt=0.0984, 44 negative triangles
591: dt=0.0984, 44 negative triangles
592: dt=0.0984, 44 negative triangles
593: dt=0.0984, 44 negative triangles
594: dt=0.0984, 45 negative triangles
595: dt=0.0984, 43 negative triangles
596: dt=0.0984, 44 negative triangles
597: dt=0.0984, 45 negative triangles
598: dt=0.0984, 43 negative triangles
599: dt=0.0984, 44 negative triangles
600: dt=0.0935, 44 negative triangles
601: dt=0.0935, 44 negative triangles
602: dt=0.0935, 44 negative triangles
603: dt=0.0935, 43 negative triangles
604: dt=0.0935, 43 negative triangles
605: dt=0.0935, 45 negative triangles
606: dt=0.0935, 43 negative triangles
607: dt=0.0935, 43 negative triangles
608: dt=0.0935, 44 negative triangles
609: dt=0.0935, 44 negative triangles
610: dt=0.0888, 45 negative triangles
611: dt=0.0888, 43 negative triangles
612: dt=0.0888, 43 negative triangles
613: dt=0.0888, 44 negative triangles
614: dt=0.0888, 43 negative triangles
615: dt=0.0888, 43 negative triangles
616: dt=0.0888, 45 negative triangles
617: dt=0.0888, 43 negative triangles
618: dt=0.0888, 45 negative triangles
619: dt=0.0888, 43 negative triangles
620: dt=0.0844, 44 negative triangles
621: dt=0.0844, 44 negative triangles
622: dt=0.0844, 44 negative triangles
623: dt=0.0844, 43 negative triangles
624: dt=0.0844, 44 negative triangles
625: dt=0.0844, 43 negative triangles
626: dt=0.0844, 43 negative triangles
627: dt=0.0844, 45 negative triangles
628: dt=0.0844, 43 negative triangles
629: dt=0.0844, 44 negative triangles
630: dt=0.0802, 43 negative triangles
631: dt=0.0802, 44 negative triangles
632: dt=0.0802, 44 negative triangles
633: dt=0.0802, 44 negative triangles
634: dt=0.0802, 44 negative triangles
635: dt=0.0802, 44 negative triangles
636: dt=0.0802, 43 negative triangles
637: dt=0.0802, 44 negative triangles
638: dt=0.0802, 44 negative triangles
639: dt=0.0802, 44 negative triangles
640: dt=0.0762, 44 negative triangles
641: dt=0.0762, 43 negative triangles
642: dt=0.0762, 43 negative triangles
643: dt=0.0762, 45 negative triangles
644: dt=0.0762, 43 negative triangles
645: dt=0.0762, 44 negative triangles
646: dt=0.0762, 44 negative triangles
647: dt=0.0762, 44 negative triangles
648: dt=0.0762, 45 negative triangles
649: dt=0.0762, 43 negative triangles
650: dt=0.0724, 43 negative triangles
651: dt=0.0724, 44 negative triangles
652: dt=0.0724, 43 negative triangles
653: dt=0.0724, 44 negative triangles
654: dt=0.0724, 44 negative triangles
655: dt=0.0724, 43 negative triangles
656: dt=0.0724, 44 negative triangles
657: dt=0.0724, 43 negative triangles
658: dt=0.0724, 44 negative triangles
659: dt=0.0724, 45 negative triangles
660: dt=0.0687, 43 negative triangles
661: dt=0.0687, 44 negative triangles
662: dt=0.0687, 44 negative triangles
663: dt=0.0687, 44 negative triangles
664: dt=0.0687, 44 negative triangles
665: dt=0.0687, 45 negative triangles
666: dt=0.0687, 44 negative triangles
667: dt=0.0687, 43 negative triangles
668: dt=0.0687, 43 negative triangles
669: dt=0.0687, 45 negative triangles
670: dt=0.0653, 43 negative triangles
671: dt=0.0653, 43 negative triangles
672: dt=0.0653, 45 negative triangles
673: dt=0.0653, 43 negative triangles
674: dt=0.0653, 44 negative triangles
675: dt=0.0653, 43 negative triangles
676: dt=0.0653, 43 negative triangles
677: dt=0.0653, 45 negative triangles
678: dt=0.0653, 45 negative triangles
679: dt=0.0653, 44 negative triangles
680: dt=0.0620, 43 negative triangles
681: dt=0.0620, 44 negative triangles
682: dt=0.0620, 44 negative triangles
683: dt=0.0620, 43 negative triangles
684: dt=0.0620, 45 negative triangles
685: dt=0.0620, 43 negative triangles
686: dt=0.0620, 43 negative triangles
687: dt=0.0620, 44 negative triangles
688: dt=0.0620, 44 negative triangles
689: dt=0.0620, 44 negative triangles
690: dt=0.0589, 43 negative triangles
691: dt=0.0589, 43 negative triangles
692: dt=0.0589, 45 negative triangles
693: dt=0.0589, 44 negative triangles
694: dt=0.0589, 44 negative triangles
695: dt=0.0589, 43 negative triangles
696: dt=0.0589, 44 negative triangles
697: dt=0.0589, 45 negative triangles
698: dt=0.0589, 43 negative triangles
699: dt=0.0589, 44 negative triangles
700: dt=0.0560, 43 negative triangles
701: dt=0.0560, 43 negative triangles
702: dt=0.0560, 44 negative triangles
703: dt=0.0560, 43 negative triangles
704: dt=0.0560, 45 negative triangles
705: dt=0.0560, 43 negative triangles
706: dt=0.0560, 43 negative triangles
707: dt=0.0560, 45 negative triangles
708: dt=0.0560, 44 negative triangles
709: dt=0.0560, 45 negative triangles
710: dt=0.0532, 43 negative triangles
711: dt=0.0532, 43 negative triangles
712: dt=0.0532, 44 negative triangles
713: dt=0.0532, 43 negative triangles
714: dt=0.0532, 44 negative triangles
715: dt=0.0532, 44 negative triangles
716: dt=0.0532, 43 negative triangles
717: dt=0.0532, 44 negative triangles
718: dt=0.0532, 43 negative triangles
719: dt=0.0532, 45 negative triangles
720: dt=0.0505, 43 negative triangles
721: dt=0.0505, 43 negative triangles
722: dt=0.0505, 45 negative triangles
723: dt=0.0505, 45 negative triangles
724: dt=0.0505, 44 negative triangles
725: dt=0.0505, 44 negative triangles
726: dt=0.0505, 43 negative triangles
727: dt=0.0505, 45 negative triangles
728: dt=0.0505, 43 negative triangles
729: dt=0.0505, 44 negative triangles
730: dt=0.0480, 44 negative triangles
731: dt=0.0480, 44 negative triangles
732: dt=0.0480, 44 negative triangles
733: dt=0.0480, 43 negative triangles
734: dt=0.0480, 44 negative triangles
735: dt=0.0480, 44 negative triangles
736: dt=0.0480, 45 negative triangles
737: dt=0.0480, 44 negative triangles
738: dt=0.0480, 43 negative triangles
739: dt=0.0480, 44 negative triangles
740: dt=0.0456, 43 negative triangles
741: dt=0.0456, 43 negative triangles
742: dt=0.0456, 45 negative triangles
743: dt=0.0456, 43 negative triangles
744: dt=0.0456, 44 negative triangles
745: dt=0.0456, 43 negative triangles
746: dt=0.0456, 45 negative triangles
747: dt=0.0456, 43 negative triangles
748: dt=0.0456, 43 negative triangles
749: dt=0.0456, 45 negative triangles
750: dt=0.0433, 43 negative triangles
751: dt=0.0433, 45 negative triangles
752: dt=0.0433, 43 negative triangles
753: dt=0.0433, 43 negative triangles
754: dt=0.0433, 45 negative triangles
755: dt=0.0433, 43 negative triangles
756: dt=0.0433, 44 negative triangles
757: dt=0.0433, 43 negative triangles
758: dt=0.0433, 45 negative triangles
759: dt=0.0433, 43 negative triangles
760: dt=0.0412, 43 negative triangles
761: dt=0.0412, 44 negative triangles
762: dt=0.0412, 44 negative triangles
763: dt=0.0412, 45 negative triangles
764: dt=0.0412, 43 negative triangles
765: dt=0.0412, 43 negative triangles
766: dt=0.0412, 45 negative triangles
767: dt=0.0412, 44 negative triangles
768: dt=0.0412, 44 negative triangles
769: dt=0.0412, 44 negative triangles
770: dt=0.0391, 43 negative triangles
771: dt=0.0391, 44 negative triangles
772: dt=0.0391, 43 negative triangles
773: dt=0.0391, 45 negative triangles
774: dt=0.0391, 44 negative triangles
775: dt=0.0391, 44 negative triangles
776: dt=0.0391, 43 negative triangles
777: dt=0.0391, 43 negative triangles
778: dt=0.0391, 44 negative triangles
779: dt=0.0391, 43 negative triangles
780: dt=0.0371, 45 negative triangles
781: dt=0.0371, 43 negative triangles
782: dt=0.0371, 44 negative triangles
783: dt=0.0371, 43 negative triangles
784: dt=0.0371, 44 negative triangles
785: dt=0.0371, 44 negative triangles
786: dt=0.0371, 43 negative triangles
787: dt=0.0371, 44 negative triangles
788: dt=0.0371, 45 negative triangles
789: dt=0.0371, 44 negative triangles
790: dt=0.0353, 43 negative triangles
791: dt=0.0353, 43 negative triangles
792: dt=0.0353, 45 negative triangles
793: dt=0.0353, 43 negative triangles
794: dt=0.0353, 44 negative triangles
795: dt=0.0353, 43 negative triangles
796: dt=0.0353, 45 negative triangles
797: dt=0.0353, 44 negative triangles
798: dt=0.0353, 43 negative triangles
799: dt=0.0353, 45 negative triangles
800: dt=0.0335, 44 negative triangles
801: dt=0.0335, 44 negative triangles
802: dt=0.0335, 44 negative triangles
803: dt=0.0335, 43 negative triangles
804: dt=0.0335, 44 negative triangles
805: dt=0.0335, 43 negative triangles
806: dt=0.0335, 44 negative triangles
807: dt=0.0335, 44 negative triangles
808: dt=0.0335, 44 negative triangles
809: dt=0.0335, 43 negative triangles
810: dt=0.0319, 43 negative triangles
811: dt=0.0319, 46 negative triangles
812: dt=0.0319, 43 negative triangles
813: dt=0.0319, 44 negative triangles
814: dt=0.0319, 43 negative triangles
815: dt=0.0319, 45 negative triangles
816: dt=0.0319, 44 negative triangles
817: dt=0.0319, 43 negative triangles
818: dt=0.0319, 44 negative triangles
819: dt=0.0319, 43 negative triangles
820: dt=0.0303, 44 negative triangles
821: dt=0.0303, 43 negative triangles
822: dt=0.0303, 45 negative triangles
823: dt=0.0303, 43 negative triangles
824: dt=0.0303, 43 negative triangles
825: dt=0.0303, 44 negative triangles
826: dt=0.0303, 45 negative triangles
827: dt=0.0303, 44 negative triangles
828: dt=0.0303, 43 negative triangles
829: dt=0.0303, 45 negative triangles
830: dt=0.0287, 43 negative triangles
831: dt=0.0287, 43 negative triangles
832: dt=0.0287, 44 negative triangles
833: dt=0.0287, 44 negative triangles
834: dt=0.0287, 44 negative triangles
835: dt=0.0287, 43 negative triangles
836: dt=0.0287, 43 negative triangles
837: dt=0.0287, 45 negative triangles
838: dt=0.0287, 43 negative triangles
839: dt=0.0287, 44 negative triangles
840: dt=0.0273, 43 negative triangles
841: dt=0.0273, 45 negative triangles
842: dt=0.0273, 45 negative triangles
843: dt=0.0273, 43 negative triangles
844: dt=0.0273, 44 negative triangles
845: dt=0.0273, 43 negative triangles
846: dt=0.0273, 44 negative triangles
847: dt=0.0273, 43 negative triangles
848: dt=0.0273, 45 negative triangles
849: dt=0.0273, 43 negative triangles
850: dt=0.0259, 44 negative triangles
851: dt=0.0259, 43 negative triangles
852: dt=0.0259, 44 negative triangles
853: dt=0.0259, 44 negative triangles
854: dt=0.0259, 43 negative triangles
855: dt=0.0259, 44 negative triangles
856: dt=0.0259, 45 negative triangles
857: dt=0.0259, 45 negative triangles
858: dt=0.0259, 43 negative triangles
859: dt=0.0259, 43 negative triangles
860: dt=0.0246, 46 negative triangles
861: dt=0.0246, 44 negative triangles
862: dt=0.0246, 44 negative triangles
863: dt=0.0246, 43 negative triangles
864: dt=0.0246, 45 negative triangles
865: dt=0.0246, 43 negative triangles
866: dt=0.0246, 43 negative triangles
867: dt=0.0246, 45 negative triangles
868: dt=0.0246, 44 negative triangles
869: dt=0.0246, 44 negative triangles
870: dt=0.0234, 43 negative triangles
871: dt=0.0234, 43 negative triangles
872: dt=0.0234, 44 negative triangles
873: dt=0.0234, 43 negative triangles
874: dt=0.0234, 44 negative triangles
875: dt=0.0234, 44 negative triangles
876: dt=0.0234, 44 negative triangles
877: dt=0.0234, 44 negative triangles
878: dt=0.0234, 43 negative triangles
879: dt=0.0234, 45 negative triangles
880: dt=0.0222, 43 negative triangles
881: dt=0.0222, 44 negative triangles
882: dt=0.0222, 44 negative triangles
883: dt=0.0222, 45 negative triangles
884: dt=0.0222, 43 negative triangles
885: dt=0.0222, 44 negative triangles
886: dt=0.0222, 43 negative triangles
887: dt=0.0222, 44 negative triangles
888: dt=0.0222, 44 negative triangles
889: dt=0.0222, 43 negative triangles
890: dt=0.0211, 45 negative triangles
891: dt=0.0211, 43 negative triangles
892: dt=0.0211, 44 negative triangles
893: dt=0.0211, 44 negative triangles
894: dt=0.0211, 45 negative triangles
895: dt=0.0211, 43 negative triangles
896: dt=0.0211, 43 negative triangles
897: dt=0.0211, 44 negative triangles
898: dt=0.0211, 43 negative triangles
899: dt=0.0211, 44 negative triangles
900: dt=0.0201, 43 negative triangles
901: dt=0.0201, 45 negative triangles
902: dt=0.0201, 43 negative triangles
903: dt=0.0201, 45 negative triangles
904: dt=0.0201, 43 negative triangles
905: dt=0.0201, 45 negative triangles
906: dt=0.0201, 43 negative triangles
907: dt=0.0201, 44 negative triangles
908: dt=0.0201, 44 negative triangles
909: dt=0.0201, 43 negative triangles
910: dt=0.0191, 44 negative triangles
911: dt=0.0191, 43 negative triangles
912: dt=0.0191, 45 negative triangles
913: dt=0.0191, 43 negative triangles
914: dt=0.0191, 44 negative triangles
915: dt=0.0191, 43 negative triangles
916: dt=0.0191, 45 negative triangles
917: dt=0.0191, 43 negative triangles
918: dt=0.0191, 44 negative triangles
919: dt=0.0191, 44 negative triangles
920: dt=0.0181, 45 negative triangles
921: dt=0.0181, 44 negative triangles
922: dt=0.0181, 43 negative triangles
923: dt=0.0181, 45 negative triangles
924: dt=0.0181, 43 negative triangles
925: dt=0.0181, 43 negative triangles
926: dt=0.0181, 44 negative triangles
927: dt=0.0181, 44 negative triangles
928: dt=0.0181, 44 negative triangles
929: dt=0.0181, 43 negative triangles
930: dt=0.0172, 44 negative triangles
931: dt=0.0172, 44 negative triangles
932: dt=0.0172, 43 negative triangles
933: dt=0.0172, 45 negative triangles
934: dt=0.0172, 44 negative triangles
935: dt=0.0172, 44 negative triangles
936: dt=0.0172, 43 negative triangles
937: dt=0.0172, 44 negative triangles
938: dt=0.0172, 44 negative triangles
939: dt=0.0172, 43 negative triangles
940: dt=0.0164, 44 negative triangles
941: dt=0.0164, 43 negative triangles
942: dt=0.0164, 45 negative triangles
943: dt=0.0164, 43 negative triangles
944: dt=0.0164, 44 negative triangles
945: dt=0.0164, 43 negative triangles
946: dt=0.0164, 46 negative triangles
947: dt=0.0164, 43 negative triangles
948: dt=0.0164, 43 negative triangles
949: dt=0.0164, 44 negative triangles
950: dt=0.0155, 45 negative triangles
951: dt=0.0155, 44 negative triangles
952: dt=0.0155, 43 negative triangles
953: dt=0.0155, 45 negative triangles
954: dt=0.0155, 44 negative triangles
955: dt=0.0155, 43 negative triangles
956: dt=0.0155, 44 negative triangles
957: dt=0.0155, 44 negative triangles
958: dt=0.0155, 44 negative triangles
959: dt=0.0155, 43 negative triangles
960: dt=0.0148, 45 negative triangles
961: dt=0.0148, 44 negative triangles
962: dt=0.0148, 44 negative triangles
963: dt=0.0148, 43 negative triangles
964: dt=0.0148, 43 negative triangles
965: dt=0.0148, 45 negative triangles
966: dt=0.0148, 43 negative triangles
967: dt=0.0148, 44 negative triangles
968: dt=0.0148, 44 negative triangles
969: dt=0.0148, 44 negative triangles
970: dt=0.0140, 43 negative triangles
971: dt=0.0140, 44 negative triangles
972: dt=0.0140, 44 negative triangles
973: dt=0.0140, 45 negative triangles
974: dt=0.0140, 43 negative triangles
975: dt=0.0140, 44 negative triangles
976: dt=0.0140, 43 negative triangles
977: dt=0.0140, 43 negative triangles
978: dt=0.0140, 44 negative triangles
979: dt=0.0140, 44 negative triangles
980: dt=0.0133, 44 negative triangles
981: dt=0.0133, 44 negative triangles
982: dt=0.0133, 44 negative triangles
983: dt=0.0133, 44 negative triangles
984: dt=0.0133, 44 negative triangles
985: dt=0.0133, 44 negative triangles
986: dt=0.0133, 44 negative triangles
987: dt=0.0133, 43 negative triangles
988: dt=0.0133, 44 negative triangles
989: dt=0.0133, 43 negative triangles
990: dt=0.0127, 44 negative triangles
991: dt=0.0127, 44 negative triangles
992: dt=0.0127, 43 negative triangles
993: dt=0.0127, 44 negative triangles
994: dt=0.0127, 44 negative triangles
995: dt=0.0127, 44 negative triangles
996: dt=0.0127, 43 negative triangles
997: dt=0.0127, 45 negative triangles
998: dt=0.0127, 46 negative triangles
999: dt=0.0127, 44 negative triangles
writing registered surface to /local_raid1/03_user/seokjun/01_project/08_Vogt_Vogt_mapping/02_data//COLIN27_FS/surf/lh.fsaverage_sym.sphere.reg...
1000: dt=0.0120, 43 negative triangles
terminating loop due to lack of progress
1001: 45 negative triangles
registration took 0.30 hours
#VMPC# mris_register VmPeak  4639856
FSRUNTIME@ mris_register  0.3049 hours 1 threads
#@# rh 2021. 07. 06. (화) 15:33:13 KST
#CMD# mris_register -curv -annot aparc.annot /local_raid1/03_user/seokjun/01_project/08_Vogt_Vogt_mapping/02_data//COLIN27_FS/surf/rh.sphere /local_raid1/03_user/seokjun/01_project/08_Vogt_Vogt_mapping/02_data//fsaverage_sym/rh.reg.template.tif /local_raid1/03_user/seokjun/01_project/08_Vogt_Vogt_mapping/02_data//COLIN27_FS/surf/rh.fsaverage_sym.sphere.reg
using smoothwm curvature for final alignment
zeroing medial wall in aparc.annot

cwd /local_raid1/03_user/seokjun/01_project/08_Vogt_Vogt_mapping/02_data/COLIN27_FS
cmdline mris_register -curv -annot aparc.annot /local_raid1/03_user/seokjun/01_project/08_Vogt_Vogt_mapping/02_data//COLIN27_FS/surf/rh.sphere /local_raid1/03_user/seokjun/01_project/08_Vogt_Vogt_mapping/02_data//fsaverage_sym/rh.reg.template.tif /local_raid1/03_user/seokjun/01_project/08_Vogt_Vogt_mapping/02_data//COLIN27_FS/surf/rh.fsaverage_sym.sphere.reg 

0 inflated.H
1 sulc
2 smoothwm (computed)
7.1.0
  7.1.0
reading surface from /local_raid1/03_user/seokjun/01_project/08_Vogt_Vogt_mapping/02_data//COLIN27_FS/surf/rh.sphere...
reading template parameterization from /local_raid1/03_user/seokjun/01_project/08_Vogt_Vogt_mapping/02_data//fsaverage_sym/rh.reg.template.tif...
reading colortable from annotation file...
colortable with 36 entries read (originally /autofs/space/terrier_001/users/nicks/freesurfer/average/colortable_desikan_killiany.txt)
ripping medial wall...
MRISregister() -------
max_passes = 4 
min_degrees = 0.500000 
max_degrees = 64.000000 
nangles = 8 
tol=5.0e-01, sigma=0.0, host= zeus, nav=1024, nbrs=1, l_extern=10000.000, l_parea=0.200, l_nlarea=1.000, l_corr=1.000, l_dist=5.000
using quadratic fit line minimization
complete_dist_mat 0
rms 0
smooth_averages 0
remove_neg 0
ico_order 0
which_surface 0
target_radius 0.000000
nfields 0
scale 0.000000
desired_rms_height -1.000000
momentum 0.950000
nbhd_size -10
max_nbrs 10
niterations 25
nsurfaces 0
SURFACES 3
flags 16 (10)
use curv 16
no sulc 0
no rigid align 0
mris->nsize 1
mris->hemisphere 1
randomSeed 0

tol=5.0e-01, sigma=0.0, host= zeus, nav=1024, nbrs=1, l_extern=10000.000, l_parea=0.200, l_nlarea=1.000, l_corr=1.000, l_dist=5.000
using quadratic fit line minimization
--------------------
1 Reading rh.sulc
tol=1.0e+00, sigma=0.5, host= zeus, nav=1024, nbrs=1, l_extern=10000.000, l_parea=0.200, l_nlarea=1.000, l_corr=0.050, l_spring=0.500, l_dist=5.000
using quadratic fit line minimization
curvature mean = -0.001, std = 0.610
curvature mean = 0.059, std = 0.794
curvature mean = 0.023, std = 0.839
Starting MRISrigidBodyAlignGlobal()
Starting new MRISrigidBodyAlignGlobal_findMinSSE()
  new MRISrigidBodyAlignGlobal_findMinSSE min @ (9.50, -11.00, 19.00) sse = 276156.5, elapsed since starting=0.5357 min
MRISrigidBodyAlignGlobal() done   0.54 min
curvature mean = 0.009, std = 0.810
curvature mean = 0.010, std = 0.932
curvature mean = 0.000, std = 0.817
curvature mean = 0.004, std = 0.971
curvature mean = -0.002, std = 0.819
curvature mean = 0.001, std = 0.987
2 Reading smoothwm
curvature mean = -0.025, std = 0.226
curvature mean = 0.034, std = 0.121
curvature mean = 0.050, std = 0.417
curvature mean = 0.032, std = 0.150
curvature mean = 0.021, std = 0.636
curvature mean = 0.032, std = 0.164
curvature mean = 0.009, std = 0.787
curvature mean = 0.032, std = 0.170
curvature mean = 0.003, std = 0.882
MRISregister() return, current seed 0
-01: dt=0.0000, 54 negative triangles
147: dt=0.9900, 54 negative triangles
148: dt=0.9900, 44 negative triangles
149: dt=0.9900, 47 negative triangles
150: dt=0.9900, 31 negative triangles
151: dt=0.9900, 34 negative triangles
152: dt=0.9900, 32 negative triangles
153: dt=0.9900, 22 negative triangles
154: dt=0.9900, 24 negative triangles
155: dt=0.9900, 18 negative triangles
156: dt=0.9900, 18 negative triangles
157: dt=0.9900, 17 negative triangles
158: dt=0.9900, 11 negative triangles
159: dt=0.9900, 13 negative triangles
160: dt=0.9900, 14 negative triangles
161: dt=0.9900, 9 negative triangles
162: dt=0.9900, 8 negative triangles
163: dt=0.9900, 8 negative triangles
164: dt=0.9900, 15 negative triangles
165: dt=0.9900, 4 negative triangles
166: dt=0.9900, 5 negative triangles
167: dt=0.9900, 3 negative triangles
168: dt=0.9900, 5 negative triangles
169: dt=0.9900, 1 negative triangles
170: dt=0.9900, 3 negative triangles
171: dt=0.9900, 3 negative triangles
172: dt=0.9900, 5 negative triangles
173: dt=0.9900, 1 negative triangles
174: dt=0.9900, 1 negative triangles
175: dt=0.9900, 3 negative triangles
176: dt=0.9900, 1 negative triangles
writing registered surface to /local_raid1/03_user/seokjun/01_project/08_Vogt_Vogt_mapping/02_data//COLIN27_FS/surf/rh.fsaverage_sym.sphere.reg...
registration took 0.20 hours
#VMPC# mris_register VmPeak  2496540
FSRUNTIME@ mris_register  0.2039 hours 1 threads
surfreg-Run-Time-Hours COLIN27_FS lhrh 0 0.51
2021. 07. 06. (화) 15:45:28 KST
surfreg done
