/local_raid1/03_user/seokjun/01_project/08_Vogt_Vogt_mapping/02_data/COLIN27_FS/xhemi/mri
/local_raid1/01_software/freesurfer//bin/talairach_avi
--i orig_nu.mgz --xfm transforms/talairach.auto.xfm
talairach_avi 7.1.0
Linux zeus 5.8.0-55-generic #62~20.04.1-Ubuntu SMP Wed Jun 2 08:55:04 UTC 2021 x86_64 x86_64 x86_64 GNU/Linux
2021. 07. 06. (화) 17:07:50 KST
mri_convert orig_nu.mgz talsrcimg.img 
reading from orig_nu.mgz...
TR=0.00, TE=0.00, TI=0.00, flip angle=0.00
i_ras = (-1, 0, 0)
j_ras = (0, 0, -1)
k_ras = (0, 1, 0)
writing to talsrcimg.img...
Analyze Output Matrix
-1.00000   0.00000   0.00000   129.50000;
 0.00000   0.00000   1.00000  -146.50000;
 0.00000  -1.00000   0.00000   147.50000;
 0.00000   0.00000   0.00000   1.00000;
--------------------
INFO: set hdr.hist.orient to -1
mpr2mni305 talsrcimg
2021. 07. 06. (화) 17:07:50 KST
/local_raid1/01_software/freesurfer//bin/mpr2mni305 talsrcimg
mpr2mni305 7.1.0
target=711-2C_as_mni_average_305

---------------------------------------------------------------------
analyzeto4dfp talsrcimg -O0 -y
---------------------------------------------------------------------

freesurfer ifh2hdr.c
Tue Jul  6 17:07:51 2021
Writing: talsrcimg.4dfp.hdr
freesurfer analyzeto4dfp.c
Reading: talsrcimg.hdr
header size 348 bytes
hdr.dime.datatype	offset=70	value=2
hdr.dime.bitpix		offset=72	value=8
hdr.hist.orient		offset=252	value=-1
dimensionality     4
dimensions       256       256       256         1
Reading: talsrcimg.img
Writing: talsrcimg.4dfp.img
Writing: talsrcimg.4dfp.ifh
ifh2hdr talsrcimg -r0to234
ori=2

---------------------------------------------------------------------
gauss_4dfp talsrcimg 1.1
---------------------------------------------------------------------

freesurfer gauss_4dfp.c
Reading: talsrcimg.4dfp.img
Writing: talsrcimg_g11.4dfp.img
image dimensions 256 256 256 padded to 288 288 288
processing volume 1freesurfer ifh2hdr.c
Tue Jul  6 17:07:55 2021
Writing: talsrcimg_g11.4dfp.hdr

Writing: talsrcimg_g11.4dfp.ifh
including: talsrcimg.4dfp.img.rec in talsrcimg_g11.4dfp.img.rec

---------------------------------------------------------------------
imgreg_4dfp /local_raid1/01_software/freesurfer//average/711-2C_as_mni_average_305 none talsrcimg_g11 none talsrcimg_to_711-2C_as_mni_average_305_t4 4355
---------------------------------------------------------------------

freesurfer imgreg_4dfp.c
/local_raid1/01_software/freesurfer//average/711-2C_as_mni_average_305.4dfp.img
       256       256       256         1
  1.000000  1.000000  1.000000
orientation T byte_order littleendian
Reading image: /local_raid1/01_software/freesurfer//average/711-2C_as_mni_average_305.4dfp.img
dimensions:      256       256       256
mmppix:       1.0000   -1.0000   -1.0000
center:     128.0000 -129.0000 -129.0000
talsrcimg_g11.4dfp.img
       256       256       256         1
  1.000000  1.000000  1.000000
orientation T byte_order littleendian
Reading image: talsrcimg_g11.4dfp.img
dimensions:      256       256       256
mmppix:       1.0000   -1.0000   -1.0000
center:     128.0000 -129.0000 -129.0000
t4_read: open error in t4_sub.f l:  41 t4_file(1:l)talsrcimg_to_711-2C_as_mni_average_305_t4 
t4_read: transform initialized to I4
rotation matrix determinant  1.000000
image alignment mode   4355 decimal     1103 hex
   -7.5000  -45.0000  -45.0000 8442.7188    8.9604
    0.0000  -45.0000  -45.0000 8869.2764    8.9550
    7.5000  -45.0000  -45.0000 8535.5391    8.9487
   -7.5000  -37.5000  -45.0000 8747.8545    8.9410
    0.0000  -37.5000  -45.0000 9184.6963    8.9348
    7.5000  -37.5000  -45.0000 8834.9277    8.9287
   -7.5000  -30.0000  -45.0000 9440.0742    8.9617
    0.0000  -30.0000  -45.0000 9887.7568    8.9557
    7.5000  -30.0000  -45.0000 9517.1162    8.9484
   -7.5000  -22.5000  -45.000010192.9668    8.9213
    0.0000  -22.5000  -45.000010666.1855    8.9160
    7.5000  -22.5000  -45.000010277.4561    8.9069
   -7.5000  -15.0000  -45.000010933.8594    8.8675
    0.0000  -15.0000  -45.000011468.0586    8.8624
    7.5000  -15.0000  -45.000011053.6240    8.8527
   -7.5000   -7.5000  -45.000011452.2598    8.8509
    0.0000   -7.5000  -45.000012014.3301    8.8455
    7.5000   -7.5000  -45.000011611.1641    8.8373
   -7.5000    0.0000  -45.000011596.6533    8.8841
    0.0000    0.0000  -45.000012161.8965    8.8782
    7.5000    0.0000  -45.000011748.5781    8.8718
   -7.5000    7.5000  -45.000010852.9453    8.9410
    0.0000    7.5000  -45.000011400.9141    8.9348
    7.5000    7.5000  -45.000011003.5117    8.9287
   -7.5000   15.0000  -45.000010054.5039    8.9617
    0.0000   15.0000  -45.000010559.9326    8.9557
    7.5000   15.0000  -45.000010176.4287    8.9484
   -7.5000   22.5000  -45.0000 9270.6172    8.9201
    0.0000   22.5000  -45.0000 9746.5410    8.9148
    7.5000   22.5000  -45.0000 9369.0947    8.9057
   -7.5000   30.0000  -45.0000 8470.9141    8.7493
    0.0000   30.0000  -45.0000 8916.4902    8.7443
    7.5000   30.0000  -45.0000 8555.6904    8.7348
   -7.5000   37.5000  -45.0000 8036.7896    8.7330
    0.0000   37.5000  -45.0000 8452.6602    8.7276
    7.5000   37.5000  -45.0000 8102.9927    8.7196
   -7.5000   45.0000  -45.0000 7437.7451    8.8592
    0.0000   45.0000  -45.0000 7809.4092    8.8538
    7.5000   45.0000  -45.0000 7499.9468    8.8478
   -7.5000  -45.0000  -37.5000 9075.2168    8.8188
    0.0000  -45.0000  -37.5000 9524.8633    8.8139
    7.5000  -45.0000  -37.5000 9158.5166    8.8087
   -7.5000  -37.5000  -37.5000 9388.9180    8.8018
    0.0000  -37.5000  -37.5000 9850.6191    8.7954
    7.5000  -37.5000  -37.5000 9471.5625    8.7902
   -7.5000  -30.0000  -37.500010098.0020    8.8218
    0.0000  -30.0000  -37.500010584.6895    8.8155
    7.5000  -30.0000  -37.500010178.2686    8.8098
   -7.5000  -22.5000  -37.500010866.9756    8.7818
    0.0000  -22.5000  -37.500011390.5107    8.7768
    7.5000  -22.5000  -37.500010968.9463    8.7703
   -7.5000  -15.0000  -37.500011655.6982    8.7289
    0.0000  -15.0000  -37.500012227.4453    8.7248
    7.5000  -15.0000  -37.500011782.5547    8.7181
   -7.5000   -7.5000  -37.500012199.5771    8.7129
    0.0000   -7.5000  -37.500012794.8779    8.7085
    7.5000   -7.5000  -37.500012354.8027    8.7024
   -7.5000    0.0000  -37.500012356.9521    8.7458
    0.0000    0.0000  -37.500012970.7002    8.7403
    7.5000    0.0000  -37.500012527.8252    8.7350
   -7.5000    7.5000  -37.500011558.0762    8.8018
    0.0000    7.5000  -37.500012120.6387    8.7954
    7.5000    7.5000  -37.500011698.3896    8.7902
   -7.5000   15.0000  -37.500010697.0186    8.8218
    0.0000   15.0000  -37.500011201.4209    8.8155
    7.5000   15.0000  -37.500010805.1924    8.8098
   -7.5000   22.5000  -37.5000 9853.5088    8.7806
    0.0000   22.5000  -37.500010347.1055    8.7756
    7.5000   22.5000  -37.5000 9953.9346    8.7691
   -7.5000   30.0000  -37.5000 8988.4609    8.6126
    0.0000   30.0000  -37.5000 9457.5400    8.6085
    7.5000   30.0000  -37.5000 9080.8584    8.6019
   -7.5000   37.5000  -37.5000 8503.6133    8.5968
    0.0000   37.5000  -37.5000 8948.6553    8.5925
    7.5000   37.5000  -37.5000 8575.1406    8.5865
   -7.5000   45.0000  -37.5000 7858.4609    8.7230
    0.0000   45.0000  -37.5000 8262.5635    8.7177
    7.5000   45.0000  -37.5000 7912.5503    8.7127
   -7.5000  -45.0000  -30.0000 9890.1465    9.0652
    0.0000  -45.0000  -30.000010368.4355    9.0604
    7.5000  -45.0000  -30.0000 9957.9199    9.0543
   -7.5000  -37.5000  -30.000010238.8613    9.0531
    0.0000  -37.5000  -30.000010731.5166    9.0466
    7.5000  -37.5000  -30.000010310.0957    9.0411
   -7.5000  -30.0000  -30.000011005.1592    9.0728
    0.0000  -30.0000  -30.000011528.6455    9.0664
    7.5000  -30.0000  -30.000011092.7314    9.0618
   -7.5000  -22.5000  -30.000011810.6836    9.0283
    0.0000  -22.5000  -30.000012352.2051    9.0233
    7.5000  -22.5000  -30.000011912.6074    9.0188
   -7.5000  -15.0000  -30.000012665.6465    8.9716
    0.0000  -15.0000  -30.000013244.5225    8.9676
    7.5000  -15.0000  -30.000012784.7461    8.9626
   -7.5000   -7.5000  -30.000013238.0332    8.9561
    0.0000   -7.5000  -30.000013849.6807    8.9519
    7.5000   -7.5000  -30.000013377.4277    8.9462
   -7.5000    0.0000  -30.000013408.1699    8.9931
    0.0000    0.0000  -30.000014049.3594    8.9878
    7.5000    0.0000  -30.000013555.1064    8.9816
   -7.5000    7.5000  -30.000012511.1816    9.0531
    0.0000    7.5000  -30.000013102.1221    9.0466
    7.5000    7.5000  -30.000012644.5801    9.0411
   -7.5000   15.0000  -30.000011570.2764    9.0728
    0.0000   15.0000  -30.000012097.9531    9.0664
    7.5000   15.0000  -30.000011685.1357    9.0618
   -7.5000   22.5000  -30.000010648.0332    9.0262
    0.0000   22.5000  -30.000011155.5518    9.0211
    7.5000   22.5000  -30.000010757.9346    9.0166
   -7.5000   30.0000  -30.0000 9694.9170    8.8529
    0.0000   30.0000  -30.000010180.9355    8.8489
    7.5000   30.0000  -30.0000 9796.6826    8.8440
   -7.5000   37.5000  -30.0000 9144.2129    8.8376
    0.0000   37.5000  -30.0000 9608.0059    8.8335
    7.5000   37.5000  -30.0000 9218.4346    8.8279
   -7.5000   45.0000  -30.0000 8413.3457    8.9785
    0.0000   45.0000  -30.0000 8838.1680    8.9729
    7.5000   45.0000  -30.0000 8471.5254    8.9668
   -7.5000  -45.0000  -22.500010728.4424    9.2748
    0.0000  -45.0000  -22.500011241.5420    9.2689
    7.5000  -45.0000  -22.500010813.9238    9.2614
   -7.5000  -37.5000  -22.500011107.9883    9.2657
    0.0000  -37.5000  -22.500011640.4795    9.2592
    7.5000  -37.5000  -22.500011198.6611    9.2527
   -7.5000  -30.0000  -22.500011940.4727    9.2849
    0.0000  -30.0000  -22.500012503.5674    9.2789
    7.5000  -30.0000  -22.500012041.1523    9.2739
   -7.5000  -22.5000  -22.500012802.1494    9.2369
    0.0000  -22.5000  -22.500013381.3965    9.2315
    7.5000  -22.5000  -22.500012911.1621    9.2267
   -7.5000  -15.0000  -22.500013735.6611    9.1773
    0.0000  -15.0000  -22.500014328.4033    9.1722
    7.5000  -15.0000  -22.500013862.1367    9.1663
   -7.5000   -7.5000  -22.500014309.7422    9.1624
    0.0000   -7.5000  -22.500014943.2588    9.1569
    7.5000   -7.5000  -22.500014463.4727    9.1498
   -7.5000    0.0000  -22.500014487.3604    9.2028
    0.0000    0.0000  -22.500015146.6738    9.1966
    7.5000    0.0000  -22.500014648.4131    9.1890
   -7.5000    7.5000  -22.500013516.1211    9.2657
    0.0000    7.5000  -22.500014114.1797    9.2592
    7.5000    7.5000  -22.500013651.9336    9.2527
   -7.5000   15.0000  -22.500012491.8193    9.2849
    0.0000   15.0000  -22.500013033.9912    9.2789
    7.5000   15.0000  -22.500012623.2842    9.2739
   -7.5000   22.5000  -22.500011479.6104    9.2340
    0.0000   22.5000  -22.500011989.6611    9.2287
    7.5000   22.5000  -22.500011589.0273    9.2239
   -7.5000   30.0000  -22.500010420.6680    9.0572
    0.0000   30.0000  -22.500010909.4258    9.0522
    7.5000   30.0000  -22.500010515.0713    9.0464
   -7.5000   37.5000  -22.5000 9818.3447    9.0426
    0.0000   37.5000  -22.500010287.5771    9.0372
    7.5000   37.5000  -22.5000 9886.6816    9.0301
   -7.5000   45.0000  -22.5000 9012.3584    9.1957
    0.0000   45.0000  -22.5000 9445.0586    9.1893
    7.5000   45.0000  -22.5000 9072.0449    9.1809
   -7.5000  -45.0000  -15.000011626.3457    9.4917
    0.0000  -45.0000  -15.000012204.1787    9.4852
    7.5000  -45.0000  -15.000011752.8838    9.4770
   -7.5000  -37.5000  -15.000012040.3330    9.4812
    0.0000  -37.5000  -15.000012624.1523    9.4750
    7.5000  -37.5000  -15.000012165.2549    9.4682
   -7.5000  -30.0000  -15.000012949.7793    9.5010
    0.0000  -30.0000  -15.000013551.5586    9.4956
    7.5000  -30.0000  -15.000013076.2412    9.4896
   -7.5000  -22.5000  -15.000013889.5518    9.4522
    0.0000  -22.5000  -15.000014523.7217    9.4469
    7.5000  -22.5000  -15.000014027.7852    9.4401
   -7.5000  -15.0000  -15.000014898.1992    9.3917
    0.0000  -15.0000  -15.000015552.0576    9.3857
    7.5000  -15.0000  -15.000015042.2812    9.3774
   -7.5000   -7.5000  -15.000015453.1270    9.3763
    0.0000   -7.5000  -15.000016145.5381    9.3697
    7.5000   -7.5000  -15.000015630.5820    9.3607
   -7.5000    0.0000  -15.000015643.1611    9.4171
    0.0000    0.0000  -15.000016329.0869    9.4103
    7.5000    0.0000  -15.000015813.3145    9.4021
   -7.5000    7.5000  -15.000014605.7773    9.4812
    0.0000    7.5000  -15.000015215.6562    9.4750
    7.5000    7.5000  -15.000014762.3125    9.4682
   -7.5000   15.0000  -15.000013455.8818    9.5010
    0.0000   15.0000  -15.000014010.3779    9.4956
    7.5000   15.0000  -15.000013598.1162    9.4896
   -7.5000   22.5000  -15.000012335.4248    9.4489
    0.0000   22.5000  -15.000012838.0371    9.4436
    7.5000   22.5000  -15.000012437.0137    9.4368
   -7.5000   30.0000  -15.000011188.8066    9.2701
    0.0000   30.0000  -15.000011669.0547    9.2642
    7.5000   30.0000  -15.000011272.2129    9.2561
   -7.5000   37.5000  -15.000010532.3359    9.2550
    0.0000   37.5000  -15.000010999.4482    9.2484
    7.5000   37.5000  -15.000010593.9414    9.2396
   -7.5000   45.0000  -15.0000 9654.1143    9.4157
    0.0000   45.0000  -15.000010102.4004    9.4091
    7.5000   45.0000  -15.0000 9728.0869    9.3997
   -7.5000  -45.0000   -7.500012616.5293    9.6050
    0.0000  -45.0000   -7.500013266.1113    9.5990
    7.5000  -45.0000   -7.500012776.5801    9.5915
   -7.5000  -37.5000   -7.500013075.4551    9.5904
    0.0000  -37.5000   -7.500013721.4287    9.5845
    7.5000  -37.5000   -7.500013227.5342    9.5779
   -7.5000  -30.0000   -7.500014052.0195    9.6119
    0.0000  -30.0000   -7.500014726.1846    9.6067
    7.5000  -30.0000   -7.500014197.6797    9.5995
   -7.5000  -22.5000   -7.500015086.2051    9.5660
    0.0000  -22.5000   -7.500015798.5078    9.5608
    7.5000  -22.5000   -7.500015237.1133    9.5518
   -7.5000  -15.0000   -7.500016168.3994    9.5065
    0.0000  -15.0000   -7.500016956.3770    9.5008
    7.5000  -15.0000   -7.500016363.6992    9.4906
   -7.5000   -7.5000   -7.500016722.4785    9.4894
    0.0000   -7.5000   -7.500017548.5918    9.4831
    7.5000   -7.5000   -7.500016954.7285    9.4736
   -7.5000    0.0000   -7.500016885.8184    9.5273
    0.0000    0.0000   -7.500017663.9355    9.5209
    7.5000    0.0000   -7.500017107.5430    9.5132
   -7.5000    7.5000   -7.500015762.4766    9.5904
    0.0000    7.5000   -7.500016472.8828    9.5845
    7.5000    7.5000   -7.500015967.1650    9.5779
   -7.5000   15.0000   -7.500014526.5586    9.6119
    0.0000   15.0000   -7.500015121.2871    9.6067
    7.5000   15.0000   -7.500014685.9336    9.5995
   -7.5000   22.5000   -7.500013278.5928    9.5615
    0.0000   22.5000   -7.500013802.5654    9.5564
    7.5000   22.5000   -7.500013401.3535    9.5474
   -7.5000   30.0000   -7.500012014.3945    9.3833
    0.0000   30.0000   -7.500012502.2324    9.3776
    7.5000   30.0000   -7.500012119.8701    9.3675
   -7.5000   37.5000   -7.500011292.2705    9.3664
    0.0000   37.5000   -7.500011794.2441    9.3601
    7.5000   37.5000   -7.500011383.3711    9.3508
   -7.5000   45.0000   -7.500010379.8359    9.5275
    0.0000   45.0000   -7.500010865.7070    9.5215
    7.5000   45.0000   -7.500010464.0801    9.5131
   -7.5000  -45.0000    0.000013532.1279    9.6306
    0.0000  -45.0000    0.000014292.7842    9.6255
    7.5000  -45.0000    0.000013733.3662    9.6191
   -7.5000  -37.5000    0.000014029.3828    9.6130
    0.0000  -37.5000    0.000014806.9561    9.6071
    7.5000  -37.5000    0.000014226.5156    9.6009
   -7.5000  -30.0000    0.000015092.6963    9.6361
    0.0000  -30.0000    0.000015899.1104    9.6305
    7.5000  -30.0000    0.000015265.1514    9.6231
   -7.5000  -22.5000    0.000016277.1475    9.5931
    0.0000  -22.5000    0.000017143.4824    9.5882
    7.5000  -22.5000    0.000016464.5293    9.5789
   -7.5000  -15.0000    0.000017489.6934    9.5351
    0.0000  -15.0000    0.000018496.0996    9.5304
    7.5000  -15.0000    0.000017767.3457    9.5205
   -7.5000   -7.5000    0.000018039.4805    9.5163
    0.0000   -7.5000    0.000019046.2891    9.5112
    7.5000   -7.5000    0.000018310.8516    9.5029
   -7.5000    0.0000    0.000018149.8945    9.5512
    0.0000    0.0000    0.000019071.7617    9.5457
    7.5000    0.0000    0.000018383.1055    9.5391
   -7.5000    7.5000    0.000016914.1250    9.6130
    0.0000    7.5000    0.000017742.4453    9.6071
    7.5000    7.5000    0.000017150.7656    9.6009
   -7.5000   15.0000    0.000015549.7451    9.6361
    0.0000   15.0000    0.000016250.6807    9.6305
    7.5000   15.0000    0.000015757.4307    9.6231
   -7.5000   22.5000    0.000014159.4717    9.5887
    0.0000   22.5000    0.000014788.1846    9.5838
    7.5000   22.5000    0.000014347.1455    9.5745
   -7.5000   30.0000    0.000012800.9521    9.4117
    0.0000   30.0000    0.000013356.0918    9.4071
    7.5000   30.0000    0.000012941.1289    9.3973
   -7.5000   37.5000    0.000012014.6592    9.3932
    0.0000   37.5000    0.000012561.7988    9.3882
    7.5000   37.5000    0.000012145.5830    9.3799
   -7.5000   45.0000    0.000011048.0928    9.5521
    0.0000   45.0000    0.000011573.6680    9.5467
    7.5000   45.0000    0.000011152.0059    9.5400
   -7.5000  -45.0000    7.500013412.4307    9.6355
    0.0000  -45.0000    7.500014292.1768    9.6308
    7.5000  -45.0000    7.500013645.3486    9.6248
   -7.5000  -37.5000    7.500013917.2500    9.6195
    0.0000  -37.5000    7.500014844.6426    9.6131
    7.5000  -37.5000    7.500014154.3320    9.6071
   -7.5000  -30.0000    7.500015014.4521    9.6422
    0.0000  -30.0000    7.500015975.0469    9.6358
    7.5000  -30.0000    7.500015240.5332    9.6294
   -7.5000  -22.5000    7.500016309.1816    9.5984
    0.0000  -22.5000    7.500017429.3945    9.5933
    7.5000  -22.5000    7.500016583.3984    9.5860
   -7.5000  -15.0000    7.500017591.0332    9.5399
    0.0000  -15.0000    7.500018916.7930    9.5358
    7.5000  -15.0000    7.500017929.8516    9.5283
   -7.5000   -7.5000    7.500018014.9180    9.5215
    0.0000   -7.5000    7.500019223.0566    9.5173
    7.5000   -7.5000    7.500018296.1191    9.5105
   -7.5000    0.0000    7.500018006.4609    9.5573
    0.0000    0.0000    7.500019011.5215    9.5520
    7.5000    0.0000    7.500018232.5430    9.5458
   -7.5000    7.5000    7.500016729.6992    9.6195
    0.0000    7.5000    7.500017617.0430    9.6131
    7.5000    7.5000    7.500016964.1289    9.6071
   -7.5000   15.0000    7.500015342.9180    9.6422
    0.0000   15.0000    7.500016127.0830    9.6358
    7.5000   15.0000    7.500015562.1035    9.6294
   -7.5000   22.5000    7.500013948.2090    9.5939
    0.0000   22.5000    7.500014659.0283    9.5889
    7.5000   22.5000    7.500014166.8223    9.5816
   -7.5000   30.0000    7.500012600.6729    9.4164
    0.0000   30.0000    7.500013221.5498    9.4124
    7.5000   30.0000    7.500012774.9336    9.4050
   -7.5000   37.5000    7.500011807.7100    9.3983
    0.0000   37.5000    7.500012400.3438    9.3942
    7.5000   37.5000    7.500011963.8926    9.3874
   -7.5000   45.0000    7.500010858.9062    9.5580
    0.0000   45.0000    7.500011387.0039    9.5526
    7.5000   45.0000    7.500010963.7393    9.5466
   -7.5000  -45.0000   15.000013143.6885    9.6341
    0.0000  -45.0000   15.000014043.9346    9.6289
    7.5000  -45.0000   15.000013357.6289    9.6222
   -7.5000  -37.5000   15.000013654.7607    9.6221
    0.0000  -37.5000   15.000014564.0986    9.6152
    7.5000  -37.5000   15.000013863.8320    9.6090
   -7.5000  -30.0000   15.000014782.6543    9.6432
    0.0000  -30.0000   15.000015757.5107    9.6364
    7.5000  -30.0000   15.000015010.4326    9.6311
   -7.5000  -22.5000   15.000016131.2764    9.5959
    0.0000  -22.5000   15.000017594.4688    9.5904
    7.5000  -22.5000   15.000016489.4844    9.5853
   -7.5000  -15.0000   15.000017405.3340    9.5355
    0.0000  -15.0000   15.000019157.6309    9.5311
    7.5000  -15.0000   15.000017825.8457    9.5255
   -7.5000   -7.5000   15.000017624.8828    9.5188
    0.0000   -7.5000   15.000019053.4219    9.5144
    7.5000   -7.5000   15.000017967.9473    9.5080
   -7.5000    0.0000   15.000017492.0117    9.5581
    0.0000    0.0000   15.000018613.9941    9.5525
    7.5000    0.0000   15.000017754.3340    9.5457
   -7.5000    7.5000   15.000016254.8594    9.6221
    0.0000    7.5000   15.000017190.8789    9.6152
    7.5000    7.5000   15.000016488.1816    9.6090
   -7.5000   15.0000   15.000014929.8457    9.6432
    0.0000   15.0000   15.000015745.5947    9.6364
    7.5000   15.0000   15.000015148.3125    9.6311
   -7.5000   22.5000   15.000013616.0312    9.5914
    0.0000   22.5000   15.000014321.9717    9.5860
    7.5000   22.5000   15.000013819.3154    9.5809
   -7.5000   30.0000   15.000012323.7891    9.4121
    0.0000   30.0000   15.000012922.8750    9.4078
    7.5000   30.0000   15.000012470.9961    9.4023
   -7.5000   37.5000   15.000011528.8506    9.3957
    0.0000   37.5000   15.000012096.3105    9.3913
    7.5000   37.5000   15.000011653.0049    9.3850
   -7.5000   45.0000   15.000010564.1631    9.5589
    0.0000   45.0000   15.000011071.1680    9.5529
    7.5000   45.0000   15.000010652.1338    9.5459
   -7.5000  -45.0000   22.500012704.4648    9.6268
    0.0000  -45.0000   22.500013463.8447    9.6207
    7.5000  -45.0000   22.500012865.9805    9.6128
   -7.5000  -37.5000   22.500013238.5020    9.6173
    0.0000  -37.5000   22.500013997.9336    9.6106
    7.5000  -37.5000   22.500013389.0352    9.6039
   -7.5000  -30.0000   22.500014358.4453    9.6373
    0.0000  -30.0000   22.500015255.8115    9.6310
    7.5000  -30.0000   22.500014499.7656    9.6258
   -7.5000  -22.5000   22.500015613.8047    9.5874
    0.0000  -22.5000   22.500017023.3320    9.5819
    7.5000  -22.5000   22.500015871.0859    9.5769
   -7.5000  -15.0000   22.500016716.1152    9.5256
    0.0000  -15.0000   22.500018271.6504    9.5203
    7.5000  -15.0000   22.500017022.7773    9.5142
   -7.5000   -7.5000   22.500016928.1973    9.5101
    0.0000   -7.5000   22.500018230.2207    9.5044
    7.5000   -7.5000   22.500017182.4297    9.4970
   -7.5000    0.0000   22.500016860.9395    9.5520
    0.0000    0.0000   22.500017958.1523    9.5456
    7.5000    0.0000   22.500017079.4883    9.5377
   -7.5000    7.5000   22.500015652.7812    9.6173
    0.0000    7.5000   22.500016620.3203    9.6106
    7.5000    7.5000   22.500015860.5547    9.6039
   -7.5000   15.0000   22.500014383.7959    9.6373
    0.0000   15.0000   22.500015213.5156    9.6310
    7.5000   15.0000   22.500014571.8633    9.6258
   -7.5000   22.5000   22.500013117.4971    9.5830
    0.0000   22.5000   22.500013812.0146    9.5775
    7.5000   22.5000   22.500013287.3252    9.5725
   -7.5000   30.0000   22.500011864.9424    9.4023
    0.0000   30.0000   22.500012475.0498    9.3971
    7.5000   30.0000   22.500011996.0371    9.3911
   -7.5000   37.5000   22.500011109.2432    9.3871
    0.0000   37.5000   22.500011670.2695    9.3815
    7.5000   37.5000   22.500011212.8447    9.3741
   -7.5000   45.0000   22.500010178.6885    9.5529
    0.0000   45.0000   22.500010643.7393    9.5463
    7.5000   45.0000   22.500010250.0186    9.5375
   -7.5000  -45.0000   30.000011971.5928    9.6518
    0.0000  -45.0000   30.000012648.4385    9.6453
    7.5000  -45.0000   30.000012096.7979    9.6370
   -7.5000  -37.5000   30.000012479.9482    9.6411
    0.0000  -37.5000   30.000013179.8896    9.6348
    7.5000  -37.5000   30.000012583.9893    9.6279
   -7.5000  -30.0000   30.000013499.5420    9.6615
    0.0000  -30.0000   30.000014369.9160    9.6560
    7.5000  -30.0000   30.000013617.6807    9.6500
   -7.5000  -22.5000   30.000014585.1406    9.6121
    0.0000  -22.5000   30.000015720.8340    9.6068
    7.5000  -22.5000   30.000014795.6582    9.5999
   -7.5000  -15.0000   30.000015576.7090    9.5505
    0.0000  -15.0000   30.000016699.3438    9.5445
    7.5000  -15.0000   30.000015753.7451    9.5361
   -7.5000   -7.5000   30.000015885.1914    9.5345
    0.0000   -7.5000   30.000016891.6152    9.5278
    7.5000   -7.5000   30.000016006.8047    9.5188
   -7.5000    0.0000   30.000015961.9287    9.5758
    0.0000    0.0000   30.000016909.0254    9.5689
    7.5000    0.0000   30.000016089.1455    9.5605
   -7.5000    7.5000   30.000014875.5029    9.6411
    0.0000    7.5000   30.000015756.2480    9.6348
    7.5000    7.5000   30.000015018.6035    9.6279
   -7.5000   15.0000   30.000013707.6074    9.6615
    0.0000   15.0000   30.000014472.0205    9.6560
    7.5000   15.0000   30.000013830.6396    9.6500
   -7.5000   22.5000   30.000012497.7920    9.6077
    0.0000   22.5000   30.000013152.9082    9.6023
    7.5000   22.5000   30.000012603.0645    9.5954
   -7.5000   30.0000   30.000011287.5957    9.4269
    0.0000   30.0000   30.000011879.0000    9.4209
    7.5000   30.0000   30.000011374.4346    9.4127
   -7.5000   37.5000   30.000010549.2422    9.4112
    0.0000   37.5000   30.000011098.0371    9.4046
    7.5000   37.5000   30.000010622.6465    9.3956
   -7.5000   45.0000   30.0000 9623.8945    9.5771
    0.0000   45.0000   30.000010096.9746    9.5704
    7.5000   45.0000   30.0000 9676.2783    9.5608
   -7.5000  -45.0000   37.500011689.3232    9.7708
    0.0000  -45.0000   37.500012342.4795    9.7649
    7.5000  -45.0000   37.500011783.2324    9.7574
   -7.5000  -37.5000   37.500012169.3516    9.7554
    0.0000  -37.5000   37.500012853.7568    9.7496
    7.5000  -37.5000   37.500012247.7646    9.7430
   -7.5000  -30.0000   37.500013126.4375    9.7787
    0.0000  -30.0000   37.500013946.2100    9.7736
    7.5000  -30.0000   37.500013243.9736    9.7664
   -7.5000  -22.5000   37.500014143.0244    9.7328
    0.0000  -22.5000   37.500015090.3398    9.7277
    7.5000  -22.5000   37.500014301.9346    9.7186
   -7.5000  -15.0000   37.500015140.6729    9.6721
    0.0000  -15.0000   37.500016053.3506    9.6664
    7.5000  -15.0000   37.500015262.9385    9.6560
   -7.5000   -7.5000   37.500015477.1885    9.6532
    0.0000   -7.5000   37.500016373.4219    9.6469
    7.5000   -7.5000   37.500015593.6973    9.6374
   -7.5000    0.0000   37.500015597.7217    9.6905
    0.0000    0.0000   37.500016505.4980    9.6843
    7.5000    0.0000   37.500015730.8145    9.6766
   -7.5000    7.5000   37.500014578.5537    9.7554
    0.0000    7.5000   37.500015424.8486    9.7496
    7.5000    7.5000   37.500014708.0449    9.7430
   -7.5000   15.0000   37.500013475.1377    9.7787
    0.0000   15.0000   37.500014218.0947    9.7736
    7.5000   15.0000   37.500013571.9922    9.7664
   -7.5000   22.5000   37.500012289.5742    9.7283
    0.0000   22.5000   37.500012946.4297    9.7232
    7.5000   22.5000   37.500012371.9209    9.7141
   -7.5000   30.0000   37.500011108.8203    9.5469
    0.0000   30.0000   37.500011710.8809    9.5413
    7.5000   30.0000   37.500011172.6113    9.5311
   -7.5000   37.5000   37.500010365.1182    9.5283
    0.0000   37.5000   37.500010916.1406    9.5221
    7.5000   37.5000   37.500010418.3750    9.5127
   -7.5000   45.0000   37.5000 9439.7725    9.6936
    0.0000   45.0000   37.5000 9928.4697    9.6877
    7.5000   45.0000   37.5000 9476.2686    9.6792
   -7.5000  -45.0000   45.000010865.0967    9.8634
    0.0000  -45.0000   45.000011485.6406    9.8584
    7.5000  -45.0000   45.000010948.8877    9.8520
   -7.5000  -37.5000   45.000011296.7471    9.8441
    0.0000  -37.5000   45.000011949.4512    9.8382
    7.5000  -37.5000   45.000011380.8662    9.8319
   -7.5000  -30.0000   45.000012157.1963    9.8710
    0.0000  -30.0000   45.000012890.5430    9.8653
    7.5000  -30.0000   45.000012268.8135    9.8577
   -7.5000  -22.5000   45.000013081.4453    9.8291
    0.0000  -22.5000   45.000013875.4297    9.8241
    7.5000  -22.5000   45.000013208.4678    9.8146
   -7.5000  -15.0000   45.000014023.2305    9.7695
    0.0000  -15.0000   45.000014817.3643    9.7648
    7.5000  -15.0000   45.000014125.3125    9.7547
   -7.5000   -7.5000   45.000014365.0811    9.7470
    0.0000   -7.5000   45.000015150.5078    9.7420
    7.5000   -7.5000   45.000014459.7627    9.7334
   -7.5000    0.0000   45.000014513.3984    9.7797
    0.0000    0.0000   45.000015319.0283    9.7742
    7.5000    0.0000   45.000014620.9043    9.7676
   -7.5000    7.5000   45.000013582.2314    9.8441
    0.0000    7.5000   45.000014307.9131    9.8382
    7.5000    7.5000   45.000013667.3359    9.8319
   -7.5000   15.0000   45.000012558.8369    9.8710
    0.0000   15.0000   45.000013226.7578    9.8653
    7.5000   15.0000   45.000012640.7168    9.8577
   -7.5000   22.5000   45.000011457.7793    9.8245
    0.0000   22.5000   45.000012064.4287    9.8196
    7.5000   22.5000   45.000011530.6494    9.8100
   -7.5000   30.0000   45.000010343.0322    9.6422
    0.0000   30.0000   45.000010895.1680    9.6376
    7.5000   30.0000   45.000010422.1660    9.6276
   -7.5000   37.5000   45.0000 9654.7080    9.6200
    0.0000   37.5000   45.000010140.9307    9.6151
    7.5000   37.5000   45.0000 9702.2188    9.6067
   -7.5000   45.0000   45.0000 8809.2812    9.7881
    0.0000   45.0000   45.0000 9239.4043    9.7828
    7.5000   45.0000   45.0000 8828.1660    9.7760

---------------------------------------------------------------------
imgreg_4dfp /local_raid1/01_software/freesurfer//average/711-2C_as_mni_average_305 /local_raid1/01_software/freesurfer//average/711-2B_as_mni_average_305_mask talsrcimg_g11 none talsrcimg_to_711-2C_as_mni_average_305_t4 4355
---------------------------------------------------------------------

freesurfer imgreg_4dfp.c
/local_raid1/01_software/freesurfer//average/711-2C_as_mni_average_305.4dfp.img
       256       256       256         1
  1.000000  1.000000  1.000000
orientation T byte_order littleendian
Reading image: /local_raid1/01_software/freesurfer//average/711-2C_as_mni_average_305.4dfp.img
dimensions:      256       256       256
mmppix:       1.0000   -1.0000   -1.0000
center:     128.0000 -129.0000 -129.0000
/local_raid1/01_software/freesurfer//average/711-2B_as_mni_average_305_mask.4dfp.img
       256       256       256         1
  1.000000  1.000000  1.000000
orientation T byte_order littleendian
Reading mask: /local_raid1/01_software/freesurfer//average/711-2B_as_mni_average_305_mask.4dfp.img (2306576 pixels)
talsrcimg_g11.4dfp.img
       256       256       256         1
  1.000000  1.000000  1.000000
orientation T byte_order littleendian
Reading image: talsrcimg_g11.4dfp.img
dimensions:      256       256       256
mmppix:       1.0000   -1.0000   -1.0000
center:     128.0000 -129.0000 -129.0000
rotation matrix determinant  1.000000
image alignment mode   4355 decimal     1103 hex
   -7.5000  -52.5000  -37.5000 2408.5652   12.0576
    0.0000  -52.5000  -37.5000 2425.6182   11.9612
    7.5000  -52.5000  -37.5000 2414.8845   12.0192
   -7.5000  -45.0000  -37.5000 2439.8691   11.5812
    0.0000  -45.0000  -37.5000 2459.2256   11.4659
    7.5000  -45.0000  -37.5000 2446.6094   11.5428
   -7.5000  -37.5000  -37.5000 2454.8794   11.1960
    0.0000  -37.5000  -37.5000 2475.0999   11.0905
    7.5000  -37.5000  -37.5000 2461.0803   11.1539
   -7.5000  -30.0000  -37.5000 2461.8950   10.9010
    0.0000  -30.0000  -37.5000 2476.3218   10.7996
    7.5000  -30.0000  -37.5000 2463.9861   10.8634
   -7.5000  -22.5000  -37.5000 2457.9180   10.7815
    0.0000  -22.5000  -37.5000 2476.9202   10.6919
    7.5000  -22.5000  -37.5000 2463.8655   10.7303
   -7.5000  -15.0000  -37.5000 2444.6003   10.8636
    0.0000  -15.0000  -37.5000 2464.4878   10.7523
    7.5000  -15.0000  -37.5000 2451.4712   10.8187
   -7.5000   -7.5000  -37.5000 2417.1509   11.1297
    0.0000   -7.5000  -37.5000 2437.5659   11.0010
    7.5000   -7.5000  -37.5000 2430.6650   11.0558
   -7.5000    0.0000  -37.5000 2381.9446   11.4835
    0.0000    0.0000  -37.5000 2405.7976   11.3873
    7.5000    0.0000  -37.5000 2399.6072   11.4353
   -7.5000    7.5000  -37.5000 2343.7437   12.0439
    0.0000    7.5000  -37.5000 2363.5564   11.9425
    7.5000    7.5000  -37.5000 2358.7974   11.9728
   -7.5000   15.0000  -37.5000 2288.4294   12.7554
    0.0000   15.0000  -37.5000 2310.2026   12.6662
    7.5000   15.0000  -37.5000 2304.0801   12.6846
   -7.5000   22.5000  -37.5000 2220.9226   13.6415
    0.0000   22.5000  -37.5000 2244.7383   13.5441
    7.5000   22.5000  -37.5000 2233.7236   13.5418
   -7.5000   30.0000  -37.5000 2137.6965   14.8246
    0.0000   30.0000  -37.5000 2160.3071   14.7177
    7.5000   30.0000  -37.5000 2149.8167   14.7149
   -7.5000   37.5000  -37.5000 2046.5597   16.3681
    0.0000   37.5000  -37.5000 2065.5549   16.2247
    7.5000   37.5000  -37.5000 2058.9939   16.2456
   -7.5000  -52.5000  -30.0000 2545.8030   11.5446
    0.0000  -52.5000  -30.0000 2563.8962   11.4630
    7.5000  -52.5000  -30.0000 2553.3137   11.4918
   -7.5000  -45.0000  -30.0000 2581.5627   11.0879
    0.0000  -45.0000  -30.0000 2597.0115   10.9834
    7.5000  -45.0000  -30.0000 2587.0352   11.0288
   -7.5000  -37.5000  -30.0000 2600.2710   10.6924
    0.0000  -37.5000  -30.0000 2616.7390   10.5937
    7.5000  -37.5000  -30.0000 2603.7021   10.6483
   -7.5000  -30.0000  -30.0000 2611.1294   10.3744
    0.0000  -30.0000  -30.0000 2627.6145   10.2724
    7.5000  -30.0000  -30.0000 2614.9795   10.3322
   -7.5000  -22.5000  -30.0000 2605.4844   10.2348
    0.0000  -22.5000  -30.0000 2625.5256   10.1261
    7.5000  -22.5000  -30.0000 2613.6348   10.1904
   -7.5000  -15.0000  -30.0000 2592.0183   10.2839
    0.0000  -15.0000  -30.0000 2611.1055   10.1762
    7.5000  -15.0000  -30.0000 2599.2842   10.2490
   -7.5000   -7.5000  -30.0000 2568.7190   10.5077
    0.0000   -7.5000  -30.0000 2589.8044   10.3689
    7.5000   -7.5000  -30.0000 2582.1128   10.4436
   -7.5000    0.0000  -30.0000 2533.2500   10.8447
    0.0000    0.0000  -30.0000 2562.1973   10.7223
    7.5000    0.0000  -30.0000 2551.2981   10.7860
   -7.5000    7.5000  -30.0000 2492.0862   11.3570
    0.0000    7.5000  -30.0000 2518.4395   11.2395
    7.5000    7.5000  -30.0000 2509.4753   11.3035
   -7.5000   15.0000  -30.0000 2437.1748   12.0204
    0.0000   15.0000  -30.0000 2464.1936   11.9065
    7.5000   15.0000  -30.0000 2455.4854   11.9757
   -7.5000   22.5000  -30.0000 2370.0903   12.8843
    0.0000   22.5000  -30.0000 2393.7000   12.7656
    7.5000   22.5000  -30.0000 2382.4243   12.7987
   -7.5000   30.0000  -30.0000 2279.5859   13.9999
    0.0000   30.0000  -30.0000 2306.2046   13.8896
    7.5000   30.0000  -30.0000 2293.9470   13.8965
   -7.5000   37.5000  -30.0000 2182.3281   15.4278
    0.0000   37.5000  -30.0000 2205.5801   15.3023
    7.5000   37.5000  -30.0000 2199.1721   15.3036
   -7.5000  -52.5000  -22.5000 2646.7341   10.9365
    0.0000  -52.5000  -22.5000 2666.0210   10.8491
    7.5000  -52.5000  -22.5000 2656.1772   10.8955
   -7.5000  -45.0000  -22.5000 2684.7122   10.4998
    0.0000  -45.0000  -22.5000 2698.6521   10.4046
    7.5000  -45.0000  -22.5000 2692.5823   10.4450
   -7.5000  -37.5000  -22.5000 2707.9648   10.1247
    0.0000  -37.5000  -22.5000 2724.9690   10.0154
    7.5000  -37.5000  -22.5000 2713.1296   10.0570
   -7.5000  -30.0000  -22.5000 2724.8711    9.7881
    0.0000  -30.0000  -22.5000 2743.5549    9.6751
    7.5000  -30.0000  -22.5000 2733.8735    9.7223
   -7.5000  -22.5000  -22.5000 2728.5620    9.6368
    0.0000  -22.5000  -22.5000 2746.1025    9.5144
    7.5000  -22.5000  -22.5000 2738.5815    9.5822
   -7.5000  -15.0000  -22.5000 2716.3071    9.6729
    0.0000  -15.0000  -22.5000 2734.1726    9.5463
    7.5000  -15.0000  -22.5000 2725.6177    9.6176
   -7.5000   -7.5000  -22.5000 2696.2217    9.8515
    0.0000   -7.5000  -22.5000 2716.6064    9.7130
    7.5000   -7.5000  -22.5000 2709.4163    9.7797
   -7.5000    0.0000  -22.5000 2664.4604   10.1666
    0.0000    0.0000  -22.5000 2689.0874   10.0345
    7.5000    0.0000  -22.5000 2680.1323   10.0974
   -7.5000    7.5000  -22.5000 2619.6140   10.6496
    0.0000    7.5000  -22.5000 2644.9949   10.5138
    7.5000    7.5000  -22.5000 2637.0935   10.5828
   -7.5000   15.0000  -22.5000 2561.7209   11.2868
    0.0000   15.0000  -22.5000 2587.2251   11.1528
    7.5000   15.0000  -22.5000 2577.7495   11.2145
   -7.5000   22.5000  -22.5000 2490.3945   12.1139
    0.0000   22.5000  -22.5000 2514.2183   11.9687
    7.5000   22.5000  -22.5000 2504.8179   12.0283
   -7.5000   30.0000  -22.5000 2394.1558   13.1436
    0.0000   30.0000  -22.5000 2422.9565   13.0146
    7.5000   30.0000  -22.5000 2411.6553   13.0437
   -7.5000   37.5000  -22.5000 2294.2686   14.4771
    0.0000   37.5000  -22.5000 2320.6797   14.3512
    7.5000   37.5000  -22.5000 2309.7551   14.3266
   -7.5000  -52.5000  -15.0000 2706.2278   10.3890
    0.0000  -52.5000  -15.0000 2725.2800   10.3109
    7.5000  -52.5000  -15.0000 2715.4648   10.3416
   -7.5000  -45.0000  -15.0000 2750.9192    9.9431
    0.0000  -45.0000  -15.0000 2767.6726    9.8348
    7.5000  -45.0000  -15.0000 2760.7131    9.8720
   -7.5000  -37.5000  -15.0000 2781.0615    9.5635
    0.0000  -37.5000  -15.0000 2796.5042    9.4445
    7.5000  -37.5000  -15.0000 2788.9780    9.4899
   -7.5000  -30.0000  -15.0000 2808.1147    9.2502
    0.0000  -30.0000  -15.0000 2825.5359    9.1206
    7.5000  -30.0000  -15.0000 2819.6543    9.1640
   -7.5000  -22.5000  -15.0000 2820.6404    9.1022
    0.0000  -22.5000  -15.0000 2837.4849    8.9581
    7.5000  -22.5000  -15.0000 2832.3831    9.0210
   -7.5000  -15.0000  -15.0000 2812.9280    9.1306
    0.0000  -15.0000  -15.0000 2835.4299    8.9738
    7.5000  -15.0000  -15.0000 2825.6206    9.0543
   -7.5000   -7.5000  -15.0000 2796.8970    9.2727
    0.0000   -7.5000  -15.0000 2820.0378    9.1254
    7.5000   -7.5000  -15.0000 2811.1799    9.1808
   -7.5000    0.0000  -15.0000 2766.9158    9.5599
    0.0000    0.0000  -15.0000 2791.4258    9.4177
    7.5000    0.0000  -15.0000 2782.4243    9.4685
   -7.5000    7.5000  -15.0000 2720.1829   10.0080
    0.0000    7.5000  -15.0000 2743.9329    9.8672
    7.5000    7.5000  -15.0000 2735.7522    9.9214
   -7.5000   15.0000  -15.0000 2655.5493   10.6195
    0.0000   15.0000  -15.0000 2679.4961   10.4755
    7.5000   15.0000  -15.0000 2669.7727   10.5476
   -7.5000   22.5000  -15.0000 2579.0073   11.4037
    0.0000   22.5000  -15.0000 2601.0088   11.2566
    7.5000   22.5000  -15.0000 2591.0730   11.3293
   -7.5000   30.0000  -15.0000 2482.5605   12.3778
    0.0000   30.0000  -15.0000 2507.0085   12.2194
    7.5000   30.0000  -15.0000 2497.4382   12.2852
   -7.5000   37.5000  -15.0000 2378.2295   13.6429
    0.0000   37.5000  -15.0000 2403.5071   13.4682
    7.5000   37.5000  -15.0000 2389.4341   13.4919
   -7.5000  -52.5000   -7.5000 2741.5828    9.9083
    0.0000  -52.5000   -7.5000 2756.7063    9.8383
    7.5000  -52.5000   -7.5000 2746.3821    9.8544
   -7.5000  -45.0000   -7.5000 2797.3289    9.4492
    0.0000  -45.0000   -7.5000 2813.9482    9.3476
    7.5000  -45.0000   -7.5000 2804.8960    9.3851
   -7.5000  -37.5000   -7.5000 2830.2932    9.0705
    0.0000  -37.5000   -7.5000 2844.6846    8.9563
    7.5000  -37.5000   -7.5000 2838.4041    9.0097
   -7.5000  -30.0000   -7.5000 2866.2048    8.7737
    0.0000  -30.0000   -7.5000 2883.3606    8.6284
    7.5000  -30.0000   -7.5000 2874.4800    8.6928
   -7.5000  -22.5000   -7.5000 2886.8171    8.6473
    0.0000  -22.5000   -7.5000 2908.0425    8.4972
    7.5000  -22.5000   -7.5000 2898.6130    8.5542
   -7.5000  -15.0000   -7.5000 2888.4380    8.6679
    0.0000  -15.0000   -7.5000 2916.4739    8.5044
    7.5000  -15.0000   -7.5000 2902.1699    8.5785
   -7.5000   -7.5000   -7.5000 2876.0454    8.7577
    0.0000   -7.5000   -7.5000 2906.4631    8.6193
    7.5000   -7.5000   -7.5000 2888.7539    8.6851
   -7.5000    0.0000   -7.5000 2843.3108    9.0304
    0.0000    0.0000   -7.5000 2870.0454    8.8803
    7.5000    0.0000   -7.5000 2858.3647    8.9455
   -7.5000    7.5000   -7.5000 2795.2639    9.4555
    0.0000    7.5000   -7.5000 2822.4460    9.3038
    7.5000    7.5000   -7.5000 2811.1082    9.3643
   -7.5000   15.0000   -7.5000 2731.5500   10.0332
    0.0000   15.0000   -7.5000 2752.3467    9.8869
    7.5000   15.0000   -7.5000 2742.6514    9.9689
   -7.5000   22.5000   -7.5000 2653.5732   10.7680
    0.0000   22.5000   -7.5000 2673.1182   10.6180
    7.5000   22.5000   -7.5000 2665.8796   10.7012
   -7.5000   30.0000   -7.5000 2551.7261   11.7165
    0.0000   30.0000   -7.5000 2572.4360   11.5500
    7.5000   30.0000   -7.5000 2565.7441   11.6191
   -7.5000   37.5000   -7.5000 2441.0366   12.9158
    0.0000   37.5000   -7.5000 2465.5542   12.7377
    7.5000   37.5000   -7.5000 2455.2336   12.7923
   -7.5000  -52.5000    0.0000 2759.6934    9.5511
    0.0000  -52.5000    0.0000 2776.0754    9.5076
    7.5000  -52.5000    0.0000 2763.8154    9.5009
   -7.5000  -45.0000    0.0000 2822.8748    9.0747
    0.0000  -45.0000    0.0000 2838.2522    9.0258
    7.5000  -45.0000    0.0000 2829.0513    9.0229
   -7.5000  -37.5000    0.0000 2863.1768    8.7074
    0.0000  -37.5000    0.0000 2876.2085    8.6426
    7.5000  -37.5000    0.0000 2870.4143    8.6525
   -7.5000  -30.0000    0.0000 2907.5322    8.4251
    0.0000  -30.0000    0.0000 2925.0383    8.3397
    7.5000  -30.0000    0.0000 2914.1311    8.3772
   -7.5000  -22.5000    0.0000 2936.2737    8.3100
    0.0000  -22.5000    0.0000 2961.2751    8.2026
    7.5000  -22.5000    0.0000 2949.1985    8.2394
   -7.5000  -15.0000    0.0000 2946.0159    8.3258
    0.0000  -15.0000    0.0000 2984.6731    8.2016
    7.5000  -15.0000    0.0000 2967.1279    8.2496
   -7.5000   -7.5000    0.0000 2933.3760    8.3779
    0.0000   -7.5000    0.0000 2973.8584    8.2563
    7.5000   -7.5000    0.0000 2949.6589    8.3324
   -7.5000    0.0000    0.0000 2901.6689    8.6219
    0.0000    0.0000    0.0000 2929.8989    8.4874
    7.5000    0.0000    0.0000 2914.6006    8.5555
   -7.5000    7.5000    0.0000 2851.8157    9.0204
    0.0000    7.5000    0.0000 2879.8091    8.9036
    7.5000    7.5000    0.0000 2869.0254    8.9582
   -7.5000   15.0000    0.0000 2789.4648    9.5620
    0.0000   15.0000    0.0000 2811.7810    9.4263
    7.5000   15.0000    0.0000 2806.6003    9.4902
   -7.5000   22.5000    0.0000 2708.3940   10.2985
    0.0000   22.5000    0.0000 2734.6541   10.1417
    7.5000   22.5000    0.0000 2727.0352   10.2109
   -7.5000   30.0000    0.0000 2603.9976   11.2509
    0.0000   30.0000    0.0000 2627.0239   11.0802
    7.5000   30.0000    0.0000 2620.2351   11.1467
   -7.5000   37.5000    0.0000 2490.0051   12.3967
    0.0000   37.5000    0.0000 2514.1819   12.2110
    7.5000   37.5000    0.0000 2506.5918   12.2897
   -7.5000  -52.5000    7.5000 2768.8699    9.3299
    0.0000  -52.5000    7.5000 2784.6626    9.3401
    7.5000  -52.5000    7.5000 2771.4673    9.3102
   -7.5000  -45.0000    7.5000 2839.4316    8.8451
    0.0000  -45.0000    7.5000 2855.3965    8.8608
    7.5000  -45.0000    7.5000 2843.9321    8.8188
   -7.5000  -37.5000    7.5000 2892.7080    8.4883
    0.0000  -37.5000    7.5000 2909.8794    8.5048
    7.5000  -37.5000    7.5000 2898.6482    8.4532
   -7.5000  -30.0000    7.5000 2941.4949    8.2273
    0.0000  -30.0000    7.5000 2964.7888    8.2337
    7.5000  -30.0000    7.5000 2950.7278    8.1965
   -7.5000  -22.5000    7.5000 2981.1404    8.1166
    0.0000  -22.5000    7.5000 3016.3347    8.1114
    7.5000  -22.5000    7.5000 2995.3728    8.0737
   -7.5000  -15.0000    7.5000 2996.3435    8.1184
    0.0000  -15.0000    7.5000 3046.9438    8.0974
    7.5000  -15.0000    7.5000 3018.5518    8.0686
   -7.5000   -7.5000    7.5000 2979.7068    8.1195
    0.0000   -7.5000    7.5000 3023.7007    8.0405
    7.5000   -7.5000    7.5000 2994.1003    8.0879
   -7.5000    0.0000    7.5000 2943.9009    8.2867
    0.0000    0.0000    7.5000 2969.9431    8.1994
    7.5000    0.0000    7.5000 2952.6001    8.2487
   -7.5000    7.5000    7.5000 2894.2212    8.6707
    0.0000    7.5000    7.5000 2920.3501    8.5700
    7.5000    7.5000    7.5000 2912.1619    8.6207
   -7.5000   15.0000    7.5000 2830.6753    9.2114
    0.0000   15.0000    7.5000 2861.7385    9.1000
    7.5000   15.0000    7.5000 2852.0493    9.1513
   -7.5000   22.5000    7.5000 2748.9351    9.9501
    0.0000   22.5000    7.5000 2780.5662    9.8351
    7.5000   22.5000    7.5000 2769.9934    9.8924
   -7.5000   30.0000    7.5000 2639.9731   10.8901
    0.0000   30.0000    7.5000 2668.3621   10.7741
    7.5000   30.0000    7.5000 2657.8782   10.8405
   -7.5000   37.5000    7.5000 2527.0127   12.0246
    0.0000   37.5000    7.5000 2554.8479   11.9010
    7.5000   37.5000    7.5000 2545.4685   11.9599
   -7.5000  -52.5000   15.0000 2776.2102    9.2657
    0.0000  -52.5000   15.0000 2791.8779    9.3037
    7.5000  -52.5000   15.0000 2781.1013    9.2548
   -7.5000  -45.0000   15.0000 2844.3174    8.7901
    0.0000  -45.0000   15.0000 2863.8428    8.8232
    7.5000  -45.0000   15.0000 2851.7979    8.7759
   -7.5000  -37.5000   15.0000 2905.1189    8.4429
    0.0000  -37.5000   15.0000 2930.1421    8.4696
    7.5000  -37.5000   15.0000 2914.6248    8.4138
   -7.5000  -30.0000   15.0000 2966.3838    8.1693
    0.0000  -30.0000   15.0000 2999.2090    8.1871
    7.5000  -30.0000   15.0000 2975.6489    8.1377
   -7.5000  -22.5000   15.0000 3014.0898    8.0491
    0.0000  -22.5000   15.0000 3065.9727    8.0904
    7.5000  -22.5000   15.0000 3031.9385    8.0245
   -7.5000  -15.0000   15.0000 3023.7783    8.0397
    0.0000  -15.0000   15.0000 3089.6047    8.1505
    7.5000  -15.0000   15.0000 3053.1033    8.0163
   -7.5000   -7.5000   15.0000 3000.6909    7.9516
    0.0000   -7.5000   15.0000 3050.1597    7.9718
    7.5000   -7.5000   15.0000 3018.1963    7.9285
   -7.5000    0.0000   15.0000 2966.5515    8.0527
    0.0000    0.0000   15.0000 2993.6848    7.9717
    7.5000    0.0000   15.0000 2973.2722    8.0288
   -7.5000    7.5000   15.0000 2921.4695    8.4404
    0.0000    7.5000   15.0000 2948.5520    8.3204
    7.5000    7.5000   15.0000 2933.7937    8.3952
   -7.5000   15.0000   15.0000 2851.7302    9.0150
    0.0000   15.0000   15.0000 2884.3071    8.8893
    7.5000   15.0000   15.0000 2872.5835    8.9606
   -7.5000   22.5000   15.0000 2769.2773    9.7620
    0.0000   22.5000   15.0000 2799.2761    9.6343
    7.5000   22.5000   15.0000 2791.2795    9.7187
   -7.5000   30.0000   15.0000 2660.1235   10.6973
    0.0000   30.0000   15.0000 2683.3066   10.5689
    7.5000   30.0000   15.0000 2677.3735   10.6424
   -7.5000   37.5000   15.0000 2544.2156   11.8229
    0.0000   37.5000   15.0000 2570.5264   11.6869
    7.5000   37.5000   15.0000 2561.0259   11.7527
   -7.5000  -52.5000   22.5000 2780.1780    9.3408
    0.0000  -52.5000   22.5000 2794.0435    9.3480
    7.5000  -52.5000   22.5000 2779.8958    9.3081
   -7.5000  -45.0000   22.5000 2849.2644    8.8458
    0.0000  -45.0000   22.5000 2866.6843    8.8457
    7.5000  -45.0000   22.5000 2856.7131    8.8047
   -7.5000  -37.5000   22.5000 2911.1484    8.4883
    0.0000  -37.5000   22.5000 2934.8188    8.4823
    7.5000  -37.5000   22.5000 2921.2874    8.4358
   -7.5000  -30.0000   22.5000 2967.7502    8.2185
    0.0000  -30.0000   22.5000 3006.8506    8.1927
    7.5000  -30.0000   22.5000 2980.6836    8.1592
   -7.5000  -22.5000   22.5000 3022.5698    8.0805
    0.0000  -22.5000   22.5000 3090.5566    8.0901
    7.5000  -22.5000   22.5000 3043.8462    8.0186
   -7.5000  -15.0000   22.5000 3022.3171    7.9916
    0.0000  -15.0000   22.5000 3094.5349    8.0745
    7.5000  -15.0000   22.5000 3049.9822    7.9496
   -7.5000   -7.5000   22.5000 2996.4753    7.9264
    0.0000   -7.5000   22.5000 3036.3271    7.8879
    7.5000   -7.5000   22.5000 3010.4495    7.8726
   -7.5000    0.0000   22.5000 2965.9751    8.0853
    0.0000    0.0000   22.5000 2993.9272    7.9754
    7.5000    0.0000   22.5000 2976.2827    8.0394
   -7.5000    7.5000   22.5000 2923.8843    8.4204
    0.0000    7.5000   22.5000 2952.9226    8.3047
    7.5000    7.5000   22.5000 2936.8723    8.3889
   -7.5000   15.0000   22.5000 2856.2917    8.9488
    0.0000   15.0000   22.5000 2883.4553    8.8383
    7.5000   15.0000   22.5000 2871.2830    8.9115
   -7.5000   22.5000   22.5000 2774.1699    9.6802
    0.0000   22.5000   22.5000 2792.1167    9.5602
    7.5000   22.5000   22.5000 2792.2202    9.6350
   -7.5000   30.0000   22.5000 2665.5078   10.6178
    0.0000   30.0000   22.5000 2684.5591   10.4663
    7.5000   30.0000   22.5000 2682.0608   10.5427
   -7.5000   37.5000   22.5000 2547.1313   11.7427
    0.0000   37.5000   22.5000 2572.6870   11.5676
    7.5000   37.5000   22.5000 2566.1555   11.6419
   -7.5000  -52.5000   30.0000 2773.4180    9.4337
    0.0000  -52.5000   30.0000 2786.7837    9.4067
    7.5000  -52.5000   30.0000 2773.7761    9.3654
   -7.5000  -45.0000   30.0000 2845.3967    8.9250
    0.0000  -45.0000   30.0000 2865.2173    8.8877
    7.5000  -45.0000   30.0000 2853.3486    8.8465
   -7.5000  -37.5000   30.0000 2902.8025    8.5541
    0.0000  -37.5000   30.0000 2926.1968    8.5208
    7.5000  -37.5000   30.0000 2913.3381    8.4679
   -7.5000  -30.0000   30.0000 2952.8516    8.2728
    0.0000  -30.0000   30.0000 2989.8140    8.2528
    7.5000  -30.0000   30.0000 2967.4785    8.1994
   -7.5000  -22.5000   30.0000 2995.5569    8.0990
    0.0000  -22.5000   30.0000 3048.5002    8.1225
    7.5000  -22.5000   30.0000 3016.5171    8.0481
   -7.5000  -15.0000   30.0000 2990.4224    8.0161
    0.0000  -15.0000   30.0000 3037.8157    7.9873
    7.5000  -15.0000   30.0000 3010.2622    7.9515
   -7.5000   -7.5000   30.0000 2977.2188    8.0168
    0.0000   -7.5000   30.0000 3007.5554    7.9002
    7.5000   -7.5000   30.0000 2985.8772    7.9373
   -7.5000    0.0000   30.0000 2949.6118    8.2314
    0.0000    0.0000   30.0000 2977.6404    8.0983
    7.5000    0.0000   30.0000 2962.1047    8.1569
   -7.5000    7.5000   30.0000 2903.1086    8.5796
    0.0000    7.5000   30.0000 2930.5876    8.4437
    7.5000    7.5000   30.0000 2919.9172    8.5167
   -7.5000   15.0000   30.0000 2842.6362    9.0757
    0.0000   15.0000   30.0000 2863.4272    8.9565
    7.5000   15.0000   30.0000 2853.1382    9.0398
   -7.5000   22.5000   30.0000 2760.3640    9.7663
    0.0000   22.5000   30.0000 2776.4658    9.6419
    7.5000   22.5000   30.0000 2770.1782    9.7161
   -7.5000   30.0000   30.0000 2651.2717   10.6747
    0.0000   30.0000   30.0000 2670.1750   10.5193
    7.5000   30.0000   30.0000 2663.2749   10.5980
   -7.5000   37.5000   30.0000 2532.8762   11.7690
    0.0000   37.5000   30.0000 2552.9688   11.6034
    7.5000   37.5000   30.0000 2548.9316   11.6698
   -7.5000  -52.5000   37.5000 2761.1873    9.6126
    0.0000  -52.5000   37.5000 2772.8223    9.5527
    7.5000  -52.5000   37.5000 2760.7463    9.5212
   -7.5000  -45.0000   37.5000 2832.5757    9.1089
    0.0000  -45.0000   37.5000 2845.4954    9.0393
    7.5000  -45.0000   37.5000 2834.9143    9.0084
   -7.5000  -37.5000   37.5000 2882.2593    8.7457
    0.0000  -37.5000   37.5000 2901.5625    8.7031
    7.5000  -37.5000   37.5000 2889.4956    8.6567
   -7.5000  -30.0000   37.5000 2927.2480    8.4545
    0.0000  -30.0000   37.5000 2953.5703    8.4490
    7.5000  -30.0000   37.5000 2937.1064    8.3947
   -7.5000  -22.5000   37.5000 2956.8267    8.2749
    0.0000  -22.5000   37.5000 2988.0825    8.2829
    7.5000  -22.5000   37.5000 2967.0884    8.2214
   -7.5000  -15.0000   37.5000 2951.3892    8.2234
    0.0000  -15.0000   37.5000 2981.1216    8.1388
    7.5000  -15.0000   37.5000 2965.4717    8.1434
   -7.5000   -7.5000   37.5000 2941.8931    8.2776
    0.0000   -7.5000   37.5000 2969.4629    8.1528
    7.5000   -7.5000   37.5000 2950.6331    8.2045
   -7.5000    0.0000   37.5000 2914.9143    8.4946
    0.0000    0.0000   37.5000 2943.4746    8.3809
    7.5000    0.0000   37.5000 2927.8433    8.4351
   -7.5000    7.5000   37.5000 2869.0559    8.8283
    0.0000    7.5000   37.5000 2896.5186    8.7105
    7.5000    7.5000   37.5000 2884.8057    8.7672
   -7.5000   15.0000   37.5000 2809.5789    9.3208
    0.0000   15.0000   37.5000 2830.4746    9.1779
    7.5000   15.0000   37.5000 2821.1597    9.2576
   -7.5000   22.5000   37.5000 2725.9543   10.0095
    0.0000   22.5000   37.5000 2745.5771    9.8649
    7.5000   22.5000   37.5000 2737.3945    9.9455
   -7.5000   30.0000   37.5000 2617.3950   10.9049
    0.0000   30.0000   37.5000 2640.1768   10.7389
    7.5000   30.0000   37.5000 2630.6050   10.8144
   -7.5000   37.5000   37.5000 2496.0205   11.9865
    0.0000   37.5000   37.5000 2511.3513   11.8221
    7.5000   37.5000   37.5000 2510.3438   11.8937
   -7.5000  -52.5000   45.0000 2734.3318    9.8959
    0.0000  -52.5000   45.0000 2745.1479    9.8246
    7.5000  -52.5000   45.0000 2730.6704    9.8210
   -7.5000  -45.0000   45.0000 2805.6292    9.3987
    0.0000  -45.0000   45.0000 2818.2983    9.3270
    7.5000  -45.0000   45.0000 2807.7305    9.3048
   -7.5000  -37.5000   45.0000 2852.1868    9.0538
    0.0000  -37.5000   45.0000 2871.6147    9.0014
    7.5000  -37.5000   45.0000 2857.7566    8.9730
   -7.5000  -30.0000   45.0000 2886.9724    8.7571
    0.0000  -30.0000   45.0000 2908.2820    8.7255
    7.5000  -30.0000   45.0000 2892.2573    8.6908
   -7.5000  -22.5000   45.0000 2904.6951    8.5866
    0.0000  -22.5000   45.0000 2931.3130    8.5442
    7.5000  -22.5000   45.0000 2916.1594    8.5168
   -7.5000  -15.0000   45.0000 2899.2039    8.5609
    0.0000  -15.0000   45.0000 2928.5125    8.4699
    7.5000  -15.0000   45.0000 2911.6416    8.4893
   -7.5000   -7.5000   45.0000 2890.5017    8.6426
    0.0000   -7.5000   45.0000 2912.4250    8.5419
    7.5000   -7.5000   45.0000 2899.1082    8.5832
   -7.5000    0.0000   45.0000 2863.5093    8.8808
    0.0000    0.0000   45.0000 2887.5315    8.7856
    7.5000    0.0000   45.0000 2875.5110    8.8261
   -7.5000    7.5000   45.0000 2821.8640    9.2088
    0.0000    7.5000   45.0000 2842.4099    9.1097
    7.5000    7.5000   45.0000 2833.4829    9.1494
   -7.5000   15.0000   45.0000 2761.0061    9.6950
    0.0000   15.0000   45.0000 2779.3667    9.5565
    7.5000   15.0000   45.0000 2772.5103    9.6225
   -7.5000   22.5000   45.0000 2678.1169   10.3802
    0.0000   22.5000   45.0000 2699.1760   10.2145
    7.5000   22.5000   45.0000 2692.9753   10.2875
   -7.5000   30.0000   45.0000 2564.7710   11.2702
    0.0000   30.0000   45.0000 2584.3081   11.1143
    7.5000   30.0000   45.0000 2583.7224   11.1944
   -7.5000   37.5000   45.0000 2436.9905   12.3703
    0.0000   37.5000   45.0000 2450.4988   12.2052
    7.5000   37.5000   45.0000 2456.5537   12.2737
   -7.5000  -52.5000   52.5000 2700.0305   10.3066
    0.0000  -52.5000   52.5000 2706.5564   10.1890
    7.5000  -52.5000   52.5000 2696.4158   10.2186
   -7.5000  -45.0000   52.5000 2767.5364    9.7902
    0.0000  -45.0000   52.5000 2780.6362    9.6849
    7.5000  -45.0000   52.5000 2770.3142    9.6921
   -7.5000  -37.5000   52.5000 2810.5234    9.4403
    0.0000  -37.5000   52.5000 2828.3562    9.3460
    7.5000  -37.5000   52.5000 2816.4421    9.3558
   -7.5000  -30.0000   52.5000 2838.9058    9.1523
    0.0000  -30.0000   52.5000 2862.4983    9.0732
    7.5000  -30.0000   52.5000 2849.1179    9.0636
   -7.5000  -22.5000   52.5000 2851.4534    8.9898
    0.0000  -22.5000   52.5000 2878.3953    8.8991
    7.5000  -22.5000   52.5000 2863.3477    8.9197
   -7.5000  -15.0000   52.5000 2840.9846    8.9868
    0.0000  -15.0000   52.5000 2867.6189    8.8860
    7.5000  -15.0000   52.5000 2850.5732    8.9352
   -7.5000   -7.5000   52.5000 2829.4524    9.1081
    0.0000   -7.5000   52.5000 2846.3291    8.9972
    7.5000   -7.5000   52.5000 2834.2222    9.0602
   -7.5000    0.0000   52.5000 2801.8135    9.3460
    0.0000    0.0000   52.5000 2822.7268    9.2399
    7.5000    0.0000   52.5000 2811.1406    9.2878
   -7.5000    7.5000   52.5000 2759.4705    9.6757
    0.0000    7.5000   52.5000 2775.7903    9.5728
    7.5000    7.5000   52.5000 2772.5178    9.6168
   -7.5000   15.0000   52.5000 2696.7625   10.1556
    0.0000   15.0000   52.5000 2716.4961   10.0274
    7.5000   15.0000   52.5000 2712.1494   10.0916
   -7.5000   22.5000   52.5000 2615.1951   10.8405
    0.0000   22.5000   52.5000 2635.7483   10.6828
    7.5000   22.5000   52.5000 2630.1084   10.7700
   -7.5000   30.0000   52.5000 2497.9297   11.7321
    0.0000   30.0000   52.5000 2518.1335   11.5912
    7.5000   30.0000   52.5000 2516.0801   11.6795
   -7.5000   37.5000   52.5000 2372.1362   12.8370
    0.0000   37.5000   52.5000 2390.4514   12.6919
    7.5000   37.5000   52.5000 2389.3086   12.7615

---------------------------------------------------------------------
imgreg_4dfp /local_raid1/01_software/freesurfer//average/711-2C_as_mni_average_305 /local_raid1/01_software/freesurfer//average/711-2B_as_mni_average_305_mask talsrcimg_g11 none talsrcimg_to_711-2C_as_mni_average_305_t4 1283
---------------------------------------------------------------------

freesurfer imgreg_4dfp.c
/local_raid1/01_software/freesurfer//average/711-2C_as_mni_average_305.4dfp.img
       256       256       256         1
  1.000000  1.000000  1.000000
orientation T byte_order littleendian
Reading image: /local_raid1/01_software/freesurfer//average/711-2C_as_mni_average_305.4dfp.img
dimensions:      256       256       256
mmppix:       1.0000   -1.0000   -1.0000
center:     128.0000 -129.0000 -129.0000
/local_raid1/01_software/freesurfer//average/711-2B_as_mni_average_305_mask.4dfp.img
       256       256       256         1
  1.000000  1.000000  1.000000
orientation T byte_order littleendian
Reading mask: /local_raid1/01_software/freesurfer//average/711-2B_as_mni_average_305_mask.4dfp.img (2306576 pixels)
talsrcimg_g11.4dfp.img
       256       256       256         1
  1.000000  1.000000  1.000000
orientation T byte_order littleendian
Reading image: talsrcimg_g11.4dfp.img
dimensions:      256       256       256
mmppix:       1.0000   -1.0000   -1.0000
center:     128.0000 -129.0000 -129.0000
rotation matrix determinant  1.000000
fimgreg.f
image alignment mode   1283 decimal      503 hex
parameters
    0.0000  -15.0000   22.5000    0.0000    0.0000    0.0000
eta,q 0.96988  8.10552
niter,ni,del,rscale     5    3   12.0000    1.2000
parameter  2  0.557854 ->  0.500000 qaram    1.1500
parameter  4 -0.596799 -> -0.500000 qaram    1.1500
parameters
    1.1877  -18.4500   20.3353    3.4500    0.3834    0.0276
eta,q 0.97486  8.11791
  0.0497  0.0290  0.0299  0.0327  0.0345  0.0312
  0.0418  0.0280  0.0278  0.0314  0.0303  0.0278
  0.0350  0.0285  0.0270  0.0296  0.0269  0.0256
  0.0307  0.0299  0.0279  0.0270  0.0252  0.0251
  0.0303  0.0332  0.0305  0.0253  0.0256  0.0262
  0.0335  0.0390  0.0347  0.0255  0.0284  0.0279
  0.0398  0.0456  0.0401  0.0273  0.0329  0.0307
niter,ni,del,rscale     6    3   12.0000    1.2000
parameters
    1.3392  -19.1632   20.8656    3.4968    0.3467    0.0244
eta,q 0.97529  8.12040
  0.0419  0.0362  0.0320  0.0324  0.0332  0.0312
  0.0340  0.0299  0.0290  0.0291  0.0291  0.0277
  0.0277  0.0255  0.0263  0.0257  0.0260  0.0253
  0.0251  0.0252  0.0248  0.0247  0.0247  0.0247
  0.0272  0.0285  0.0250  0.0263  0.0256  0.0259
  0.0326  0.0339  0.0269  0.0289  0.0290  0.0279
  0.0405  0.0412  0.0304  0.0320  0.0338  0.0308
niter,ni,del,rscale     5    3   12.0000    1.2000
parameters
    1.3288  -19.3231   20.9397    3.5811    0.3453    0.0093
eta,q 0.97533  8.12095
  0.0408  0.0381  0.0313  0.0325  0.0333  0.0312
  0.0330  0.0315  0.0284  0.0291  0.0292  0.0277
  0.0268  0.0263  0.0258  0.0257  0.0260  0.0253
  0.0247  0.0247  0.0247  0.0247  0.0247  0.0247
  0.0271  0.0273  0.0253  0.0262  0.0255  0.0259
  0.0329  0.0323  0.0276  0.0289  0.0289  0.0279
  0.0410  0.0392  0.0315  0.0319  0.0336  0.0309
niter,ni,del,rscale     4    3   12.0000    1.2000
parameters
    1.3238  -19.3738   20.9724    3.6230    0.3481    0.0022
eta,q 0.97534  8.12078
  0.0408  0.0385  0.0313  0.0325  0.0333  0.0312
  0.0330  0.0319  0.0283  0.0290  0.0292  0.0277
  0.0268  0.0265  0.0258  0.0256  0.0260  0.0253
  0.0247  0.0247  0.0247  0.0247  0.0247  0.0247
  0.0270  0.0271  0.0253  0.0263  0.0255  0.0259
  0.0329  0.0320  0.0277  0.0289  0.0289  0.0279
  0.0409  0.0389  0.0316  0.0320  0.0336  0.0309
registration optimization eta report
parameter search radius
    6.0000    6.9000    6.0000    6.9000    6.0000    6.0000
100000*second partial in parameter space
       44.       29.       19.       15.       24.       17.
  0.0408  0.0385  0.0313  0.0325  0.0333  0.0312
  0.0330  0.0319  0.0283  0.0290  0.0292  0.0277
  0.0268  0.0265  0.0258  0.0256  0.0260  0.0253
  0.0247  0.0247  0.0247  0.0247  0.0247  0.0247
  0.0270  0.0271  0.0253  0.0263  0.0255  0.0259
  0.0329  0.0320  0.0277  0.0289  0.0289  0.0279
  0.0409  0.0389  0.0316  0.0320  0.0336  0.0309
    1.3238  -19.3738   20.9724    3.6230    0.3481    0.0022
eta,q 0.97534  8.12078

---------------------------------------------------------------------
imgreg_4dfp /local_raid1/01_software/freesurfer//average/711-2C_as_mni_average_305 /local_raid1/01_software/freesurfer//average/711-2B_as_mni_average_305_mask talsrcimg_g11 none talsrcimg_to_711-2C_as_mni_average_305_t4 3335
---------------------------------------------------------------------

freesurfer imgreg_4dfp.c
/local_raid1/01_software/freesurfer//average/711-2C_as_mni_average_305.4dfp.img
       256       256       256         1
  1.000000  1.000000  1.000000
orientation T byte_order littleendian
Reading image: /local_raid1/01_software/freesurfer//average/711-2C_as_mni_average_305.4dfp.img
dimensions:      256       256       256
mmppix:       1.0000   -1.0000   -1.0000
center:     128.0000 -129.0000 -129.0000
/local_raid1/01_software/freesurfer//average/711-2B_as_mni_average_305_mask.4dfp.img
       256       256       256         1
  1.000000  1.000000  1.000000
orientation T byte_order littleendian
Reading mask: /local_raid1/01_software/freesurfer//average/711-2B_as_mni_average_305_mask.4dfp.img (2306576 pixels)
talsrcimg_g11.4dfp.img
       256       256       256         1
  1.000000  1.000000  1.000000
orientation T byte_order littleendian
Reading image: talsrcimg_g11.4dfp.img
dimensions:      256       256       256
mmppix:       1.0000   -1.0000   -1.0000
center:     128.0000 -129.0000 -129.0000
fimgreg.f
image alignment mode   3335 decimal      D07 hex
parameters
    1.3238  -19.3738   20.9724   -0.0018   -0.1999   -0.2017
   -0.0423   -0.6061    0.0039   -6.3191    0.6076    6.3190
eta,q 0.97433  8.11866
niter,ni,del,rscale     5    3    5.0000    1.2000
parameter  5 -0.532638 -> -0.500000 qaram    1.1500
parameter 12  0.725756 ->  0.500000 qaram    1.1500
parameters
    1.3351  -19.2247   21.8078    3.2640    3.9401   -1.6065
    0.5725   -0.1394   -0.1575   -6.9554   -1.3024    2.1790
eta,q 0.97712  8.25357
  0.0282  0.0276  0.0275  0.0284  0.0289  0.0250  0.0273  0.0279  0.0255  0.0258  0.0241  0.0229
  0.0269  0.0266  0.0267  0.0274  0.0274  0.0243  0.0255  0.0259  0.0245  0.0246  0.0237  0.0229
  0.0260  0.0259  0.0261  0.0264  0.0260  0.0238  0.0243  0.0244  0.0238  0.0238  0.0236  0.0231
  0.0257  0.0257  0.0257  0.0255  0.0248  0.0238  0.0237  0.0237  0.0236  0.0236  0.0236  0.0236
  0.0259  0.0258  0.0255  0.0249  0.0239  0.0243  0.0239  0.0238  0.0239  0.0240  0.0239  0.0243
  0.0268  0.0263  0.0256  0.0249  0.0238  0.0252  0.0248  0.0250  0.0246  0.0251  0.0245  0.0254
  0.0282  0.0271  0.0260  0.0259  0.0249  0.0269  0.0263  0.0271  0.0257  0.0268  0.0253  0.0268
niter,ni,del,rscale     6    3    5.0000    1.2000
parameters
    1.1866  -19.1903   20.9877    2.2922    3.8613   -0.2999
    1.2187    0.0223    0.2034   -6.2034   -1.3821   -0.1458
eta,q 0.97739  8.28936
  0.0259  0.0254  0.0233  0.0251  0.0266  0.0247  0.0262  0.0265  0.0249  0.0257  0.0237  0.0234
  0.0241  0.0240  0.0229  0.0240  0.0250  0.0237  0.0245  0.0246  0.0237  0.0243  0.0232  0.0228
  0.0231  0.0232  0.0227  0.0231  0.0236  0.0231  0.0233  0.0233  0.0230  0.0233  0.0228  0.0226
  0.0229  0.0229  0.0229  0.0227  0.0228  0.0228  0.0228  0.0228  0.0228  0.0228  0.0227  0.0227
  0.0235  0.0231  0.0234  0.0233  0.0230  0.0229  0.0230  0.0231  0.0229  0.0228  0.0228  0.0232
  0.0248  0.0239  0.0242  0.0249  0.0246  0.0231  0.0238  0.0243  0.0235  0.0235  0.0232  0.0240
  0.0266  0.0252  0.0253  0.0271  0.0273  0.0236  0.0252  0.0263  0.0245  0.0247  0.0237  0.0252
niter,ni,del,rscale     5    3    5.0000    1.2000
parameters
    1.2130  -18.9266   20.8013    2.2934    4.0624    0.1167
    1.2223    0.0250    0.2418   -5.7679   -1.6703   -0.9623
eta,q 0.97748  8.31596
  0.0260  0.0255  0.0237  0.0255  0.0267  0.0240  0.0255  0.0262  0.0245  0.0252  0.0234  0.0238
  0.0241  0.0240  0.0231  0.0243  0.0250  0.0231  0.0239  0.0242  0.0234  0.0238  0.0229  0.0230
  0.0230  0.0231  0.0227  0.0232  0.0235  0.0226  0.0229  0.0230  0.0228  0.0230  0.0226  0.0226
  0.0226  0.0226  0.0226  0.0226  0.0226  0.0225  0.0226  0.0226  0.0226  0.0226  0.0225  0.0225
  0.0230  0.0227  0.0228  0.0227  0.0227  0.0226  0.0229  0.0229  0.0228  0.0227  0.0227  0.0228
  0.0240  0.0233  0.0233  0.0239  0.0242  0.0228  0.0239  0.0242  0.0234  0.0234  0.0230  0.0234
  0.0258  0.0245  0.0242  0.0259  0.0269  0.0237  0.0255  0.0262  0.0244  0.0247  0.0236  0.0244
niter,ni,del,rscale     4    3    5.0000    1.2000
parameters
    1.2148  -18.8354   20.6463    2.3605    4.2126    0.1685
    1.2281    0.0405    0.2894   -5.6139   -1.7474   -1.3341
eta,q 0.97753  8.32595
  0.0258  0.0251  0.0237  0.0255  0.0267  0.0238  0.0254  0.0261  0.0244  0.0249  0.0234  0.0239
  0.0240  0.0238  0.0230  0.0243  0.0250  0.0229  0.0239  0.0242  0.0234  0.0236  0.0229  0.0231
  0.0229  0.0229  0.0226  0.0232  0.0235  0.0225  0.0228  0.0229  0.0227  0.0228  0.0226  0.0226
  0.0225  0.0225  0.0225  0.0225  0.0225  0.0225  0.0225  0.0225  0.0225  0.0225  0.0225  0.0225
  0.0229  0.0227  0.0227  0.0226  0.0227  0.0225  0.0228  0.0228  0.0227  0.0227  0.0226  0.0227
  0.0240  0.0235  0.0232  0.0238  0.0242  0.0227  0.0238  0.0241  0.0233  0.0235  0.0229  0.0232
  0.0258  0.0248  0.0241  0.0259  0.0270  0.0239  0.0254  0.0261  0.0244  0.0248  0.0235  0.0242
niter,ni,del,rscale     3    3    5.0000    1.2000
parameters
    1.2117  -18.7933   20.5672    2.3761    4.2841    0.2036
    1.2269    0.0455    0.3097   -5.5455   -1.7768   -1.5154
eta,q 0.97754  8.33078
  0.0258  0.0250  0.0237  0.0255  0.0267  0.0237  0.0254  0.0261  0.0244  0.0249  0.0234  0.0239
  0.0239  0.0236  0.0230  0.0243  0.0249  0.0229  0.0239  0.0241  0.0234  0.0236  0.0229  0.0231
  0.0228  0.0228  0.0226  0.0232  0.0234  0.0225  0.0228  0.0229  0.0227  0.0228  0.0226  0.0226
  0.0225  0.0225  0.0225  0.0225  0.0225  0.0225  0.0225  0.0225  0.0225  0.0225  0.0225  0.0225
  0.0229  0.0227  0.0226  0.0226  0.0227  0.0224  0.0228  0.0228  0.0227  0.0227  0.0226  0.0227
  0.0240  0.0235  0.0231  0.0239  0.0243  0.0226  0.0238  0.0241  0.0233  0.0235  0.0229  0.0232
  0.0258  0.0248  0.0239  0.0259  0.0271  0.0239  0.0254  0.0261  0.0244  0.0248  0.0234  0.0241
niter,ni,del,rscale     2    3    5.0000    1.2000
parameters
    1.2100  -18.7732   20.5286    2.3790    4.3187    0.2092
    1.2237    0.0457    0.3107   -5.5082   -1.7826   -1.5890
eta,q 0.97755  8.33263
  0.0258  0.0250  0.0237  0.0255  0.0267  0.0237  0.0254  0.0261  0.0244  0.0249  0.0234  0.0240
  0.0239  0.0236  0.0230  0.0243  0.0249  0.0229  0.0239  0.0241  0.0233  0.0235  0.0229  0.0231
  0.0228  0.0228  0.0226  0.0231  0.0234  0.0225  0.0228  0.0229  0.0227  0.0228  0.0226  0.0226
  0.0225  0.0225  0.0225  0.0225  0.0225  0.0225  0.0225  0.0225  0.0225  0.0225  0.0225  0.0225
  0.0229  0.0227  0.0226  0.0226  0.0227  0.0224  0.0228  0.0228  0.0227  0.0227  0.0226  0.0226
  0.0240  0.0235  0.0231  0.0239  0.0243  0.0226  0.0238  0.0241  0.0234  0.0236  0.0229  0.0231
  0.0258  0.0249  0.0239  0.0259  0.0272  0.0239  0.0254  0.0261  0.0244  0.0248  0.0234  0.0240
niter,ni,del,rscale     1    3    5.0000    1.2000
parameters
    1.2092  -18.7634   20.5136    2.3802    4.3324    0.2223
    1.2242    0.0490    0.3150   -5.4933   -1.7867   -1.6233
eta,q 0.97755  8.33377
  0.0258  0.0249  0.0237  0.0255  0.0267  0.0237  0.0254  0.0261  0.0244  0.0248  0.0234  0.0240
  0.0239  0.0236  0.0230  0.0243  0.0249  0.0229  0.0239  0.0241  0.0233  0.0235  0.0229  0.0231
  0.0228  0.0228  0.0226  0.0231  0.0234  0.0225  0.0228  0.0229  0.0227  0.0227  0.0226  0.0226
  0.0225  0.0225  0.0225  0.0225  0.0225  0.0225  0.0225  0.0225  0.0225  0.0225  0.0225  0.0225
  0.0229  0.0227  0.0226  0.0226  0.0227  0.0224  0.0228  0.0228  0.0227  0.0227  0.0226  0.0226
  0.0240  0.0236  0.0230  0.0239  0.0243  0.0226  0.0238  0.0241  0.0233  0.0236  0.0229  0.0231
  0.0258  0.0249  0.0238  0.0259  0.0272  0.0239  0.0254  0.0261  0.0244  0.0248  0.0234  0.0240
registration optimization eta report
parameter search radius
    2.4000    2.4000    2.4000    7.2000    8.2800    7.2000
    7.2000    7.2000    7.2000    7.2000    7.2000    8.2800
100000*second partial in parameter space
       58.       43.       23.        6.        6.        3.
        6.        7.        4.        5.        2.        2.
  0.0258  0.0249  0.0237  0.0255  0.0267  0.0237  0.0254  0.0261  0.0244  0.0248  0.0234  0.0240
  0.0239  0.0236  0.0230  0.0243  0.0249  0.0229  0.0239  0.0241  0.0233  0.0235  0.0229  0.0231
  0.0228  0.0228  0.0226  0.0231  0.0234  0.0225  0.0228  0.0229  0.0227  0.0227  0.0226  0.0226
  0.0225  0.0225  0.0225  0.0225  0.0225  0.0225  0.0225  0.0225  0.0225  0.0225  0.0225  0.0225
  0.0229  0.0227  0.0226  0.0226  0.0227  0.0224  0.0228  0.0228  0.0227  0.0227  0.0226  0.0226
  0.0240  0.0236  0.0230  0.0239  0.0243  0.0226  0.0238  0.0241  0.0233  0.0236  0.0229  0.0231
  0.0258  0.0249  0.0238  0.0259  0.0272  0.0239  0.0254  0.0261  0.0244  0.0248  0.0234  0.0240
    1.2092  -18.7634   20.5136    2.3802    4.3324    0.2223
    1.2242    0.0490    0.3150   -5.4933   -1.7867   -1.6233
eta,q 0.97755  8.33377

---------------------------------------------------------------------
imgreg_4dfp /local_raid1/01_software/freesurfer//average/711-2C_as_mni_average_305 /local_raid1/01_software/freesurfer//average/711-2B_as_mni_average_305_mask talsrcimg_g11 none talsrcimg_to_711-2C_as_mni_average_305_t4 2311
---------------------------------------------------------------------

freesurfer imgreg_4dfp.c
/local_raid1/01_software/freesurfer//average/711-2C_as_mni_average_305.4dfp.img
       256       256       256         1
  1.000000  1.000000  1.000000
orientation T byte_order littleendian
Reading image: /local_raid1/01_software/freesurfer//average/711-2C_as_mni_average_305.4dfp.img
dimensions:      256       256       256
mmppix:       1.0000   -1.0000   -1.0000
center:     128.0000 -129.0000 -129.0000
/local_raid1/01_software/freesurfer//average/711-2B_as_mni_average_305_mask.4dfp.img
       256       256       256         1
  1.000000  1.000000  1.000000
orientation T byte_order littleendian
Reading mask: /local_raid1/01_software/freesurfer//average/711-2B_as_mni_average_305_mask.4dfp.img (2306576 pixels)
talsrcimg_g11.4dfp.img
       256       256       256         1
  1.000000  1.000000  1.000000
orientation T byte_order littleendian
Reading image: talsrcimg_g11.4dfp.img
dimensions:      256       256       256
mmppix:       1.0000   -1.0000   -1.0000
center:     128.0000 -129.0000 -129.0000
fimgreg.f
image alignment mode   2311 decimal      907 hex
parameters
    1.2092  -18.7634   20.5136    2.3803    4.3324    0.2223
    1.2242    0.0490    0.3150   -5.4933   -1.7867   -1.6233
eta,q 0.97755  8.33377
niter,ni,del,rscale     5    3    5.0000    0.8000
parameters
    1.1903  -18.7543   20.5446    2.8230    4.8293    1.1867
    1.1297    0.1620    0.2762   -5.4714   -1.8841   -2.0980
eta,q 0.97769  8.39735
  0.0239  0.0236  0.0231  0.0243  0.0244  0.0228  0.0238  0.0241  0.0233  0.0235  0.0228  0.0228
  0.0231  0.0230  0.0227  0.0235  0.0235  0.0225  0.0230  0.0232  0.0227  0.0229  0.0225  0.0225
  0.0226  0.0226  0.0225  0.0228  0.0228  0.0223  0.0225  0.0226  0.0224  0.0225  0.0224  0.0223
  0.0225  0.0225  0.0225  0.0224  0.0224  0.0223  0.0223  0.0223  0.0223  0.0223  0.0223  0.0223
  0.0226  0.0226  0.0225  0.0224  0.0224  0.0223  0.0225  0.0225  0.0224  0.0224  0.0224  0.0224
  0.0232  0.0229  0.0227  0.0229  0.0229  0.0223  0.0230  0.0230  0.0228  0.0228  0.0225  0.0226
  0.0240  0.0236  0.0230  0.0239  0.0238  0.0225  0.0239  0.0240  0.0233  0.0235  0.0228  0.0230
niter,ni,del,rscale     4    3    5.0000    0.7000
parameters
    1.1415  -18.7441   20.2338    2.9623    5.1169    1.3956
    1.1148    0.2230    0.2505   -5.4251   -1.7606   -2.6076
eta,q 0.97777  8.41868
  0.0235  0.0232  0.0226  0.0238  0.0239  0.0224  0.0234  0.0236  0.0230  0.0232  0.0226  0.0226
  0.0228  0.0227  0.0224  0.0231  0.0231  0.0223  0.0228  0.0229  0.0226  0.0227  0.0224  0.0224
  0.0224  0.0224  0.0223  0.0226  0.0226  0.0223  0.0224  0.0224  0.0223  0.0224  0.0223  0.0222
  0.0223  0.0223  0.0223  0.0223  0.0223  0.0223  0.0222  0.0222  0.0222  0.0222  0.0222  0.0222
  0.0225  0.0224  0.0224  0.0224  0.0223  0.0222  0.0224  0.0224  0.0223  0.0223  0.0223  0.0223
  0.0229  0.0227  0.0227  0.0228  0.0228  0.0222  0.0228  0.0228  0.0226  0.0226  0.0224  0.0225
  0.0236  0.0232  0.0230  0.0237  0.0236  0.0225  0.0234  0.0236  0.0230  0.0231  0.0226  0.0228
niter,ni,del,rscale     3    3    5.0000    0.6000
parameters
    1.1195  -18.6930   20.0837    3.0320    5.2728    2.2363
    1.0632    0.2921    0.1616   -5.4063   -1.6928   -3.0726
eta,q 0.97787  8.45526
  0.0231  0.0230  0.0225  0.0233  0.0234  0.0224  0.0230  0.0232  0.0227  0.0229  0.0225  0.0224
  0.0226  0.0226  0.0223  0.0228  0.0228  0.0223  0.0225  0.0227  0.0224  0.0225  0.0223  0.0222
  0.0223  0.0223  0.0222  0.0224  0.0224  0.0223  0.0222  0.0223  0.0222  0.0222  0.0222  0.0221
  0.0222  0.0222  0.0222  0.0222  0.0222  0.0222  0.0221  0.0221  0.0221  0.0221  0.0221  0.0221
  0.0223  0.0223  0.0223  0.0223  0.0223  0.0221  0.0223  0.0222  0.0222  0.0222  0.0222  0.0222
  0.0227  0.0225  0.0224  0.0227  0.0226  0.0221  0.0226  0.0226  0.0224  0.0225  0.0223  0.0224
  0.0232  0.0229  0.0227  0.0234  0.0233  0.0223  0.0231  0.0232  0.0227  0.0229  0.0224  0.0226
niter,ni,del,rscale     2    3    5.0000    0.5000
parameters
    1.0883  -18.6527   19.9394    3.1072    5.4053    2.3408
    1.0507    0.3393    0.1025   -5.3324   -1.5834   -3.2998
eta,q 0.97790  8.46393
  0.0228  0.0227  0.0223  0.0230  0.0230  0.0223  0.0227  0.0229  0.0225  0.0227  0.0223  0.0223
  0.0224  0.0224  0.0222  0.0226  0.0226  0.0223  0.0224  0.0225  0.0223  0.0224  0.0222  0.0222
  0.0222  0.0222  0.0221  0.0223  0.0223  0.0222  0.0222  0.0222  0.0221  0.0222  0.0221  0.0221
  0.0221  0.0221  0.0221  0.0221  0.0221  0.0221  0.0221  0.0221  0.0221  0.0221  0.0221  0.0221
  0.0222  0.0222  0.0222  0.0222  0.0222  0.0221  0.0222  0.0222  0.0222  0.0222  0.0221  0.0221
  0.0225  0.0223  0.0223  0.0224  0.0224  0.0221  0.0224  0.0224  0.0223  0.0223  0.0222  0.0223
  0.0228  0.0226  0.0225  0.0230  0.0229  0.0224  0.0227  0.0229  0.0225  0.0226  0.0223  0.0224
niter,ni,del,rscale     1    3    5.0000    0.4000
parameters
    1.0777  -18.6281   19.8900    3.1606    5.4804    2.7414
    1.0380    0.3569    0.0478   -5.2844   -1.5002   -3.3979
eta,q 0.97794  8.47977
  0.0225  0.0224  0.0223  0.0227  0.0227  0.0223  0.0225  0.0226  0.0223  0.0225  0.0222  0.0222
  0.0223  0.0223  0.0222  0.0224  0.0224  0.0222  0.0222  0.0223  0.0222  0.0222  0.0221  0.0221
  0.0221  0.0221  0.0221  0.0222  0.0222  0.0222  0.0221  0.0221  0.0221  0.0221  0.0221  0.0221
  0.0221  0.0221  0.0221  0.0221  0.0221  0.0221  0.0221  0.0221  0.0221  0.0221  0.0221  0.0221
  0.0221  0.0221  0.0221  0.0221  0.0221  0.0221  0.0221  0.0221  0.0221  0.0221  0.0221  0.0221
  0.0223  0.0222  0.0222  0.0223  0.0223  0.0221  0.0223  0.0223  0.0222  0.0222  0.0221  0.0222
  0.0225  0.0224  0.0223  0.0227  0.0226  0.0223  0.0225  0.0226  0.0224  0.0224  0.0222  0.0223
registration optimization eta report
parameter search radius
    0.8000    0.8000    0.8000    2.4000    2.4000    2.4000
    2.4000    2.4000    2.4000    2.4000    2.4000    2.4000
100000*second partial in parameter space
       67.       50.       30.       10.       10.        3.
        7.        9.        5.        7.        3.        3.
  0.0225  0.0224  0.0223  0.0227  0.0227  0.0223  0.0225  0.0226  0.0223  0.0225  0.0222  0.0222
  0.0223  0.0223  0.0222  0.0224  0.0224  0.0222  0.0222  0.0223  0.0222  0.0222  0.0221  0.0221
  0.0221  0.0221  0.0221  0.0222  0.0222  0.0222  0.0221  0.0221  0.0221  0.0221  0.0221  0.0221
  0.0221  0.0221  0.0221  0.0221  0.0221  0.0221  0.0221  0.0221  0.0221  0.0221  0.0221  0.0221
  0.0221  0.0221  0.0221  0.0221  0.0221  0.0221  0.0221  0.0221  0.0221  0.0221  0.0221  0.0221
  0.0223  0.0222  0.0222  0.0223  0.0223  0.0221  0.0223  0.0223  0.0222  0.0222  0.0221  0.0222
  0.0225  0.0224  0.0223  0.0227  0.0226  0.0223  0.0225  0.0226  0.0224  0.0224  0.0222  0.0223
    1.0777  -18.6281   19.8900    3.1606    5.4804    2.7414
    1.0380    0.3569    0.0478   -5.2844   -1.5002   -3.3979
eta,q 0.97794  8.47977

---------------------------------------------------------------------
imgreg_4dfp /local_raid1/01_software/freesurfer//average/711-2C_as_mni_average_305 /local_raid1/01_software/freesurfer//average/711-2B_as_mni_average_305_mask talsrcimg_g11 none talsrcimg_to_711-2C_as_mni_average_305_t4 2311
---------------------------------------------------------------------

freesurfer imgreg_4dfp.c
/local_raid1/01_software/freesurfer//average/711-2C_as_mni_average_305.4dfp.img
       256       256       256         1
  1.000000  1.000000  1.000000
orientation T byte_order littleendian
Reading image: /local_raid1/01_software/freesurfer//average/711-2C_as_mni_average_305.4dfp.img
dimensions:      256       256       256
mmppix:       1.0000   -1.0000   -1.0000
center:     128.0000 -129.0000 -129.0000
/local_raid1/01_software/freesurfer//average/711-2B_as_mni_average_305_mask.4dfp.img
       256       256       256         1
  1.000000  1.000000  1.000000
orientation T byte_order littleendian
Reading mask: /local_raid1/01_software/freesurfer//average/711-2B_as_mni_average_305_mask.4dfp.img (2306576 pixels)
talsrcimg_g11.4dfp.img
       256       256       256         1
  1.000000  1.000000  1.000000
orientation T byte_order littleendian
Reading image: talsrcimg_g11.4dfp.img
dimensions:      256       256       256
mmppix:       1.0000   -1.0000   -1.0000
center:     128.0000 -129.0000 -129.0000
fimgreg.f
image alignment mode   2311 decimal      907 hex
parameters
    1.0777  -18.6281   19.8900    3.1606    5.4804    2.7414
    1.0380    0.3569    0.0478   -5.2844   -1.5002   -3.3979
eta,q 0.97794  8.47977
niter,ni,del,rscale     5    3    5.0000    0.8000
parameters
    1.0963  -18.6388   19.8951    2.8531    5.3024    1.4966
    1.2212    0.2184    0.0521   -5.2693   -1.5283   -3.1421
eta,q 0.97780  8.42737
  0.0238  0.0233  0.0229  0.0238  0.0239  0.0224  0.0239  0.0239  0.0232  0.0235  0.0227  0.0229
  0.0228  0.0226  0.0224  0.0230  0.0231  0.0224  0.0230  0.0230  0.0227  0.0228  0.0224  0.0225
  0.0222  0.0222  0.0221  0.0223  0.0224  0.0222  0.0224  0.0224  0.0223  0.0223  0.0223  0.0223
  0.0221  0.0221  0.0221  0.0221  0.0221  0.0221  0.0222  0.0222  0.0222  0.0222  0.0222  0.0222
  0.0223  0.0222  0.0222  0.0223  0.0223  0.0222  0.0224  0.0224  0.0223  0.0224  0.0223  0.0223
  0.0228  0.0226  0.0224  0.0232  0.0231  0.0227  0.0228  0.0231  0.0227  0.0228  0.0224  0.0224
  0.0237  0.0234  0.0228  0.0245  0.0244  0.0239  0.0236  0.0242  0.0232  0.0234  0.0227  0.0227
niter,ni,del,rscale     4    3    5.0000    0.7000
parameters
    1.1130  -18.6217   19.9836    2.9307    5.3070    1.5266
    1.1663    0.2372    0.0887   -5.3001   -1.5962   -3.1274
eta,q 0.97781  8.42911
  0.0235  0.0232  0.0228  0.0237  0.0237  0.0224  0.0234  0.0236  0.0230  0.0231  0.0226  0.0227
  0.0228  0.0226  0.0225  0.0230  0.0230  0.0224  0.0227  0.0229  0.0225  0.0226  0.0224  0.0224
  0.0223  0.0223  0.0223  0.0225  0.0224  0.0223  0.0223  0.0224  0.0223  0.0223  0.0222  0.0222
  0.0222  0.0222  0.0222  0.0222  0.0222  0.0222  0.0222  0.0222  0.0222  0.0222  0.0222  0.0222
  0.0223  0.0223  0.0222  0.0223  0.0223  0.0221  0.0224  0.0223  0.0223  0.0223  0.0222  0.0222
  0.0228  0.0226  0.0224  0.0228  0.0229  0.0222  0.0228  0.0228  0.0225  0.0226  0.0224  0.0224
  0.0234  0.0231  0.0226  0.0237  0.0238  0.0226  0.0234  0.0236  0.0230  0.0231  0.0226  0.0226
niter,ni,del,rscale     3    3    5.0000    0.6000
parameters
    1.1056  -18.6300   19.9777    3.0184    5.3555    2.1658
    1.1070    0.2880    0.0799   -5.3138   -1.5807   -3.2534
eta,q 0.97788  8.45497
  0.0231  0.0229  0.0226  0.0233  0.0233  0.0224  0.0230  0.0232  0.0227  0.0229  0.0224  0.0225
  0.0226  0.0225  0.0224  0.0228  0.0228  0.0223  0.0225  0.0226  0.0224  0.0225  0.0223  0.0223
  0.0223  0.0223  0.0222  0.0224  0.0224  0.0223  0.0222  0.0223  0.0222  0.0222  0.0222  0.0221
  0.0222  0.0222  0.0222  0.0222  0.0222  0.0222  0.0221  0.0221  0.0221  0.0221  0.0221  0.0221
  0.0223  0.0223  0.0222  0.0223  0.0223  0.0221  0.0222  0.0222  0.0222  0.0222  0.0222  0.0222
  0.0226  0.0225  0.0224  0.0226  0.0227  0.0221  0.0226  0.0226  0.0224  0.0225  0.0223  0.0223
  0.0231  0.0229  0.0226  0.0233  0.0234  0.0224  0.0230  0.0232  0.0227  0.0229  0.0224  0.0225
niter,ni,del,rscale     2    3    5.0000    0.5000
parameters
    1.0832  -18.6261   19.9075    3.1034    5.4316    2.3981
    1.0738    0.3268    0.0647   -5.2978   -1.5459   -3.3721
eta,q 0.97791  8.46641
  0.0228  0.0226  0.0224  0.0230  0.0230  0.0223  0.0227  0.0229  0.0225  0.0226  0.0223  0.0223
  0.0224  0.0223  0.0222  0.0226  0.0226  0.0223  0.0224  0.0225  0.0223  0.0223  0.0222  0.0222
  0.0222  0.0222  0.0221  0.0223  0.0223  0.0222  0.0222  0.0222  0.0221  0.0222  0.0221  0.0221
  0.0221  0.0221  0.0221  0.0221  0.0221  0.0221  0.0221  0.0221  0.0221  0.0221  0.0221  0.0221
  0.0222  0.0222  0.0222  0.0222  0.0222  0.0221  0.0222  0.0222  0.0221  0.0222  0.0221  0.0221
  0.0224  0.0223  0.0223  0.0224  0.0225  0.0221  0.0224  0.0224  0.0223  0.0223  0.0222  0.0222
  0.0228  0.0226  0.0224  0.0230  0.0230  0.0224  0.0227  0.0229  0.0225  0.0226  0.0223  0.0224
niter,ni,del,rscale     1    3    5.0000    0.4000
parameters
    1.0744  -18.6210   19.8832    3.1572    5.4797    2.7347
    1.0492    0.3523    0.0444   -5.2661   -1.5140   -3.4083
eta,q 0.97793  8.47956
  0.0225  0.0224  0.0223  0.0227  0.0227  0.0223  0.0225  0.0226  0.0223  0.0225  0.0222  0.0222
  0.0223  0.0222  0.0222  0.0224  0.0224  0.0222  0.0223  0.0223  0.0222  0.0222  0.0221  0.0221
  0.0221  0.0221  0.0221  0.0222  0.0222  0.0222  0.0221  0.0221  0.0221  0.0221  0.0221  0.0221
  0.0221  0.0221  0.0221  0.0221  0.0221  0.0221  0.0221  0.0221  0.0221  0.0221  0.0221  0.0221
  0.0221  0.0221  0.0221  0.0221  0.0221  0.0220  0.0221  0.0221  0.0221  0.0221  0.0221  0.0221
  0.0223  0.0222  0.0222  0.0223  0.0223  0.0221  0.0223  0.0223  0.0222  0.0222  0.0221  0.0221
  0.0225  0.0224  0.0223  0.0227  0.0227  0.0223  0.0225  0.0226  0.0223  0.0224  0.0222  0.0223
registration optimization eta report
parameter search radius
    0.8000    0.8000    0.8000    2.4000    2.4000    2.4000
    2.4000    2.4000    2.4000    2.4000    2.4000    2.4000
100000*second partial in parameter space
       67.       51.       30.       10.       10.        4.
        7.        9.        5.        7.        3.        3.
  0.0225  0.0224  0.0223  0.0227  0.0227  0.0223  0.0225  0.0226  0.0223  0.0225  0.0222  0.0222
  0.0223  0.0222  0.0222  0.0224  0.0224  0.0222  0.0223  0.0223  0.0222  0.0222  0.0221  0.0221
  0.0221  0.0221  0.0221  0.0222  0.0222  0.0222  0.0221  0.0221  0.0221  0.0221  0.0221  0.0221
  0.0221  0.0221  0.0221  0.0221  0.0221  0.0221  0.0221  0.0221  0.0221  0.0221  0.0221  0.0221
  0.0221  0.0221  0.0221  0.0221  0.0221  0.0220  0.0221  0.0221  0.0221  0.0221  0.0221  0.0221
  0.0223  0.0222  0.0222  0.0223  0.0223  0.0221  0.0223  0.0223  0.0222  0.0222  0.0221  0.0221
  0.0225  0.0224  0.0223  0.0227  0.0227  0.0223  0.0225  0.0226  0.0223  0.0224  0.0222  0.0223
    1.0744  -18.6210   19.8832    3.1572    5.4797    2.7347
    1.0492    0.3523    0.0444   -5.2661   -1.5140   -3.4083
eta,q 0.97793  8.47956

---------------------------------------------------------------------
compute_vox2vox talsrcimg talsrcimg_to_711-2C_as_mni_average_305_t4 /local_raid1/01_software/freesurfer//average/711-2C_as_mni_average_305
---------------------------------------------------------------------

freesurfer compute_vox2vox.c
Reading: talsrcimg.4dfp.ifh
Reading: talsrcimg_to_711-2C_as_mni_average_305_t4
Reading: /local_raid1/01_software/freesurfer//average/711-2C_as_mni_average_305.4dfp.ifh
Writing: talsrcimg_to_711-2C_as_mni_average_305_t4_vox2vox.txt

start time 2021. 07. 06. (화) 17:07:50 KST
end		time 2021. 07. 06. (화) 17:08:10 KST

mpr2mni305 success

avi2talxfm orig_nu.mgz /local_raid1/01_software/freesurfer//average/mni305.cor.mgz talsrcimg_to_711-2C_as_mni_average_305_t4_vox2vox.txt transforms/talairach.auto.xfm
avi2talxfm done
lta_convert --src orig_nu.mgz --trg /local_raid1/01_software/freesurfer//average/mni305.cor.mgz --inxfm transforms/talairach.auto.xfm --outlta transforms/talairach.auto.xfm.lta --subject fsaverage
7.1.0

--src: orig_nu.mgz src image (geometry).
--trg: /local_raid1/01_software/freesurfer//average/mni305.cor.mgz trg image (geometry).
--inmni: transforms/talairach.auto.xfm input MNI/XFM transform.
--outlta: transforms/talairach.auto.xfm.lta output LTA.
--s: fsaverage subject name
 LTA read, type : 1
 0.96934  -0.00383  -0.00977  -1.52206;
 0.01429   0.97494   0.03136  -2.36725;
 0.00031   0.04868   0.94962   0.04710;
 0.00000   0.00000   0.00000   1.00000;
setting subject to fsaverage
Writing  LTA to file transforms/talairach.auto.xfm.lta...
lta_convert successful.
 
 
Started at 2021. 07. 06. (화) 17:07:50 KST
Ended   at 2021. 07. 06. (화) 17:08:10 KST
talairach_avi done
